[0.007s] Invoking command in '/home/robot/ros2_ws/build/substation_sim': CMAKE_PREFIX_PATH=/opt/ros/humble /usr/bin/cmake /home/robot/ros2_ws/project1/ros2_ws/src/substation_sim -DCMAKE_INSTALL_PREFIX=/home/robot/ros2_ws/install/substation_sim
[0.187s] -- The C compiler identification is GNU 11.4.0
[0.286s] -- The CXX compiler identification is GNU 11.4.0
[0.292s] -- Detecting C compiler ABI info
[0.375s] -- Detecting C compiler ABI info - done
[0.383s] -- Check for working C compiler: /usr/bin/cc - skipped
[0.383s] -- Detecting C compile features
[0.384s] -- Detecting C compile features - done
[0.386s] -- Detecting CXX compiler ABI info
[0.470s] -- Detecting CXX compiler ABI info - done
[0.476s] -- Check for working CXX compiler: /usr/bin/c++ - skipped
[0.476s] -- Detecting CXX compile features
[0.476s] -- Detecting CXX compile features - done
[0.477s] -- Found ament_cmake: 1.3.13 (/opt/ros/humble/share/ament_cmake/cmake)
[0.616s] -- Found Python3: /usr/bin/python3 (found version "3.10.12") found components: Interpreter 
[0.729s] -- Configuring done
[0.730s] -- Generating done
[0.731s] -- Build files have been written to: /home/robot/ros2_ws/build/substation_sim
[0.734s] Invoked command in '/home/robot/ros2_ws/build/substation_sim' returned '0': CMAKE_PREFIX_PATH=/opt/ros/humble /usr/bin/cmake /home/robot/ros2_ws/project1/ros2_ws/src/substation_sim -DCMAKE_INSTALL_PREFIX=/home/robot/ros2_ws/install/substation_sim
[0.735s] Invoking command in '/home/robot/ros2_ws/build/substation_sim': CMAKE_PREFIX_PATH=/opt/ros/humble /usr/bin/cmake --build /home/robot/ros2_ws/build/substation_sim -- -j20 -l20
[0.769s] Invoked command in '/home/robot/ros2_ws/build/substation_sim' returned '0': CMAKE_PREFIX_PATH=/opt/ros/humble /usr/bin/cmake --build /home/robot/ros2_ws/build/substation_sim -- -j20 -l20
[0.770s] Invoking command in '/home/robot/ros2_ws/build/substation_sim': CMAKE_PREFIX_PATH=/opt/ros/humble /usr/bin/cmake --install /home/robot/ros2_ws/build/substation_sim
[0.778s] -- Install configuration: ""
[0.779s] -- Installing: /home/robot/ros2_ws/install/substation_sim/share/substation_sim/launch
[0.779s] -- Installing: /home/robot/ros2_ws/install/substation_sim/share/substation_sim/launch/road_collision_test.launch.py
[0.779s] -- Installing: /home/robot/ros2_ws/install/substation_sim/share/substation_sim/launch/slam.launch.py
[0.779s] -- Installing: /home/robot/ros2_ws/install/substation_sim/share/substation_sim/launch/multi_spawn.launch.py
[0.779s] -- Installing: /home/robot/ros2_ws/install/substation_sim/share/substation_sim/launch/simulation.launch.py
[0.779s] -- Installing: /home/robot/ros2_ws/install/substation_sim/share/substation_sim/launch/__pycache__
[0.779s] -- Installing: /home/robot/ros2_ws/install/substation_sim/share/substation_sim/launch/__pycache__/road_collision_test.launch.cpython-310.pyc
[0.779s] -- Installing: /home/robot/ros2_ws/install/substation_sim/share/substation_sim/launch/__pycache__/simulation.launch.cpython-310.pyc
[0.779s] -- Installing: /home/robot/ros2_ws/install/substation_sim/share/substation_sim/worlds
[0.779s] -- Installing: /home/robot/ros2_ws/install/substation_sim/share/substation_sim/worlds/substation.world
[0.780s] -- Installing: /home/robot/ros2_ws/install/substation_sim/share/substation_sim/worlds/road_collision_test.world
[0.780s] -- Installing: /home/robot/ros2_ws/install/substation_sim/share/substation_sim/urdf
[0.780s] -- Installing: /home/robot/ros2_ws/install/substation_sim/share/substation_sim/urdf/robot.urdf.xacro
[0.780s] -- Installing: /home/robot/ros2_ws/install/substation_sim/share/substation_sim/models
[0.780s] -- Installing: /home/robot/ros2_ws/install/substation_sim/share/substation_sim/models/transformer
[0.780s] -- Installing: /home/robot/ros2_ws/install/substation_sim/share/substation_sim/models/transformer/model.config
[0.780s] -- Installing: /home/robot/ros2_ws/install/substation_sim/share/substation_sim/models/transformer/model.sdf
[0.780s] -- Installing: /home/robot/ros2_ws/install/substation_sim/share/substation_sim/models/power_tower
[0.780s] -- Installing: /home/robot/ros2_ws/install/substation_sim/share/substation_sim/models/power_tower/model.config
[0.780s] -- Installing: /home/robot/ros2_ws/install/substation_sim/share/substation_sim/models/power_tower/model.sdf
[0.780s] -- Installing: /home/robot/ros2_ws/install/substation_sim/share/substation_sim/models/main_building
[0.781s] -- Installing: /home/robot/ros2_ws/install/substation_sim/share/substation_sim/models/main_building/model.config
[0.781s] -- Installing: /home/robot/ros2_ws/install/substation_sim/share/substation_sim/models/main_building/model.sdf
[0.781s] -- Installing: /home/robot/ros2_ws/install/substation_sim/share/substation_sim/models/insulator_row
[0.781s] -- Installing: /home/robot/ros2_ws/install/substation_sim/share/substation_sim/models/insulator_row/model.config
[0.781s] -- Installing: /home/robot/ros2_ws/install/substation_sim/share/substation_sim/models/insulator_row/model.sdf
[0.781s] -- Installing: /home/robot/ros2_ws/install/substation_sim/share/substation_sim/maps
[0.781s] -- Installing: /home/robot/ros2_ws/install/substation_sim/share/substation_sim/rviz
[0.781s] -- Installing: /home/robot/ros2_ws/install/substation_sim/share/substation_sim/scripts
[0.781s] -- Installing: /home/robot/ros2_ws/install/substation_sim/share/substation_sim/scripts/inspection_node.py
[0.781s] -- Installing: /home/robot/ros2_ws/install/substation_sim/share/substation_sim/config
[0.781s] -- Installing: /home/robot/ros2_ws/install/substation_sim/share/substation_sim/config/nav2_params.yaml
[0.781s] -- Installing: /home/robot/ros2_ws/install/substation_sim/share/ament_index/resource_index/package_run_dependencies/substation_sim
[0.781s] -- Installing: /home/robot/ros2_ws/install/substation_sim/share/ament_index/resource_index/parent_prefix_path/substation_sim
[0.781s] -- Installing: /home/robot/ros2_ws/install/substation_sim/share/substation_sim/environment/ament_prefix_path.sh
[0.781s] -- Installing: /home/robot/ros2_ws/install/substation_sim/share/substation_sim/environment/ament_prefix_path.dsv
[0.782s] -- Installing: /home/robot/ros2_ws/install/substation_sim/share/substation_sim/environment/path.sh
[0.782s] -- Installing: /home/robot/ros2_ws/install/substation_sim/share/substation_sim/environment/path.dsv
[0.782s] -- Installing: /home/robot/ros2_ws/install/substation_sim/share/substation_sim/local_setup.bash
[0.782s] -- Installing: /home/robot/ros2_ws/install/substation_sim/share/substation_sim/local_setup.sh
[0.782s] -- Installing: /home/robot/ros2_ws/install/substation_sim/share/substation_sim/local_setup.zsh
[0.782s] -- Installing: /home/robot/ros2_ws/install/substation_sim/share/substation_sim/local_setup.dsv
[0.782s] -- Installing: /home/robot/ros2_ws/install/substation_sim/share/substation_sim/package.dsv
[0.782s] -- Installing: /home/robot/ros2_ws/install/substation_sim/share/ament_index/resource_index/packages/substation_sim
[0.782s] -- Installing: /home/robot/ros2_ws/install/substation_sim/share/substation_sim/cmake/substation_simConfig.cmake
[0.782s] -- Installing: /home/robot/ros2_ws/install/substation_sim/share/substation_sim/cmake/substation_simConfig-version.cmake
[0.782s] -- Installing: /home/robot/ros2_ws/install/substation_sim/share/substation_sim/package.xml
[0.784s] Invoked command in '/home/robot/ros2_ws/build/substation_sim' returned '0': CMAKE_PREFIX_PATH=/opt/ros/humble /usr/bin/cmake --install /home/robot/ros2_ws/build/substation_sim
