[0.824s] DEBUG:colcon:Command line arguments: ['/usr/bin/colcon', 'build', '--packages-select', 'substation_sim', 'my_robot']
[0.824s] DEBUG:colcon:Parsed command line arguments: Namespace(log_base=None, log_level=None, verb_name='build', build_base='build', install_base='install', merge_install=False, symlink_install=False, test_result_base=None, continue_on_error=False, executor='parallel', parallel_workers=20, event_handlers=None, ignore_user_meta=False, metas=['./colcon.meta'], base_paths=['.'], packages_ignore=None, packages_ignore_regex=None, paths=None, packages_up_to=None, packages_up_to_regex=None, packages_above=None, packages_above_and_dependencies=None, packages_above_depth=None, packages_select_by_dep=None, packages_skip_by_dep=None, packages_skip_up_to=None, packages_select_build_failed=False, packages_skip_build_finished=False, packages_select_test_failures=False, packages_skip_test_passed=False, packages_select=['substation_sim', 'my_robot'], packages_skip=None, packages_select_regex=None, packages_skip_regex=None, packages_start=None, packages_end=None, allow_overriding=[], cmake_args=None, cmake_target=None, cmake_target_skip_unavailable=False, cmake_clean_cache=False, cmake_clean_first=False, cmake_force_configure=False, ament_cmake_args=None, catkin_cmake_args=None, catkin_skip_building_tests=False, verb_parser=<colcon_defaults.argument_parser.defaults.DefaultArgumentsDecorator object at 0x72081a52f760>, verb_extension=<colcon_core.verb.build.BuildVerb object at 0x72081a678b80>, main=<bound method BuildVerb.main of <colcon_core.verb.build.BuildVerb object at 0x72081a678b80>>)
[2.221s] Level 1:colcon.colcon_core.package_discovery:discover_packages(colcon_meta) check parameters
[2.222s] Level 1:colcon.colcon_core.package_discovery:discover_packages(recursive) check parameters
[2.222s] Level 1:colcon.colcon_core.package_discovery:discover_packages(ignore) check parameters
[2.222s] Level 1:colcon.colcon_core.package_discovery:discover_packages(path) check parameters
[2.222s] Level 1:colcon.colcon_core.package_discovery:discover_packages(colcon_meta) discover
[2.222s] Level 1:colcon.colcon_core.package_discovery:discover_packages(recursive) discover
[2.222s] INFO:colcon.colcon_core.package_discovery:Crawling recursively for packages in '/home/robot/ros2_ws'
[2.223s] Level 1:colcon.colcon_core.package_identification:_identify(.) by extensions ['ignore', 'ignore_ament_install']
[2.223s] Level 1:colcon.colcon_core.package_identification:_identify(.) by extension 'ignore'
[2.223s] Level 1:colcon.colcon_core.package_identification:_identify(.) by extension 'ignore_ament_install'
[2.223s] Level 1:colcon.colcon_core.package_identification:_identify(.) by extensions ['colcon_pkg']
[2.223s] Level 1:colcon.colcon_core.package_identification:_identify(.) by extension 'colcon_pkg'
[2.224s] Level 1:colcon.colcon_core.package_identification:_identify(.) by extensions ['colcon_meta']
[2.224s] Level 1:colcon.colcon_core.package_identification:_identify(.) by extension 'colcon_meta'
[2.224s] Level 1:colcon.colcon_core.package_identification:_identify(.) by extensions ['ros']
[2.224s] Level 1:colcon.colcon_core.package_identification:_identify(.) by extension 'ros'
[2.247s] Level 1:colcon.colcon_core.package_identification:_identify(.) by extensions ['cmake', 'python']
[2.247s] Level 1:colcon.colcon_core.package_identification:_identify(.) by extension 'cmake'
[2.247s] Level 1:colcon.colcon_core.package_identification:_identify(.) by extension 'python'
[2.247s] Level 1:colcon.colcon_core.package_identification:_identify(.) by extensions ['python_setup_py']
[2.247s] Level 1:colcon.colcon_core.package_identification:_identify(.) by extension 'python_setup_py'
[2.247s] Level 1:colcon.colcon_core.package_identification:_identify(build) by extensions ['ignore', 'ignore_ament_install']
[2.247s] Level 1:colcon.colcon_core.package_identification:_identify(build) by extension 'ignore'
[2.247s] Level 1:colcon.colcon_core.package_identification:_identify(build) ignored
[2.247s] Level 1:colcon.colcon_core.package_identification:_identify(install) by extensions ['ignore', 'ignore_ament_install']
[2.247s] Level 1:colcon.colcon_core.package_identification:_identify(install) by extension 'ignore'
[2.247s] Level 1:colcon.colcon_core.package_identification:_identify(install) ignored
[2.247s] Level 1:colcon.colcon_core.package_identification:_identify(log) by extensions ['ignore', 'ignore_ament_install']
[2.247s] Level 1:colcon.colcon_core.package_identification:_identify(log) by extension 'ignore'
[2.248s] Level 1:colcon.colcon_core.package_identification:_identify(log) ignored
[2.248s] Level 1:colcon.colcon_core.package_identification:_identify(src) by extensions ['ignore', 'ignore_ament_install']
[2.248s] Level 1:colcon.colcon_core.package_identification:_identify(src) by extension 'ignore'
[2.248s] Level 1:colcon.colcon_core.package_identification:_identify(src) by extension 'ignore_ament_install'
[2.248s] Level 1:colcon.colcon_core.package_identification:_identify(src) by extensions ['colcon_pkg']
[2.248s] Level 1:colcon.colcon_core.package_identification:_identify(src) by extension 'colcon_pkg'
[2.248s] Level 1:colcon.colcon_core.package_identification:_identify(src) by extensions ['colcon_meta']
[2.248s] Level 1:colcon.colcon_core.package_identification:_identify(src) by extension 'colcon_meta'
[2.248s] Level 1:colcon.colcon_core.package_identification:_identify(src) by extensions ['ros']
[2.248s] Level 1:colcon.colcon_core.package_identification:_identify(src) by extension 'ros'
[2.248s] Level 1:colcon.colcon_core.package_identification:_identify(src) by extensions ['cmake', 'python']
[2.248s] Level 1:colcon.colcon_core.package_identification:_identify(src) by extension 'cmake'
[2.248s] Level 1:colcon.colcon_core.package_identification:_identify(src) by extension 'python'
[2.248s] Level 1:colcon.colcon_core.package_identification:_identify(src) by extensions ['python_setup_py']
[2.248s] Level 1:colcon.colcon_core.package_identification:_identify(src) by extension 'python_setup_py'
[2.248s] Level 1:colcon.colcon_core.package_identification:_identify(src/my_robot) by extensions ['ignore', 'ignore_ament_install']
[2.248s] Level 1:colcon.colcon_core.package_identification:_identify(src/my_robot) by extension 'ignore'
[2.248s] Level 1:colcon.colcon_core.package_identification:_identify(src/my_robot) by extension 'ignore_ament_install'
[2.248s] Level 1:colcon.colcon_core.package_identification:_identify(src/my_robot) by extensions ['colcon_pkg']
[2.248s] Level 1:colcon.colcon_core.package_identification:_identify(src/my_robot) by extension 'colcon_pkg'
[2.248s] Level 1:colcon.colcon_core.package_identification:_identify(src/my_robot) by extensions ['colcon_meta']
[2.248s] Level 1:colcon.colcon_core.package_identification:_identify(src/my_robot) by extension 'colcon_meta'
[2.248s] Level 1:colcon.colcon_core.package_identification:_identify(src/my_robot) by extensions ['ros']
[2.248s] Level 1:colcon.colcon_core.package_identification:_identify(src/my_robot) by extension 'ros'
[2.261s] DEBUG:colcon.colcon_core.package_identification:Package 'src/my_robot' with type 'ros.ament_cmake' and name 'my_robot'
[2.261s] Level 1:colcon.colcon_core.package_identification:_identify(src/substation_sim) by extensions ['ignore', 'ignore_ament_install']
[2.261s] Level 1:colcon.colcon_core.package_identification:_identify(src/substation_sim) by extension 'ignore'
[2.261s] Level 1:colcon.colcon_core.package_identification:_identify(src/substation_sim) by extension 'ignore_ament_install'
[2.261s] Level 1:colcon.colcon_core.package_identification:_identify(src/substation_sim) by extensions ['colcon_pkg']
[2.261s] Level 1:colcon.colcon_core.package_identification:_identify(src/substation_sim) by extension 'colcon_pkg'
[2.261s] Level 1:colcon.colcon_core.package_identification:_identify(src/substation_sim) by extensions ['colcon_meta']
[2.261s] Level 1:colcon.colcon_core.package_identification:_identify(src/substation_sim) by extension 'colcon_meta'
[2.261s] Level 1:colcon.colcon_core.package_identification:_identify(src/substation_sim) by extensions ['ros']
[2.261s] Level 1:colcon.colcon_core.package_identification:_identify(src/substation_sim) by extension 'ros'
[2.262s] DEBUG:colcon.colcon_core.package_identification:Package 'src/substation_sim' with type 'ros.ament_cmake' and name 'substation_sim'
[2.262s] Level 1:colcon.colcon_core.package_discovery:discover_packages(recursive) using defaults
[2.262s] Level 1:colcon.colcon_core.package_discovery:discover_packages(ignore) discover
[2.262s] Level 1:colcon.colcon_core.package_discovery:discover_packages(ignore) using defaults
[2.262s] Level 1:colcon.colcon_core.package_discovery:discover_packages(path) discover
[2.262s] Level 1:colcon.colcon_core.package_discovery:discover_packages(path) using defaults
[2.357s] Level 1:colcon.colcon_core.package_discovery:discover_packages(prefix_path) check parameters
[2.358s] Level 1:colcon.colcon_core.package_discovery:discover_packages(prefix_path) discover
[2.372s] DEBUG:colcon.colcon_installed_package_information.package_discovery:Found 280 installed packages in /opt/ros/humble
[2.386s] Level 1:colcon.colcon_core.package_discovery:discover_packages(prefix_path) using defaults
[2.420s] Level 5:colcon.colcon_core.verb:set package 'substation_sim' build argument 'cmake_args' from command line to 'None'
[2.420s] Level 5:colcon.colcon_core.verb:set package 'substation_sim' build argument 'cmake_target' from command line to 'None'
[2.420s] Level 5:colcon.colcon_core.verb:set package 'substation_sim' build argument 'cmake_target_skip_unavailable' from command line to 'False'
[2.420s] Level 5:colcon.colcon_core.verb:set package 'substation_sim' build argument 'cmake_clean_cache' from command line to 'False'
[2.420s] Level 5:colcon.colcon_core.verb:set package 'substation_sim' build argument 'cmake_clean_first' from command line to 'False'
[2.420s] Level 5:colcon.colcon_core.verb:set package 'substation_sim' build argument 'cmake_force_configure' from command line to 'False'
[2.420s] Level 5:colcon.colcon_core.verb:set package 'substation_sim' build argument 'ament_cmake_args' from command line to 'None'
[2.420s] Level 5:colcon.colcon_core.verb:set package 'substation_sim' build argument 'catkin_cmake_args' from command line to 'None'
[2.420s] Level 5:colcon.colcon_core.verb:set package 'substation_sim' build argument 'catkin_skip_building_tests' from command line to 'False'
[2.420s] DEBUG:colcon.colcon_core.verb:Building package 'substation_sim' with the following arguments: {'ament_cmake_args': None, 'build_base': '/home/robot/ros2_ws/build/substation_sim', 'catkin_cmake_args': None, 'catkin_skip_building_tests': False, 'cmake_args': None, 'cmake_clean_cache': False, 'cmake_clean_first': False, 'cmake_force_configure': False, 'cmake_target': None, 'cmake_target_skip_unavailable': False, 'install_base': '/home/robot/ros2_ws/install/substation_sim', 'merge_install': False, 'path': '/home/robot/ros2_ws/src/substation_sim', 'symlink_install': False, 'test_result_base': None}
[2.420s] Level 5:colcon.colcon_core.verb:set package 'my_robot' build argument 'cmake_args' from command line to 'None'
[2.420s] Level 5:colcon.colcon_core.verb:set package 'my_robot' build argument 'cmake_target' from command line to 'None'
[2.420s] Level 5:colcon.colcon_core.verb:set package 'my_robot' build argument 'cmake_target_skip_unavailable' from command line to 'False'
[2.420s] Level 5:colcon.colcon_core.verb:set package 'my_robot' build argument 'cmake_clean_cache' from command line to 'False'
[2.420s] Level 5:colcon.colcon_core.verb:set package 'my_robot' build argument 'cmake_clean_first' from command line to 'False'
[2.420s] Level 5:colcon.colcon_core.verb:set package 'my_robot' build argument 'cmake_force_configure' from command line to 'False'
[2.420s] Level 5:colcon.colcon_core.verb:set package 'my_robot' build argument 'ament_cmake_args' from command line to 'None'
[2.420s] Level 5:colcon.colcon_core.verb:set package 'my_robot' build argument 'catkin_cmake_args' from command line to 'None'
[2.420s] Level 5:colcon.colcon_core.verb:set package 'my_robot' build argument 'catkin_skip_building_tests' from command line to 'False'
[2.420s] DEBUG:colcon.colcon_core.verb:Building package 'my_robot' with the following arguments: {'ament_cmake_args': None, 'build_base': '/home/robot/ros2_ws/build/my_robot', 'catkin_cmake_args': None, 'catkin_skip_building_tests': False, 'cmake_args': None, 'cmake_clean_cache': False, 'cmake_clean_first': False, 'cmake_force_configure': False, 'cmake_target': None, 'cmake_target_skip_unavailable': False, 'install_base': '/home/robot/ros2_ws/install/my_robot', 'merge_install': False, 'path': '/home/robot/ros2_ws/src/my_robot', 'symlink_install': False, 'test_result_base': None}
[2.420s] INFO:colcon.colcon_core.executor:Executing jobs using 'parallel' executor
[2.421s] DEBUG:colcon.colcon_parallel_executor.executor.parallel:run_until_complete
[2.421s] INFO:colcon.colcon_ros.task.ament_cmake.build:Building ROS package in '/home/robot/ros2_ws/src/substation_sim' with build type 'ament_cmake'
[2.421s] INFO:colcon.colcon_cmake.task.cmake.build:Building CMake package in '/home/robot/ros2_ws/src/substation_sim'
[2.442s] INFO:colcon.colcon_core.plugin_system:Skipping extension 'colcon_core.shell.bat': Not used on non-Windows systems
[2.442s] INFO:colcon.colcon_core.shell:Skip shell extension 'powershell' for command environment: Not usable outside of PowerShell
[2.442s] DEBUG:colcon.colcon_core.shell:Skip shell extension 'dsv' for command environment
[2.462s] DEBUG:colcon.colcon_core.event_handler.log_command:Invoking command in '/home/robot/ros2_ws/build/substation_sim': CMAKE_PREFIX_PATH=/opt/ros/humble __trae_PS1=\n(TraeAI-5) \w [$?] $ /usr/bin/cmake --build /home/robot/ros2_ws/build/substation_sim -- -j20 -l20
[2.523s] DEBUG:colcon.colcon_core.event_handler.log_command:Invoked command in '/home/robot/ros2_ws/build/substation_sim' returned '2': CMAKE_PREFIX_PATH=/opt/ros/humble __trae_PS1=\n(TraeAI-5) \w [$?] $ /usr/bin/cmake --build /home/robot/ros2_ws/build/substation_sim -- -j20 -l20
[2.528s] Level 1:colcon.colcon_core.environment:create_environment_scripts_only(substation_sim)
[2.555s] Level 1:colcon.colcon_core.environment:checking '/home/robot/ros2_ws/install/substation_sim' for CMake module files
[2.556s] Level 1:colcon.colcon_core.environment:checking '/home/robot/ros2_ws/install/substation_sim' for CMake config files
[2.557s] Level 1:colcon.colcon_core.shell:create_environment_hook('substation_sim', 'cmake_prefix_path')
[2.557s] INFO:colcon.colcon_core.shell:Creating environment hook '/home/robot/ros2_ws/install/substation_sim/share/substation_sim/hook/cmake_prefix_path.ps1'
[2.561s] INFO:colcon.colcon_core.shell:Creating environment descriptor '/home/robot/ros2_ws/install/substation_sim/share/substation_sim/hook/cmake_prefix_path.dsv'
[2.565s] INFO:colcon.colcon_core.shell:Creating environment hook '/home/robot/ros2_ws/install/substation_sim/share/substation_sim/hook/cmake_prefix_path.sh'
[2.568s] Level 1:colcon.colcon_core.environment:checking '/home/robot/ros2_ws/install/substation_sim/bin'
[2.568s] Level 1:colcon.colcon_core.environment:checking '/home/robot/ros2_ws/install/substation_sim/lib/pkgconfig/substation_sim.pc'
[2.569s] Level 1:colcon.colcon_core.environment:checking '/home/robot/ros2_ws/install/substation_sim/lib/python3.10/site-packages'
[2.570s] Level 1:colcon.colcon_core.environment:checking '/home/robot/ros2_ws/install/substation_sim/bin'
[2.570s] INFO:colcon.colcon_core.shell:Creating package script '/home/robot/ros2_ws/install/substation_sim/share/substation_sim/package.ps1'
[2.573s] INFO:colcon.colcon_core.shell:Creating package descriptor '/home/robot/ros2_ws/install/substation_sim/share/substation_sim/package.dsv'
[2.577s] INFO:colcon.colcon_core.shell:Creating package script '/home/robot/ros2_ws/install/substation_sim/share/substation_sim/package.sh'
[2.579s] INFO:colcon.colcon_core.shell:Creating package script '/home/robot/ros2_ws/install/substation_sim/share/substation_sim/package.bash'
[2.583s] INFO:colcon.colcon_core.shell:Creating package script '/home/robot/ros2_ws/install/substation_sim/share/substation_sim/package.zsh'
[2.587s] Level 1:colcon.colcon_core.environment:create_file_with_runtime_dependencies(/home/robot/ros2_ws/install/substation_sim/share/colcon-core/packages/substation_sim)
[2.597s] DEBUG:colcon.colcon_parallel_executor.executor.parallel:closing loop
[2.598s] DEBUG:colcon.colcon_parallel_executor.executor.parallel:loop closed
[2.598s] DEBUG:colcon.colcon_parallel_executor.executor.parallel:run_until_complete finished with '2'
[2.598s] DEBUG:colcon.colcon_core.event_reactor:joining thread
[2.617s] INFO:colcon.colcon_core.plugin_system:Skipping extension 'colcon_notification.desktop_notification.terminal_notifier': Not used on non-Darwin systems
[2.618s] INFO:colcon.colcon_core.plugin_system:Skipping extension 'colcon_notification.desktop_notification.win32': Not used on non-Windows systems
[2.618s] INFO:colcon.colcon_notification.desktop_notification:Sending desktop notification using 'notify2'
[2.640s] DEBUG:colcon.colcon_core.event_reactor:joined thread
[2.641s] INFO:colcon.colcon_core.shell:Creating prefix script '/home/robot/ros2_ws/install/local_setup.ps1'
[2.644s] INFO:colcon.colcon_core.shell:Creating prefix util module '/home/robot/ros2_ws/install/_local_setup_util_ps1.py'
[2.646s] INFO:colcon.colcon_core.shell:Creating prefix chain script '/home/robot/ros2_ws/install/setup.ps1'
[2.650s] INFO:colcon.colcon_core.shell:Creating prefix script '/home/robot/ros2_ws/install/local_setup.sh'
[2.653s] INFO:colcon.colcon_core.shell:Creating prefix util module '/home/robot/ros2_ws/install/_local_setup_util_sh.py'
[2.654s] INFO:colcon.colcon_core.shell:Creating prefix chain script '/home/robot/ros2_ws/install/setup.sh'
[2.656s] INFO:colcon.colcon_core.shell:Creating prefix script '/home/robot/ros2_ws/install/local_setup.bash'
[2.660s] INFO:colcon.colcon_core.shell:Creating prefix chain script '/home/robot/ros2_ws/install/setup.bash'
[2.663s] INFO:colcon.colcon_core.shell:Creating prefix script '/home/robot/ros2_ws/install/local_setup.zsh'
[2.666s] INFO:colcon.colcon_core.shell:Creating prefix chain script '/home/robot/ros2_ws/install/setup.zsh'
