[0.009s] Invoking command in '/home/robot/ros2_ws/build/my_robot': CMAKE_PREFIX_PATH=/opt/ros/humble /usr/bin/cmake --build /home/robot/ros2_ws/build/my_robot -- -j20 -l20
[0.028s] -- Found ament_cmake: 1.3.13 (/opt/ros/humble/share/ament_cmake/cmake)
[0.127s] -- Override CMake install command with custom implementation using symlinks instead of copying resources
[0.132s] -- Found ament_lint_auto: 0.12.15 (/opt/ros/humble/share/ament_lint_auto/cmake)
[0.194s] -- Added test 'flake8' to check Python code syntax and style conventions
[0.195s] -- Added test 'lint_cmake' to check CMake code style
[0.195s] -- Added test 'pep257' to check Python code against some of the docstring style conventions in PEP 257
[0.196s] -- Added test 'xmllint' to check XML markup files
[0.196s] -- Configuring done
[0.198s] -- Generating done
[0.199s] -- Build files have been written to: /home/robot/ros2_ws/build/my_robot
[0.219s] Invoked command in '/home/robot/ros2_ws/build/my_robot' returned '0': CMAKE_PREFIX_PATH=/opt/ros/humble /usr/bin/cmake --build /home/robot/ros2_ws/build/my_robot -- -j20 -l20
[0.230s] Invoking command in '/home/robot/ros2_ws/build/my_robot': CMAKE_PREFIX_PATH=/opt/ros/humble /usr/bin/cmake --install /home/robot/ros2_ws/build/my_robot
[0.238s] -- Install configuration: ""
[0.238s] -- Execute custom install script
[0.238s] -- Up-to-date symlink: /home/robot/ros2_ws/install/my_robot/share/my_robot/launch/sim.launch.py
[0.238s] -- Up-to-date symlink: /home/robot/ros2_ws/install/my_robot/share/my_robot/launch/sim_rviz.launch.py
[0.239s] -- Up-to-date symlink: /home/robot/ros2_ws/install/my_robot/share/my_robot/urdf/diffbot.urdf.xacro
[0.239s] -- Up-to-date symlink: /home/robot/ros2_ws/install/my_robot/share/my_robot/urdf/nano.181427.save
[0.239s] -- Up-to-date symlink: /home/robot/ros2_ws/install/my_robot/share/my_robot/rviz/diffbot.rviz
[0.239s] -- Up-to-date symlink: /home/robot/ros2_ws/install/my_robot/lib/my_robot/cmd_vel_repeater.py
[0.239s] -- Up-to-date symlink: /home/robot/ros2_ws/install/my_robot/share/ament_index/resource_index/package_run_dependencies/my_robot
[0.239s] -- Up-to-date symlink: /home/robot/ros2_ws/install/my_robot/share/ament_index/resource_index/parent_prefix_path/my_robot
[0.240s] -- Up-to-date symlink: /home/robot/ros2_ws/install/my_robot/share/my_robot/environment/ament_prefix_path.sh
[0.240s] -- Up-to-date symlink: /home/robot/ros2_ws/install/my_robot/share/my_robot/environment/ament_prefix_path.dsv
[0.240s] -- Up-to-date symlink: /home/robot/ros2_ws/install/my_robot/share/my_robot/environment/path.sh
[0.240s] -- Up-to-date symlink: /home/robot/ros2_ws/install/my_robot/share/my_robot/environment/path.dsv
[0.240s] -- Up-to-date symlink: /home/robot/ros2_ws/install/my_robot/share/my_robot/local_setup.bash
[0.240s] -- Up-to-date symlink: /home/robot/ros2_ws/install/my_robot/share/my_robot/local_setup.sh
[0.240s] -- Up-to-date symlink: /home/robot/ros2_ws/install/my_robot/share/my_robot/local_setup.zsh
[0.240s] -- Up-to-date symlink: /home/robot/ros2_ws/install/my_robot/share/my_robot/local_setup.dsv
[0.241s] -- Symlinking: /home/robot/ros2_ws/install/my_robot/share/my_robot/package.dsv
[0.249s] -- Up-to-date symlink: /home/robot/ros2_ws/install/my_robot/share/ament_index/resource_index/packages/my_robot
[0.249s] -- Up-to-date symlink: /home/robot/ros2_ws/install/my_robot/share/my_robot/cmake/my_robotConfig.cmake
[0.249s] -- Up-to-date symlink: /home/robot/ros2_ws/install/my_robot/share/my_robot/cmake/my_robotConfig-version.cmake
[0.249s] -- Up-to-date symlink: /home/robot/ros2_ws/install/my_robot/share/my_robot/package.xml
[0.252s] Invoked command in '/home/robot/ros2_ws/build/my_robot' returned '0': CMAKE_PREFIX_PATH=/opt/ros/humble /usr/bin/cmake --install /home/robot/ros2_ws/build/my_robot
