[0.805s] DEBUG:colcon:Command line arguments: ['/usr/bin/colcon', 'build']
[0.805s] DEBUG:colcon:Parsed command line arguments: Namespace(log_base=None, log_level=None, verb_name='build', build_base='build', install_base='install', merge_install=False, symlink_install=False, test_result_base=None, continue_on_error=False, executor='parallel', parallel_workers=20, event_handlers=None, ignore_user_meta=False, metas=['./colcon.meta'], base_paths=['.'], packages_ignore=None, packages_ignore_regex=None, paths=None, packages_up_to=None, packages_up_to_regex=None, packages_above=None, packages_above_and_dependencies=None, packages_above_depth=None, packages_select_by_dep=None, packages_skip_by_dep=None, packages_skip_up_to=None, packages_select_build_failed=False, packages_skip_build_finished=False, packages_select_test_failures=False, packages_skip_test_passed=False, packages_select=None, packages_skip=None, packages_select_regex=None, packages_skip_regex=None, packages_start=None, packages_end=None, allow_overriding=[], cmake_args=None, cmake_target=None, cmake_target_skip_unavailable=False, cmake_clean_cache=False, cmake_clean_first=False, cmake_force_configure=False, ament_cmake_args=None, catkin_cmake_args=None, catkin_skip_building_tests=False, verb_parser=<colcon_defaults.argument_parser.defaults.DefaultArgumentsDecorator object at 0x738db3397760>, verb_extension=<colcon_core.verb.build.BuildVerb object at 0x738db3560b80>, main=<bound method BuildVerb.main of <colcon_core.verb.build.BuildVerb object at 0x738db3560b80>>)
[2.096s] Level 1:colcon.colcon_core.package_discovery:discover_packages(colcon_meta) check parameters
[2.097s] Level 1:colcon.colcon_core.package_discovery:discover_packages(recursive) check parameters
[2.097s] Level 1:colcon.colcon_core.package_discovery:discover_packages(ignore) check parameters
[2.097s] Level 1:colcon.colcon_core.package_discovery:discover_packages(path) check parameters
[2.097s] Level 1:colcon.colcon_core.package_discovery:discover_packages(colcon_meta) discover
[2.097s] Level 1:colcon.colcon_core.package_discovery:discover_packages(recursive) discover
[2.097s] INFO:colcon.colcon_core.package_discovery:Crawling recursively for packages in '/home/robot/ros2_ws'
[2.098s] Level 1:colcon.colcon_core.package_identification:_identify(.) by extensions ['ignore', 'ignore_ament_install']
[2.098s] Level 1:colcon.colcon_core.package_identification:_identify(.) by extension 'ignore'
[2.098s] Level 1:colcon.colcon_core.package_identification:_identify(.) by extension 'ignore_ament_install'
[2.098s] Level 1:colcon.colcon_core.package_identification:_identify(.) by extensions ['colcon_pkg']
[2.098s] Level 1:colcon.colcon_core.package_identification:_identify(.) by extension 'colcon_pkg'
[2.098s] Level 1:colcon.colcon_core.package_identification:_identify(.) by extensions ['colcon_meta']
[2.098s] Level 1:colcon.colcon_core.package_identification:_identify(.) by extension 'colcon_meta'
[2.098s] Level 1:colcon.colcon_core.package_identification:_identify(.) by extensions ['ros']
[2.098s] Level 1:colcon.colcon_core.package_identification:_identify(.) by extension 'ros'
[2.142s] Level 1:colcon.colcon_core.package_identification:_identify(.) by extensions ['cmake', 'python']
[2.142s] Level 1:colcon.colcon_core.package_identification:_identify(.) by extension 'cmake'
[2.142s] Level 1:colcon.colcon_core.package_identification:_identify(.) by extension 'python'
[2.142s] Level 1:colcon.colcon_core.package_identification:_identify(.) by extensions ['python_setup_py']
[2.142s] Level 1:colcon.colcon_core.package_identification:_identify(.) by extension 'python_setup_py'
[2.142s] Level 1:colcon.colcon_core.package_identification:_identify(build) by extensions ['ignore', 'ignore_ament_install']
[2.142s] Level 1:colcon.colcon_core.package_identification:_identify(build) by extension 'ignore'
[2.142s] Level 1:colcon.colcon_core.package_identification:_identify(build) ignored
[2.143s] Level 1:colcon.colcon_core.package_identification:_identify(install) by extensions ['ignore', 'ignore_ament_install']
[2.143s] Level 1:colcon.colcon_core.package_identification:_identify(install) by extension 'ignore'
[2.143s] Level 1:colcon.colcon_core.package_identification:_identify(install) ignored
[2.143s] Level 1:colcon.colcon_core.package_identification:_identify(log) by extensions ['ignore', 'ignore_ament_install']
[2.143s] Level 1:colcon.colcon_core.package_identification:_identify(log) by extension 'ignore'
[2.143s] Level 1:colcon.colcon_core.package_identification:_identify(log) ignored
[2.143s] Level 1:colcon.colcon_core.package_identification:_identify(src) by extensions ['ignore', 'ignore_ament_install']
[2.143s] Level 1:colcon.colcon_core.package_identification:_identify(src) by extension 'ignore'
[2.143s] Level 1:colcon.colcon_core.package_identification:_identify(src) by extension 'ignore_ament_install'
[2.143s] Level 1:colcon.colcon_core.package_identification:_identify(src) by extensions ['colcon_pkg']
[2.143s] Level 1:colcon.colcon_core.package_identification:_identify(src) by extension 'colcon_pkg'
[2.143s] Level 1:colcon.colcon_core.package_identification:_identify(src) by extensions ['colcon_meta']
[2.143s] Level 1:colcon.colcon_core.package_identification:_identify(src) by extension 'colcon_meta'
[2.143s] Level 1:colcon.colcon_core.package_identification:_identify(src) by extensions ['ros']
[2.143s] Level 1:colcon.colcon_core.package_identification:_identify(src) by extension 'ros'
[2.143s] Level 1:colcon.colcon_core.package_identification:_identify(src) by extensions ['cmake', 'python']
[2.143s] Level 1:colcon.colcon_core.package_identification:_identify(src) by extension 'cmake'
[2.143s] Level 1:colcon.colcon_core.package_identification:_identify(src) by extension 'python'
[2.143s] Level 1:colcon.colcon_core.package_identification:_identify(src) by extensions ['python_setup_py']
[2.144s] Level 1:colcon.colcon_core.package_identification:_identify(src) by extension 'python_setup_py'
[2.144s] Level 1:colcon.colcon_core.package_identification:_identify(src/my_robot) by extensions ['ignore', 'ignore_ament_install']
[2.144s] Level 1:colcon.colcon_core.package_identification:_identify(src/my_robot) by extension 'ignore'
[2.144s] Level 1:colcon.colcon_core.package_identification:_identify(src/my_robot) by extension 'ignore_ament_install'
[2.144s] Level 1:colcon.colcon_core.package_identification:_identify(src/my_robot) by extensions ['colcon_pkg']
[2.144s] Level 1:colcon.colcon_core.package_identification:_identify(src/my_robot) by extension 'colcon_pkg'
[2.144s] Level 1:colcon.colcon_core.package_identification:_identify(src/my_robot) by extensions ['colcon_meta']
[2.144s] Level 1:colcon.colcon_core.package_identification:_identify(src/my_robot) by extension 'colcon_meta'
[2.144s] Level 1:colcon.colcon_core.package_identification:_identify(src/my_robot) by extensions ['ros']
[2.144s] Level 1:colcon.colcon_core.package_identification:_identify(src/my_robot) by extension 'ros'
[2.152s] DEBUG:colcon.colcon_core.package_identification:Package 'src/my_robot' with type 'ros.ament_cmake' and name 'my_robot'
[2.152s] Level 1:colcon.colcon_core.package_discovery:discover_packages(recursive) using defaults
[2.152s] Level 1:colcon.colcon_core.package_discovery:discover_packages(ignore) discover
[2.152s] Level 1:colcon.colcon_core.package_discovery:discover_packages(ignore) using defaults
[2.152s] Level 1:colcon.colcon_core.package_discovery:discover_packages(path) discover
[2.152s] Level 1:colcon.colcon_core.package_discovery:discover_packages(path) using defaults
[2.242s] Level 1:colcon.colcon_core.package_discovery:discover_packages(prefix_path) check parameters
[2.242s] Level 1:colcon.colcon_core.package_discovery:discover_packages(prefix_path) discover
[2.259s] DEBUG:colcon.colcon_installed_package_information.package_discovery:Found 280 installed packages in /opt/ros/humble
[2.263s] Level 1:colcon.colcon_core.package_discovery:discover_packages(prefix_path) using defaults
[2.307s] Level 5:colcon.colcon_core.verb:set package 'my_robot' build argument 'cmake_args' from command line to 'None'
[2.307s] Level 5:colcon.colcon_core.verb:set package 'my_robot' build argument 'cmake_target' from command line to 'None'
[2.307s] Level 5:colcon.colcon_core.verb:set package 'my_robot' build argument 'cmake_target_skip_unavailable' from command line to 'False'
[2.307s] Level 5:colcon.colcon_core.verb:set package 'my_robot' build argument 'cmake_clean_cache' from command line to 'False'
[2.307s] Level 5:colcon.colcon_core.verb:set package 'my_robot' build argument 'cmake_clean_first' from command line to 'False'
[2.307s] Level 5:colcon.colcon_core.verb:set package 'my_robot' build argument 'cmake_force_configure' from command line to 'False'
[2.307s] Level 5:colcon.colcon_core.verb:set package 'my_robot' build argument 'ament_cmake_args' from command line to 'None'
[2.307s] Level 5:colcon.colcon_core.verb:set package 'my_robot' build argument 'catkin_cmake_args' from command line to 'None'
[2.307s] Level 5:colcon.colcon_core.verb:set package 'my_robot' build argument 'catkin_skip_building_tests' from command line to 'False'
[2.307s] DEBUG:colcon.colcon_core.verb:Building package 'my_robot' with the following arguments: {'ament_cmake_args': None, 'build_base': '/home/robot/ros2_ws/build/my_robot', 'catkin_cmake_args': None, 'catkin_skip_building_tests': False, 'cmake_args': None, 'cmake_clean_cache': False, 'cmake_clean_first': False, 'cmake_force_configure': False, 'cmake_target': None, 'cmake_target_skip_unavailable': False, 'install_base': '/home/robot/ros2_ws/install/my_robot', 'merge_install': False, 'path': '/home/robot/ros2_ws/src/my_robot', 'symlink_install': False, 'test_result_base': None}
[2.307s] INFO:colcon.colcon_core.executor:Executing jobs using 'parallel' executor
[2.308s] DEBUG:colcon.colcon_parallel_executor.executor.parallel:run_until_complete
[2.309s] INFO:colcon.colcon_ros.task.ament_cmake.build:Building ROS package in '/home/robot/ros2_ws/src/my_robot' with build type 'ament_cmake'
[2.309s] INFO:colcon.colcon_cmake.task.cmake.build:Building CMake package in '/home/robot/ros2_ws/src/my_robot'
[2.330s] INFO:colcon.colcon_core.plugin_system:Skipping extension 'colcon_core.shell.bat': Not used on non-Windows systems
[2.330s] INFO:colcon.colcon_core.shell:Skip shell extension 'powershell' for command environment: Not usable outside of PowerShell
[2.330s] DEBUG:colcon.colcon_core.shell:Skip shell extension 'dsv' for command environment
[2.344s] DEBUG:colcon.colcon_core.event_handler.log_command:Invoking command in '/home/robot/ros2_ws/build/my_robot': CMAKE_PREFIX_PATH=/opt/ros/humble __trae_PS1=\n(TraeAI-4) \w [$?] $ /usr/bin/cmake /home/robot/ros2_ws/src/my_robot -DCMAKE_INSTALL_PREFIX=/home/robot/ros2_ws/install/my_robot
[2.747s] DEBUG:colcon.colcon_core.event_handler.log_command:Invoked command in '/home/robot/ros2_ws/build/my_robot' returned '0': CMAKE_PREFIX_PATH=/opt/ros/humble __trae_PS1=\n(TraeAI-4) \w [$?] $ /usr/bin/cmake /home/robot/ros2_ws/src/my_robot -DCMAKE_INSTALL_PREFIX=/home/robot/ros2_ws/install/my_robot
[2.749s] DEBUG:colcon.colcon_core.event_handler.log_command:Invoking command in '/home/robot/ros2_ws/build/my_robot': CMAKE_PREFIX_PATH=/opt/ros/humble __trae_PS1=\n(TraeAI-4) \w [$?] $ /usr/bin/cmake --build /home/robot/ros2_ws/build/my_robot -- -j20 -l20
[2.798s] DEBUG:colcon.colcon_core.event_handler.log_command:Invoked command in '/home/robot/ros2_ws/build/my_robot' returned '0': CMAKE_PREFIX_PATH=/opt/ros/humble __trae_PS1=\n(TraeAI-4) \w [$?] $ /usr/bin/cmake --build /home/robot/ros2_ws/build/my_robot -- -j20 -l20
[2.812s] DEBUG:colcon.colcon_core.event_handler.log_command:Invoking command in '/home/robot/ros2_ws/build/my_robot': CMAKE_PREFIX_PATH=/opt/ros/humble __trae_PS1=\n(TraeAI-4) \w [$?] $ /usr/bin/cmake --install /home/robot/ros2_ws/build/my_robot
[2.837s] Level 1:colcon.colcon_core.environment:create_environment_scripts_only(my_robot)
[2.838s] DEBUG:colcon.colcon_core.event_handler.log_command:Invoked command in '/home/robot/ros2_ws/build/my_robot' returned '0': CMAKE_PREFIX_PATH=/opt/ros/humble __trae_PS1=\n(TraeAI-4) \w [$?] $ /usr/bin/cmake --install /home/robot/ros2_ws/build/my_robot
[2.842s] Level 1:colcon.colcon_core.environment:checking '/home/robot/ros2_ws/install/my_robot' for CMake module files
[2.843s] Level 1:colcon.colcon_core.environment:checking '/home/robot/ros2_ws/install/my_robot' for CMake config files
[2.843s] Level 1:colcon.colcon_core.shell:create_environment_hook('my_robot', 'cmake_prefix_path')
[2.843s] INFO:colcon.colcon_core.shell:Creating environment hook '/home/robot/ros2_ws/install/my_robot/share/my_robot/hook/cmake_prefix_path.ps1'
[2.844s] INFO:colcon.colcon_core.shell:Creating environment descriptor '/home/robot/ros2_ws/install/my_robot/share/my_robot/hook/cmake_prefix_path.dsv'
[2.845s] INFO:colcon.colcon_core.shell:Creating environment hook '/home/robot/ros2_ws/install/my_robot/share/my_robot/hook/cmake_prefix_path.sh'
[2.846s] Level 1:colcon.colcon_core.environment:checking '/home/robot/ros2_ws/install/my_robot/bin'
[2.846s] Level 1:colcon.colcon_core.environment:checking '/home/robot/ros2_ws/install/my_robot/lib/pkgconfig/my_robot.pc'
[2.846s] Level 1:colcon.colcon_core.environment:checking '/home/robot/ros2_ws/install/my_robot/lib/python3.10/site-packages'
[2.847s] Level 1:colcon.colcon_core.environment:checking '/home/robot/ros2_ws/install/my_robot/bin'
[2.847s] INFO:colcon.colcon_core.shell:Creating package script '/home/robot/ros2_ws/install/my_robot/share/my_robot/package.ps1'
[2.848s] INFO:colcon.colcon_core.shell:Creating package descriptor '/home/robot/ros2_ws/install/my_robot/share/my_robot/package.dsv'
[2.849s] INFO:colcon.colcon_core.shell:Creating package script '/home/robot/ros2_ws/install/my_robot/share/my_robot/package.sh'
[2.850s] INFO:colcon.colcon_core.shell:Creating package script '/home/robot/ros2_ws/install/my_robot/share/my_robot/package.bash'
[2.851s] INFO:colcon.colcon_core.shell:Creating package script '/home/robot/ros2_ws/install/my_robot/share/my_robot/package.zsh'
[2.852s] Level 1:colcon.colcon_core.environment:create_file_with_runtime_dependencies(/home/robot/ros2_ws/install/my_robot/share/colcon-core/packages/my_robot)
[2.853s] Level 1:colcon.colcon_core.environment:create_environment_scripts_only(my_robot)
[2.853s] Level 1:colcon.colcon_core.environment:checking '/home/robot/ros2_ws/install/my_robot' for CMake module files
[2.854s] Level 1:colcon.colcon_core.environment:checking '/home/robot/ros2_ws/install/my_robot' for CMake config files
[2.854s] Level 1:colcon.colcon_core.shell:create_environment_hook('my_robot', 'cmake_prefix_path')
[2.854s] INFO:colcon.colcon_core.shell:Creating environment hook '/home/robot/ros2_ws/install/my_robot/share/my_robot/hook/cmake_prefix_path.ps1'
[2.855s] INFO:colcon.colcon_core.shell:Creating environment descriptor '/home/robot/ros2_ws/install/my_robot/share/my_robot/hook/cmake_prefix_path.dsv'
[2.855s] INFO:colcon.colcon_core.shell:Creating environment hook '/home/robot/ros2_ws/install/my_robot/share/my_robot/hook/cmake_prefix_path.sh'
[2.856s] Level 1:colcon.colcon_core.environment:checking '/home/robot/ros2_ws/install/my_robot/bin'
[2.856s] Level 1:colcon.colcon_core.environment:checking '/home/robot/ros2_ws/install/my_robot/lib/pkgconfig/my_robot.pc'
[2.856s] Level 1:colcon.colcon_core.environment:checking '/home/robot/ros2_ws/install/my_robot/lib/python3.10/site-packages'
[2.856s] Level 1:colcon.colcon_core.environment:checking '/home/robot/ros2_ws/install/my_robot/bin'
[2.857s] INFO:colcon.colcon_core.shell:Creating package script '/home/robot/ros2_ws/install/my_robot/share/my_robot/package.ps1'
[2.857s] INFO:colcon.colcon_core.shell:Creating package descriptor '/home/robot/ros2_ws/install/my_robot/share/my_robot/package.dsv'
[2.858s] INFO:colcon.colcon_core.shell:Creating package script '/home/robot/ros2_ws/install/my_robot/share/my_robot/package.sh'
[2.858s] INFO:colcon.colcon_core.shell:Creating package script '/home/robot/ros2_ws/install/my_robot/share/my_robot/package.bash'
[2.858s] INFO:colcon.colcon_core.shell:Creating package script '/home/robot/ros2_ws/install/my_robot/share/my_robot/package.zsh'
[2.858s] Level 1:colcon.colcon_core.environment:create_file_with_runtime_dependencies(/home/robot/ros2_ws/install/my_robot/share/colcon-core/packages/my_robot)
[2.859s] DEBUG:colcon.colcon_parallel_executor.executor.parallel:closing loop
[2.859s] DEBUG:colcon.colcon_parallel_executor.executor.parallel:loop closed
[2.859s] DEBUG:colcon.colcon_parallel_executor.executor.parallel:run_until_complete finished with '0'
[2.859s] DEBUG:colcon.colcon_core.event_reactor:joining thread
[2.864s] INFO:colcon.colcon_core.plugin_system:Skipping extension 'colcon_notification.desktop_notification.terminal_notifier': Not used on non-Darwin systems
[2.864s] INFO:colcon.colcon_core.plugin_system:Skipping extension 'colcon_notification.desktop_notification.win32': Not used on non-Windows systems
[2.864s] INFO:colcon.colcon_notification.desktop_notification:Sending desktop notification using 'notify2'
[2.892s] DEBUG:colcon.colcon_core.event_reactor:joined thread
[2.893s] INFO:colcon.colcon_core.shell:Creating prefix script '/home/robot/ros2_ws/install/local_setup.ps1'
[2.894s] INFO:colcon.colcon_core.shell:Creating prefix util module '/home/robot/ros2_ws/install/_local_setup_util_ps1.py'
[2.895s] INFO:colcon.colcon_core.shell:Creating prefix chain script '/home/robot/ros2_ws/install/setup.ps1'
[2.896s] INFO:colcon.colcon_core.shell:Creating prefix script '/home/robot/ros2_ws/install/local_setup.sh'
[2.896s] INFO:colcon.colcon_core.shell:Creating prefix util module '/home/robot/ros2_ws/install/_local_setup_util_sh.py'
[2.897s] INFO:colcon.colcon_core.shell:Creating prefix chain script '/home/robot/ros2_ws/install/setup.sh'
[2.897s] INFO:colcon.colcon_core.shell:Creating prefix script '/home/robot/ros2_ws/install/local_setup.bash'
[2.898s] INFO:colcon.colcon_core.shell:Creating prefix chain script '/home/robot/ros2_ws/install/setup.bash'
[2.899s] INFO:colcon.colcon_core.shell:Creating prefix script '/home/robot/ros2_ws/install/local_setup.zsh'
[2.899s] INFO:colcon.colcon_core.shell:Creating prefix chain script '/home/robot/ros2_ws/install/setup.zsh'
