[0.010s] Invoking command in '/home/robot/ros2_ws/build/my_robot': CMAKE_PREFIX_PATH=/opt/ros/humble __trae_PS1=\n(TraeAI-4) \w [$?] $ /usr/bin/cmake --build /home/robot/ros2_ws/build/my_robot -- -j20 -l20
[0.035s] -- Found ament_cmake: 1.3.13 (/opt/ros/humble/share/ament_cmake/cmake)
[0.136s] -- Override CMake install command with custom implementation using symlinks instead of copying resources
[0.140s] -- Found ament_lint_auto: 0.12.15 (/opt/ros/humble/share/ament_lint_auto/cmake)
[0.197s] -- Added test 'flake8' to check Python code syntax and style conventions
[0.197s] -- Added test 'lint_cmake' to check CMake code style
[0.197s] -- Added test 'pep257' to check Python code against some of the docstring style conventions in PEP 257
[0.198s] -- Added test 'xmllint' to check XML markup files
[0.199s] -- Configuring done
[0.202s] -- Generating done
[0.203s] -- Build files have been written to: /home/robot/ros2_ws/build/my_robot
[0.225s] Invoked command in '/home/robot/ros2_ws/build/my_robot' returned '0': CMAKE_PREFIX_PATH=/opt/ros/humble __trae_PS1=\n(TraeAI-4) \w [$?] $ /usr/bin/cmake --build /home/robot/ros2_ws/build/my_robot -- -j20 -l20
[0.239s] Invoking command in '/home/robot/ros2_ws/build/my_robot': CMAKE_PREFIX_PATH=/opt/ros/humble __trae_PS1=\n(TraeAI-4) \w [$?] $ /usr/bin/cmake --install /home/robot/ros2_ws/build/my_robot
[0.248s] -- Install configuration: ""
[0.249s] -- Execute custom install script
[0.249s] -- Up-to-date symlink: /home/robot/ros2_ws/install/my_robot/share/my_robot/launch/sim.launch.py
[0.249s] -- Up-to-date symlink: /home/robot/ros2_ws/install/my_robot/share/my_robot/urdf/diffbot.urdf.xacro
[0.250s] -- Up-to-date symlink: /home/robot/ros2_ws/install/my_robot/share/my_robot/urdf/nano.181427.save
[0.250s] [31mCMake Error at ament_cmake_symlink_install/ament_cmake_symlink_install.cmake:105 (message):
[0.250s]   ament_cmake_symlink_install_directory() can't find
[0.250s]   '/home/robot/ros2_ws/src/my_robot/rviz'
[0.250s] Call Stack (most recent call first):
[0.250s]   ament_cmake_symlink_install/ament_cmake_symlink_install.cmake:319 (ament_cmake_symlink_install_directory)
[0.250s]   cmake_install.cmake:46 (include)
[0.251s] 
[0.251s] [0m
[0.252s] Invoked command in '/home/robot/ros2_ws/build/my_robot' returned '1': CMAKE_PREFIX_PATH=/opt/ros/humble __trae_PS1=\n(TraeAI-4) \w [$?] $ /usr/bin/cmake --install /home/robot/ros2_ws/build/my_robot
