-- The C compiler identification is GNU 11.4.0
-- The CXX compiler identification is GNU 11.4.0
-- Detecting C compiler ABI info
-- Detecting C compiler ABI info - done
-- Check for working C compiler: /usr/bin/cc - skipped
-- Detecting C compile features
-- Detecting C compile features - done
-- Detecting CXX compiler ABI info
-- Detecting CXX compiler ABI info - done
-- Check for working CXX compiler: /usr/bin/c++ - skipped
-- Detecting CXX compile features
-- Detecting CXX compile features - done
-- Found ament_cmake: 1.3.13 (/opt/ros/humble/share/ament_cmake/cmake)
-- Found Python3: /usr/bin/python3 (found version "3.10.12") found components: Interpreter 
-- Override CMake install command with custom implementation using symlinks instead of copying resources
-- Found ament_lint_auto: 0.12.15 (/opt/ros/humble/share/ament_lint_auto/cmake)
-- Added test 'flake8' to check Python code syntax and style conventions
-- Added test 'lint_cmake' to check CMake code style
-- Added test 'pep257' to check Python code against some of the docstring style conventions in PEP 257
-- Added test 'xmllint' to check XML markup files
-- Configuring done
-- Generating done
-- Build files have been written to: /home/robot/ros2_ws/build/my_robot
-- Install configuration: ""
-- Execute custom install script
-- Symlinking: /home/robot/ros2_ws/install/my_robot/share/my_robot/launch/sim.launch.py
-- Symlinking: /home/robot/ros2_ws/install/my_robot/share/my_robot/urdf/diffbot.urdf.xacro
-- Symlinking: /home/robot/ros2_ws/install/my_robot/share/my_robot/urdf/nano.181427.save
-- Symlinking: /home/robot/ros2_ws/install/my_robot/share/ament_index/resource_index/package_run_dependencies/my_robot
-- Symlinking: /home/robot/ros2_ws/install/my_robot/share/ament_index/resource_index/parent_prefix_path/my_robot
-- Symlinking: /home/robot/ros2_ws/install/my_robot/share/my_robot/environment/ament_prefix_path.sh
-- Symlinking: /home/robot/ros2_ws/install/my_robot/share/my_robot/environment/ament_prefix_path.dsv
-- Symlinking: /home/robot/ros2_ws/install/my_robot/share/my_robot/environment/path.sh
-- Symlinking: /home/robot/ros2_ws/install/my_robot/share/my_robot/environment/path.dsv
-- Symlinking: /home/robot/ros2_ws/install/my_robot/share/my_robot/local_setup.bash
-- Symlinking: /home/robot/ros2_ws/install/my_robot/share/my_robot/local_setup.sh
-- Symlinking: /home/robot/ros2_ws/install/my_robot/share/my_robot/local_setup.zsh
-- Symlinking: /home/robot/ros2_ws/install/my_robot/share/my_robot/local_setup.dsv
-- Symlinking: /home/robot/ros2_ws/install/my_robot/share/my_robot/package.dsv
-- Symlinking: /home/robot/ros2_ws/install/my_robot/share/ament_index/resource_index/packages/my_robot
-- Symlinking: /home/robot/ros2_ws/install/my_robot/share/my_robot/cmake/my_robotConfig.cmake
-- Symlinking: /home/robot/ros2_ws/install/my_robot/share/my_robot/cmake/my_robotConfig-version.cmake
-- Symlinking: /home/robot/ros2_ws/install/my_robot/share/my_robot/package.xml
