[0.026s] Invoking command in '/home/robot/ros2_ws/build/my_robot': CMAKE_PREFIX_PATH=/opt/ros/humble /usr/bin/cmake /home/robot/ros2_ws/src/my_robot -DAMENT_CMAKE_SYMLINK_INSTALL=1 -DCMAKE_INSTALL_PREFIX=/home/robot/ros2_ws/install/my_robot
[0.606s] -- The C compiler identification is GNU 11.4.0
[0.744s] -- The CXX compiler identification is GNU 11.4.0
[0.756s] -- Detecting C compiler ABI info
[0.915s] -- Detecting C compiler ABI info - done
[0.924s] -- Check for working C compiler: /usr/bin/cc - skipped
[0.925s] -- Detecting C compile features
[0.926s] -- Detecting C compile features - done
[0.930s] -- Detecting CXX compiler ABI info
[1.076s] -- Detecting CXX compiler ABI info - done
[1.080s] -- Check for working CXX compiler: /usr/bin/c++ - skipped
[1.081s] -- Detecting CXX compile features
[1.081s] -- Detecting CXX compile features - done
[1.087s] -- Found ament_cmake: 1.3.13 (/opt/ros/humble/share/ament_cmake/cmake)
[1.227s] -- Found Python3: /usr/bin/python3 (found version "3.10.12") found components: Interpreter 
[1.277s] -- Override CMake install command with custom implementation using symlinks instead of copying resources
[1.297s] -- Found ament_lint_auto: 0.12.15 (/opt/ros/humble/share/ament_lint_auto/cmake)
[1.356s] -- Added test 'flake8' to check Python code syntax and style conventions
[1.356s] -- Added test 'lint_cmake' to check CMake code style
[1.357s] -- Added test 'pep257' to check Python code against some of the docstring style conventions in PEP 257
[1.357s] -- Added test 'xmllint' to check XML markup files
[1.358s] -- Configuring done
[1.360s] -- Generating done
[1.361s] -- Build files have been written to: /home/robot/ros2_ws/build/my_robot
[1.367s] Invoked command in '/home/robot/ros2_ws/build/my_robot' returned '0': CMAKE_PREFIX_PATH=/opt/ros/humble /usr/bin/cmake /home/robot/ros2_ws/src/my_robot -DAMENT_CMAKE_SYMLINK_INSTALL=1 -DCMAKE_INSTALL_PREFIX=/home/robot/ros2_ws/install/my_robot
[1.367s] Invoking command in '/home/robot/ros2_ws/build/my_robot': CMAKE_PREFIX_PATH=/opt/ros/humble /usr/bin/cmake --build /home/robot/ros2_ws/build/my_robot -- -j20 -l20
[1.404s] Invoked command in '/home/robot/ros2_ws/build/my_robot' returned '0': CMAKE_PREFIX_PATH=/opt/ros/humble /usr/bin/cmake --build /home/robot/ros2_ws/build/my_robot -- -j20 -l20
[1.413s] Invoking command in '/home/robot/ros2_ws/build/my_robot': CMAKE_PREFIX_PATH=/opt/ros/humble /usr/bin/cmake --install /home/robot/ros2_ws/build/my_robot
[1.420s] -- Install configuration: ""
[1.420s] -- Execute custom install script
[1.421s] -- Symlinking: /home/robot/ros2_ws/install/my_robot/share/my_robot/launch/sim.launch.py
[1.437s] -- Symlinking: /home/robot/ros2_ws/install/my_robot/share/my_robot/urdf/diffbot.urdf.xacro
[1.451s] -- Symlinking: /home/robot/ros2_ws/install/my_robot/share/my_robot/urdf/nano.181427.save
[1.461s] -- Symlinking: /home/robot/ros2_ws/install/my_robot/share/ament_index/resource_index/package_run_dependencies/my_robot
[1.472s] -- Symlinking: /home/robot/ros2_ws/install/my_robot/share/ament_index/resource_index/parent_prefix_path/my_robot
[1.481s] -- Symlinking: /home/robot/ros2_ws/install/my_robot/share/my_robot/environment/ament_prefix_path.sh
[1.491s] -- Symlinking: /home/robot/ros2_ws/install/my_robot/share/my_robot/environment/ament_prefix_path.dsv
[1.499s] -- Symlinking: /home/robot/ros2_ws/install/my_robot/share/my_robot/environment/path.sh
[1.508s] -- Symlinking: /home/robot/ros2_ws/install/my_robot/share/my_robot/environment/path.dsv
[1.517s] -- Symlinking: /home/robot/ros2_ws/install/my_robot/share/my_robot/local_setup.bash
[1.527s] -- Symlinking: /home/robot/ros2_ws/install/my_robot/share/my_robot/local_setup.sh
[1.537s] -- Symlinking: /home/robot/ros2_ws/install/my_robot/share/my_robot/local_setup.zsh
[1.547s] -- Symlinking: /home/robot/ros2_ws/install/my_robot/share/my_robot/local_setup.dsv
[1.558s] -- Symlinking: /home/robot/ros2_ws/install/my_robot/share/my_robot/package.dsv
[1.564s] -- Symlinking: /home/robot/ros2_ws/install/my_robot/share/ament_index/resource_index/packages/my_robot
[1.573s] -- Symlinking: /home/robot/ros2_ws/install/my_robot/share/my_robot/cmake/my_robotConfig.cmake
[1.579s] -- Symlinking: /home/robot/ros2_ws/install/my_robot/share/my_robot/cmake/my_robotConfig-version.cmake
[1.587s] -- Symlinking: /home/robot/ros2_ws/install/my_robot/share/my_robot/package.xml
[1.595s] Invoked command in '/home/robot/ros2_ws/build/my_robot' returned '0': CMAKE_PREFIX_PATH=/opt/ros/humble /usr/bin/cmake --install /home/robot/ros2_ws/build/my_robot
