[0.008s] Invoking command in '/home/robot/ros2_ws/build/my_robot': CMAKE_PREFIX_PATH=/opt/ros/humble __trae_PS1=\n(TraeAI-4) \w [$?] $ /usr/bin/cmake --build /home/robot/ros2_ws/build/my_robot -- -j20 -l20
[0.030s] -- Found ament_cmake: 1.3.13 (/opt/ros/humble/share/ament_cmake/cmake)
[0.130s] -- Override CMake install command with custom implementation using symlinks instead of copying resources
[0.134s] -- Found ament_lint_auto: 0.12.15 (/opt/ros/humble/share/ament_lint_auto/cmake)
[0.186s] -- Added test 'flake8' to check Python code syntax and style conventions
[0.187s] -- Added test 'lint_cmake' to check CMake code style
[0.187s] -- Added test 'pep257' to check Python code against some of the docstring style conventions in PEP 257
[0.187s] -- Added test 'xmllint' to check XML markup files
[0.188s] -- Configuring done
[0.189s] -- Generating done
[0.190s] -- Build files have been written to: /home/robot/ros2_ws/build/my_robot
[0.209s] Invoked command in '/home/robot/ros2_ws/build/my_robot' returned '0': CMAKE_PREFIX_PATH=/opt/ros/humble __trae_PS1=\n(TraeAI-4) \w [$?] $ /usr/bin/cmake --build /home/robot/ros2_ws/build/my_robot -- -j20 -l20
[0.218s] Invoking command in '/home/robot/ros2_ws/build/my_robot': CMAKE_PREFIX_PATH=/opt/ros/humble __trae_PS1=\n(TraeAI-4) \w [$?] $ /usr/bin/cmake --install /home/robot/ros2_ws/build/my_robot
[0.228s] -- Install configuration: ""
[0.228s] -- Execute custom install script
[0.228s] -- Up-to-date symlink: /home/robot/ros2_ws/install/my_robot/share/my_robot/launch/sim.launch.py
[0.228s] -- Up-to-date symlink: /home/robot/ros2_ws/install/my_robot/share/my_robot/urdf/diffbot.urdf.xacro
[0.228s] -- Up-to-date symlink: /home/robot/ros2_ws/install/my_robot/share/my_robot/urdf/nano.181427.save
[0.229s] -- Up-to-date symlink: /home/robot/ros2_ws/install/my_robot/share/ament_index/resource_index/package_run_dependencies/my_robot
[0.229s] -- Up-to-date symlink: /home/robot/ros2_ws/install/my_robot/share/ament_index/resource_index/parent_prefix_path/my_robot
[0.229s] -- Up-to-date symlink: /home/robot/ros2_ws/install/my_robot/share/my_robot/environment/ament_prefix_path.sh
[0.229s] -- Up-to-date symlink: /home/robot/ros2_ws/install/my_robot/share/my_robot/environment/ament_prefix_path.dsv
[0.229s] -- Up-to-date symlink: /home/robot/ros2_ws/install/my_robot/share/my_robot/environment/path.sh
[0.229s] -- Up-to-date symlink: /home/robot/ros2_ws/install/my_robot/share/my_robot/environment/path.dsv
[0.229s] -- Up-to-date symlink: /home/robot/ros2_ws/install/my_robot/share/my_robot/local_setup.bash
[0.229s] -- Up-to-date symlink: /home/robot/ros2_ws/install/my_robot/share/my_robot/local_setup.sh
[0.229s] -- Up-to-date symlink: /home/robot/ros2_ws/install/my_robot/share/my_robot/local_setup.zsh
[0.229s] -- Up-to-date symlink: /home/robot/ros2_ws/install/my_robot/share/my_robot/local_setup.dsv
[0.230s] -- Symlinking: /home/robot/ros2_ws/install/my_robot/share/my_robot/package.dsv
[0.238s] -- Up-to-date symlink: /home/robot/ros2_ws/install/my_robot/share/ament_index/resource_index/packages/my_robot
[0.239s] -- Up-to-date symlink: /home/robot/ros2_ws/install/my_robot/share/my_robot/cmake/my_robotConfig.cmake
[0.239s] -- Up-to-date symlink: /home/robot/ros2_ws/install/my_robot/share/my_robot/cmake/my_robotConfig-version.cmake
[0.239s] -- Up-to-date symlink: /home/robot/ros2_ws/install/my_robot/share/my_robot/package.xml
[0.242s] Invoked command in '/home/robot/ros2_ws/build/my_robot' returned '0': CMAKE_PREFIX_PATH=/opt/ros/humble __trae_PS1=\n(TraeAI-4) \w [$?] $ /usr/bin/cmake --install /home/robot/ros2_ws/build/my_robot
