[0.009s] Invoking command in '/home/robot/ros2_ws/build/my_robot': AMENT_PREFIX_PATH=/home/robot/ros2_ws/install/substation_sim:${AMENT_PREFIX_PATH} CMAKE_PREFIX_PATH=/home/robot/ros2_ws/install/substation_sim:/opt/ros/humble /usr/bin/cmake --build /home/robot/ros2_ws/build/my_robot -- -j20 -l20
[0.124s] -- Found ament_cmake: 1.3.13 (/opt/ros/humble/share/ament_cmake/cmake)
[0.379s] -- Override CMake install command with custom implementation using symlinks instead of copying resources
[0.521s] -- Found ament_lint_auto: 0.12.15 (/opt/ros/humble/share/ament_lint_auto/cmake)
[0.662s] -- Added test 'flake8' to check Python code syntax and style conventions
[0.665s] -- Added test 'lint_cmake' to check CMake code style
[0.668s] -- Added test 'pep257' to check Python code against some of the docstring style conventions in PEP 257
[0.675s] -- Added test 'xmllint' to check XML markup files
[0.681s] -- Configuring done
[0.688s] -- Generating done
[0.690s] -- Build files have been written to: /home/robot/ros2_ws/build/my_robot
[0.717s] Invoked command in '/home/robot/ros2_ws/build/my_robot' returned '0': AMENT_PREFIX_PATH=/home/robot/ros2_ws/install/substation_sim:${AMENT_PREFIX_PATH} CMAKE_PREFIX_PATH=/home/robot/ros2_ws/install/substation_sim:/opt/ros/humble /usr/bin/cmake --build /home/robot/ros2_ws/build/my_robot -- -j20 -l20
[0.721s] Invoking command in '/home/robot/ros2_ws/build/my_robot': AMENT_PREFIX_PATH=/home/robot/ros2_ws/install/substation_sim:${AMENT_PREFIX_PATH} CMAKE_PREFIX_PATH=/home/robot/ros2_ws/install/substation_sim:/opt/ros/humble /usr/bin/cmake --install /home/robot/ros2_ws/build/my_robot
[0.731s] -- Install configuration: ""
[0.731s] -- Execute custom install script
[0.732s] -- Up-to-date symlink: /home/robot/ros2_ws/install/my_robot/share/my_robot/launch/sim.launch.py
[0.732s] -- Up-to-date symlink: /home/robot/ros2_ws/install/my_robot/share/my_robot/launch/sim_rviz.launch.py
[0.732s] -- Up-to-date symlink: /home/robot/ros2_ws/install/my_robot/share/my_robot/launch/substation_combo.launch.py
[0.732s] -- Up-to-date symlink: /home/robot/ros2_ws/install/my_robot/share/my_robot/launch/teleop_smooth.launch.py
[0.732s] -- Up-to-date symlink: /home/robot/ros2_ws/install/my_robot/share/my_robot/urdf/diffbot.urdf.xacro
[0.732s] -- Up-to-date symlink: /home/robot/ros2_ws/install/my_robot/share/my_robot/urdf/nano.181427.save
[0.733s] -- Up-to-date symlink: /home/robot/ros2_ws/install/my_robot/share/my_robot/rviz/diffbot.rviz
[0.733s] -- Up-to-date symlink: /home/robot/ros2_ws/install/my_robot/lib/my_robot/cmd_vel_repeater.py
[0.733s] -- Up-to-date symlink: /home/robot/ros2_ws/install/my_robot/share/ament_index/resource_index/package_run_dependencies/my_robot
[0.733s] -- Up-to-date symlink: /home/robot/ros2_ws/install/my_robot/share/ament_index/resource_index/parent_prefix_path/my_robot
[0.733s] -- Up-to-date symlink: /home/robot/ros2_ws/install/my_robot/share/my_robot/environment/ament_prefix_path.sh
[0.733s] -- Up-to-date symlink: /home/robot/ros2_ws/install/my_robot/share/my_robot/environment/ament_prefix_path.dsv
[0.733s] -- Up-to-date symlink: /home/robot/ros2_ws/install/my_robot/share/my_robot/environment/path.sh
[0.733s] -- Up-to-date symlink: /home/robot/ros2_ws/install/my_robot/share/my_robot/environment/path.dsv
[0.733s] -- Up-to-date symlink: /home/robot/ros2_ws/install/my_robot/share/my_robot/local_setup.bash
[0.734s] -- Up-to-date symlink: /home/robot/ros2_ws/install/my_robot/share/my_robot/local_setup.sh
[0.734s] -- Up-to-date symlink: /home/robot/ros2_ws/install/my_robot/share/my_robot/local_setup.zsh
[0.734s] -- Up-to-date symlink: /home/robot/ros2_ws/install/my_robot/share/my_robot/local_setup.dsv
[0.734s] -- Symlinking: /home/robot/ros2_ws/install/my_robot/share/my_robot/package.dsv
[0.743s] -- Up-to-date symlink: /home/robot/ros2_ws/install/my_robot/share/ament_index/resource_index/packages/my_robot
[0.743s] -- Up-to-date symlink: /home/robot/ros2_ws/install/my_robot/share/my_robot/cmake/my_robotConfig.cmake
[0.743s] -- Up-to-date symlink: /home/robot/ros2_ws/install/my_robot/share/my_robot/cmake/my_robotConfig-version.cmake
[0.743s] -- Up-to-date symlink: /home/robot/ros2_ws/install/my_robot/share/my_robot/package.xml
[0.745s] Invoked command in '/home/robot/ros2_ws/build/my_robot' returned '0': AMENT_PREFIX_PATH=/home/robot/ros2_ws/install/substation_sim:${AMENT_PREFIX_PATH} CMAKE_PREFIX_PATH=/home/robot/ros2_ws/install/substation_sim:/opt/ros/humble /usr/bin/cmake --install /home/robot/ros2_ws/build/my_robot
