[0.065s] DEBUG:colcon:Command line arguments: ['/usr/bin/colcon', 'build']
[0.065s] DEBUG:colcon:Parsed command line arguments: Namespace(log_base=None, log_level=None, verb_name='build', build_base='build', install_base='install', merge_install=False, symlink_install=False, test_result_base=None, continue_on_error=False, executor='parallel', parallel_workers=20, event_handlers=None, ignore_user_meta=False, metas=['./colcon.meta'], base_paths=['.'], packages_ignore=None, packages_ignore_regex=None, paths=None, packages_up_to=None, packages_up_to_regex=None, packages_above=None, packages_above_and_dependencies=None, packages_above_depth=None, packages_select_by_dep=None, packages_skip_by_dep=None, packages_skip_up_to=None, packages_select_build_failed=False, packages_skip_build_finished=False, packages_select_test_failures=False, packages_skip_test_passed=False, packages_select=None, packages_skip=None, packages_select_regex=None, packages_skip_regex=None, packages_start=None, packages_end=None, allow_overriding=[], cmake_args=None, cmake_target=None, cmake_target_skip_unavailable=False, cmake_clean_cache=False, cmake_clean_first=False, cmake_force_configure=False, ament_cmake_args=None, catkin_cmake_args=None, catkin_skip_building_tests=False, verb_parser=<colcon_defaults.argument_parser.defaults.DefaultArgumentsDecorator object at 0x7dd9008e75b0>, verb_extension=<colcon_core.verb.build.BuildVerb object at 0x7dd900a6c9d0>, main=<bound method BuildVerb.main of <colcon_core.verb.build.BuildVerb object at 0x7dd900a6c9d0>>)
[0.155s] Level 1:colcon.colcon_core.package_discovery:discover_packages(colcon_meta) check parameters
[0.155s] Level 1:colcon.colcon_core.package_discovery:discover_packages(recursive) check parameters
[0.156s] Level 1:colcon.colcon_core.package_discovery:discover_packages(ignore) check parameters
[0.156s] Level 1:colcon.colcon_core.package_discovery:discover_packages(path) check parameters
[0.156s] Level 1:colcon.colcon_core.package_discovery:discover_packages(colcon_meta) discover
[0.156s] Level 1:colcon.colcon_core.package_discovery:discover_packages(recursive) discover
[0.156s] INFO:colcon.colcon_core.package_discovery:Crawling recursively for packages in '/home/robot/ros2_ws'
[0.156s] Level 1:colcon.colcon_core.package_identification:_identify(.) by extensions ['ignore', 'ignore_ament_install']
[0.156s] Level 1:colcon.colcon_core.package_identification:_identify(.) by extension 'ignore'
[0.156s] Level 1:colcon.colcon_core.package_identification:_identify(.) by extension 'ignore_ament_install'
[0.156s] Level 1:colcon.colcon_core.package_identification:_identify(.) by extensions ['colcon_pkg']
[0.156s] Level 1:colcon.colcon_core.package_identification:_identify(.) by extension 'colcon_pkg'
[0.156s] Level 1:colcon.colcon_core.package_identification:_identify(.) by extensions ['colcon_meta']
[0.156s] Level 1:colcon.colcon_core.package_identification:_identify(.) by extension 'colcon_meta'
[0.156s] Level 1:colcon.colcon_core.package_identification:_identify(.) by extensions ['ros']
[0.156s] Level 1:colcon.colcon_core.package_identification:_identify(.) by extension 'ros'
[0.163s] Level 1:colcon.colcon_core.package_identification:_identify(.) by extensions ['cmake', 'python']
[0.164s] Level 1:colcon.colcon_core.package_identification:_identify(.) by extension 'cmake'
[0.164s] Level 1:colcon.colcon_core.package_identification:_identify(.) by extension 'python'
[0.164s] Level 1:colcon.colcon_core.package_identification:_identify(.) by extensions ['python_setup_py']
[0.164s] Level 1:colcon.colcon_core.package_identification:_identify(.) by extension 'python_setup_py'
[0.164s] Level 1:colcon.colcon_core.package_identification:_identify(build) by extensions ['ignore', 'ignore_ament_install']
[0.164s] Level 1:colcon.colcon_core.package_identification:_identify(build) by extension 'ignore'
[0.164s] Level 1:colcon.colcon_core.package_identification:_identify(build) ignored
[0.164s] Level 1:colcon.colcon_core.package_identification:_identify(install) by extensions ['ignore', 'ignore_ament_install']
[0.164s] Level 1:colcon.colcon_core.package_identification:_identify(install) by extension 'ignore'
[0.164s] Level 1:colcon.colcon_core.package_identification:_identify(install) ignored
[0.164s] Level 1:colcon.colcon_core.package_identification:_identify(log) by extensions ['ignore', 'ignore_ament_install']
[0.164s] Level 1:colcon.colcon_core.package_identification:_identify(log) by extension 'ignore'
[0.164s] Level 1:colcon.colcon_core.package_identification:_identify(log) ignored
[0.164s] Level 1:colcon.colcon_core.package_identification:_identify(project1) by extensions ['ignore', 'ignore_ament_install']
[0.164s] Level 1:colcon.colcon_core.package_identification:_identify(project1) by extension 'ignore'
[0.164s] Level 1:colcon.colcon_core.package_identification:_identify(project1) by extension 'ignore_ament_install'
[0.164s] Level 1:colcon.colcon_core.package_identification:_identify(project1) by extensions ['colcon_pkg']
[0.164s] Level 1:colcon.colcon_core.package_identification:_identify(project1) by extension 'colcon_pkg'
[0.164s] Level 1:colcon.colcon_core.package_identification:_identify(project1) by extensions ['colcon_meta']
[0.164s] Level 1:colcon.colcon_core.package_identification:_identify(project1) by extension 'colcon_meta'
[0.164s] Level 1:colcon.colcon_core.package_identification:_identify(project1) by extensions ['ros']
[0.164s] Level 1:colcon.colcon_core.package_identification:_identify(project1) by extension 'ros'
[0.164s] Level 1:colcon.colcon_core.package_identification:_identify(project1) by extensions ['cmake', 'python']
[0.164s] Level 1:colcon.colcon_core.package_identification:_identify(project1) by extension 'cmake'
[0.164s] Level 1:colcon.colcon_core.package_identification:_identify(project1) by extension 'python'
[0.164s] Level 1:colcon.colcon_core.package_identification:_identify(project1) by extensions ['python_setup_py']
[0.164s] Level 1:colcon.colcon_core.package_identification:_identify(project1) by extension 'python_setup_py'
[0.164s] Level 1:colcon.colcon_core.package_identification:_identify(project1/catkin_ws) by extensions ['ignore', 'ignore_ament_install']
[0.164s] Level 1:colcon.colcon_core.package_identification:_identify(project1/catkin_ws) by extension 'ignore'
[0.165s] Level 1:colcon.colcon_core.package_identification:_identify(project1/catkin_ws) by extension 'ignore_ament_install'
[0.165s] Level 1:colcon.colcon_core.package_identification:_identify(project1/catkin_ws) by extensions ['colcon_pkg']
[0.165s] Level 1:colcon.colcon_core.package_identification:_identify(project1/catkin_ws) by extension 'colcon_pkg'
[0.165s] Level 1:colcon.colcon_core.package_identification:_identify(project1/catkin_ws) by extensions ['colcon_meta']
[0.165s] Level 1:colcon.colcon_core.package_identification:_identify(project1/catkin_ws) by extension 'colcon_meta'
[0.165s] Level 1:colcon.colcon_core.package_identification:_identify(project1/catkin_ws) by extensions ['ros']
[0.165s] Level 1:colcon.colcon_core.package_identification:_identify(project1/catkin_ws) by extension 'ros'
[0.165s] Level 1:colcon.colcon_core.package_identification:_identify(project1/catkin_ws) by extensions ['cmake', 'python']
[0.165s] Level 1:colcon.colcon_core.package_identification:_identify(project1/catkin_ws) by extension 'cmake'
[0.165s] Level 1:colcon.colcon_core.package_identification:_identify(project1/catkin_ws) by extension 'python'
[0.165s] Level 1:colcon.colcon_core.package_identification:_identify(project1/catkin_ws) by extensions ['python_setup_py']
[0.165s] Level 1:colcon.colcon_core.package_identification:_identify(project1/catkin_ws) by extension 'python_setup_py'
[0.165s] Level 1:colcon.colcon_core.package_identification:_identify(project1/catkin_ws/src) by extensions ['ignore', 'ignore_ament_install']
[0.165s] Level 1:colcon.colcon_core.package_identification:_identify(project1/catkin_ws/src) by extension 'ignore'
[0.165s] Level 1:colcon.colcon_core.package_identification:_identify(project1/catkin_ws/src) by extension 'ignore_ament_install'
[0.165s] Level 1:colcon.colcon_core.package_identification:_identify(project1/catkin_ws/src) by extensions ['colcon_pkg']
[0.165s] Level 1:colcon.colcon_core.package_identification:_identify(project1/catkin_ws/src) by extension 'colcon_pkg'
[0.165s] Level 1:colcon.colcon_core.package_identification:_identify(project1/catkin_ws/src) by extensions ['colcon_meta']
[0.165s] Level 1:colcon.colcon_core.package_identification:_identify(project1/catkin_ws/src) by extension 'colcon_meta'
[0.165s] Level 1:colcon.colcon_core.package_identification:_identify(project1/catkin_ws/src) by extensions ['ros']
[0.165s] Level 1:colcon.colcon_core.package_identification:_identify(project1/catkin_ws/src) by extension 'ros'
[0.165s] Level 1:colcon.colcon_core.package_identification:_identify(project1/catkin_ws/src) by extensions ['cmake', 'python']
[0.165s] Level 1:colcon.colcon_core.package_identification:_identify(project1/catkin_ws/src) by extension 'cmake'
[0.165s] Level 1:colcon.colcon_core.package_identification:_identify(project1/catkin_ws/src) by extension 'python'
[0.165s] Level 1:colcon.colcon_core.package_identification:_identify(project1/catkin_ws/src) by extensions ['python_setup_py']
[0.165s] Level 1:colcon.colcon_core.package_identification:_identify(project1/catkin_ws/src) by extension 'python_setup_py'
[0.165s] Level 1:colcon.colcon_core.package_identification:_identify(project1/ros2_ws) by extensions ['ignore', 'ignore_ament_install']
[0.165s] Level 1:colcon.colcon_core.package_identification:_identify(project1/ros2_ws) by extension 'ignore'
[0.165s] Level 1:colcon.colcon_core.package_identification:_identify(project1/ros2_ws) by extension 'ignore_ament_install'
[0.165s] Level 1:colcon.colcon_core.package_identification:_identify(project1/ros2_ws) by extensions ['colcon_pkg']
[0.165s] Level 1:colcon.colcon_core.package_identification:_identify(project1/ros2_ws) by extension 'colcon_pkg'
[0.165s] Level 1:colcon.colcon_core.package_identification:_identify(project1/ros2_ws) by extensions ['colcon_meta']
[0.165s] Level 1:colcon.colcon_core.package_identification:_identify(project1/ros2_ws) by extension 'colcon_meta'
[0.165s] Level 1:colcon.colcon_core.package_identification:_identify(project1/ros2_ws) by extensions ['ros']
[0.165s] Level 1:colcon.colcon_core.package_identification:_identify(project1/ros2_ws) by extension 'ros'
[0.165s] Level 1:colcon.colcon_core.package_identification:_identify(project1/ros2_ws) by extensions ['cmake', 'python']
[0.165s] Level 1:colcon.colcon_core.package_identification:_identify(project1/ros2_ws) by extension 'cmake'
[0.165s] Level 1:colcon.colcon_core.package_identification:_identify(project1/ros2_ws) by extension 'python'
[0.165s] Level 1:colcon.colcon_core.package_identification:_identify(project1/ros2_ws) by extensions ['python_setup_py']
[0.165s] Level 1:colcon.colcon_core.package_identification:_identify(project1/ros2_ws) by extension 'python_setup_py'
[0.166s] Level 1:colcon.colcon_core.package_identification:_identify(project1/ros2_ws/build) by extensions ['ignore', 'ignore_ament_install']
[0.166s] Level 1:colcon.colcon_core.package_identification:_identify(project1/ros2_ws/build) by extension 'ignore'
[0.166s] Level 1:colcon.colcon_core.package_identification:_identify(project1/ros2_ws/build) ignored
[0.166s] Level 1:colcon.colcon_core.package_identification:_identify(project1/ros2_ws/build_robot) by extensions ['ignore', 'ignore_ament_install']
[0.166s] Level 1:colcon.colcon_core.package_identification:_identify(project1/ros2_ws/build_robot) by extension 'ignore'
[0.166s] Level 1:colcon.colcon_core.package_identification:_identify(project1/ros2_ws/build_robot) ignored
[0.166s] Level 1:colcon.colcon_core.package_identification:_identify(project1/ros2_ws/install) by extensions ['ignore', 'ignore_ament_install']
[0.166s] Level 1:colcon.colcon_core.package_identification:_identify(project1/ros2_ws/install) by extension 'ignore'
[0.166s] Level 1:colcon.colcon_core.package_identification:_identify(project1/ros2_ws/install) ignored
[0.166s] Level 1:colcon.colcon_core.package_identification:_identify(project1/ros2_ws/install_robot) by extensions ['ignore', 'ignore_ament_install']
[0.166s] Level 1:colcon.colcon_core.package_identification:_identify(project1/ros2_ws/install_robot) by extension 'ignore'
[0.166s] Level 1:colcon.colcon_core.package_identification:_identify(project1/ros2_ws/install_robot) ignored
[0.166s] Level 1:colcon.colcon_core.package_identification:_identify(project1/ros2_ws/log) by extensions ['ignore', 'ignore_ament_install']
[0.166s] Level 1:colcon.colcon_core.package_identification:_identify(project1/ros2_ws/log) by extension 'ignore'
[0.166s] Level 1:colcon.colcon_core.package_identification:_identify(project1/ros2_ws/log) ignored
[0.166s] Level 1:colcon.colcon_core.package_identification:_identify(project1/ros2_ws/log_robot) by extensions ['ignore', 'ignore_ament_install']
[0.166s] Level 1:colcon.colcon_core.package_identification:_identify(project1/ros2_ws/log_robot) by extension 'ignore'
[0.166s] Level 1:colcon.colcon_core.package_identification:_identify(project1/ros2_ws/log_robot) ignored
[0.166s] Level 1:colcon.colcon_core.package_identification:_identify(project1/ros2_ws/src) by extensions ['ignore', 'ignore_ament_install']
[0.166s] Level 1:colcon.colcon_core.package_identification:_identify(project1/ros2_ws/src) by extension 'ignore'
[0.166s] Level 1:colcon.colcon_core.package_identification:_identify(project1/ros2_ws/src) by extension 'ignore_ament_install'
[0.166s] Level 1:colcon.colcon_core.package_identification:_identify(project1/ros2_ws/src) by extensions ['colcon_pkg']
[0.166s] Level 1:colcon.colcon_core.package_identification:_identify(project1/ros2_ws/src) by extension 'colcon_pkg'
[0.166s] Level 1:colcon.colcon_core.package_identification:_identify(project1/ros2_ws/src) by extensions ['colcon_meta']
[0.166s] Level 1:colcon.colcon_core.package_identification:_identify(project1/ros2_ws/src) by extension 'colcon_meta'
[0.166s] Level 1:colcon.colcon_core.package_identification:_identify(project1/ros2_ws/src) by extensions ['ros']
[0.166s] Level 1:colcon.colcon_core.package_identification:_identify(project1/ros2_ws/src) by extension 'ros'
[0.166s] Level 1:colcon.colcon_core.package_identification:_identify(project1/ros2_ws/src) by extensions ['cmake', 'python']
[0.166s] Level 1:colcon.colcon_core.package_identification:_identify(project1/ros2_ws/src) by extension 'cmake'
[0.166s] Level 1:colcon.colcon_core.package_identification:_identify(project1/ros2_ws/src) by extension 'python'
[0.166s] Level 1:colcon.colcon_core.package_identification:_identify(project1/ros2_ws/src) by extensions ['python_setup_py']
[0.167s] Level 1:colcon.colcon_core.package_identification:_identify(project1/ros2_ws/src) by extension 'python_setup_py'
[0.167s] Level 1:colcon.colcon_core.package_identification:_identify(project1/ros2_ws/src/substation_sim) by extensions ['ignore', 'ignore_ament_install']
[0.167s] Level 1:colcon.colcon_core.package_identification:_identify(project1/ros2_ws/src/substation_sim) by extension 'ignore'
[0.167s] Level 1:colcon.colcon_core.package_identification:_identify(project1/ros2_ws/src/substation_sim) by extension 'ignore_ament_install'
[0.167s] Level 1:colcon.colcon_core.package_identification:_identify(project1/ros2_ws/src/substation_sim) by extensions ['colcon_pkg']
[0.167s] Level 1:colcon.colcon_core.package_identification:_identify(project1/ros2_ws/src/substation_sim) by extension 'colcon_pkg'
[0.167s] Level 1:colcon.colcon_core.package_identification:_identify(project1/ros2_ws/src/substation_sim) by extensions ['colcon_meta']
[0.167s] Level 1:colcon.colcon_core.package_identification:_identify(project1/ros2_ws/src/substation_sim) by extension 'colcon_meta'
[0.167s] Level 1:colcon.colcon_core.package_identification:_identify(project1/ros2_ws/src/substation_sim) by extensions ['ros']
[0.167s] Level 1:colcon.colcon_core.package_identification:_identify(project1/ros2_ws/src/substation_sim) by extension 'ros'
[0.168s] DEBUG:colcon.colcon_core.package_identification:Package 'project1/ros2_ws/src/substation_sim' with type 'ros.ament_cmake' and name 'substation_sim'
[0.168s] Level 1:colcon.colcon_core.package_identification:_identify(src) by extensions ['ignore', 'ignore_ament_install']
[0.168s] Level 1:colcon.colcon_core.package_identification:_identify(src) by extension 'ignore'
[0.168s] Level 1:colcon.colcon_core.package_identification:_identify(src) by extension 'ignore_ament_install'
[0.169s] Level 1:colcon.colcon_core.package_identification:_identify(src) by extensions ['colcon_pkg']
[0.169s] Level 1:colcon.colcon_core.package_identification:_identify(src) by extension 'colcon_pkg'
[0.169s] Level 1:colcon.colcon_core.package_identification:_identify(src) by extensions ['colcon_meta']
[0.169s] Level 1:colcon.colcon_core.package_identification:_identify(src) by extension 'colcon_meta'
[0.169s] Level 1:colcon.colcon_core.package_identification:_identify(src) by extensions ['ros']
[0.169s] Level 1:colcon.colcon_core.package_identification:_identify(src) by extension 'ros'
[0.169s] Level 1:colcon.colcon_core.package_identification:_identify(src) by extensions ['cmake', 'python']
[0.169s] Level 1:colcon.colcon_core.package_identification:_identify(src) by extension 'cmake'
[0.169s] Level 1:colcon.colcon_core.package_identification:_identify(src) by extension 'python'
[0.169s] Level 1:colcon.colcon_core.package_identification:_identify(src) by extensions ['python_setup_py']
[0.169s] Level 1:colcon.colcon_core.package_identification:_identify(src) by extension 'python_setup_py'
[0.169s] Level 1:colcon.colcon_core.package_identification:_identify(src/my_robot) by extensions ['ignore', 'ignore_ament_install']
[0.169s] Level 1:colcon.colcon_core.package_identification:_identify(src/my_robot) by extension 'ignore'
[0.169s] Level 1:colcon.colcon_core.package_identification:_identify(src/my_robot) by extension 'ignore_ament_install'
[0.169s] Level 1:colcon.colcon_core.package_identification:_identify(src/my_robot) by extensions ['colcon_pkg']
[0.169s] Level 1:colcon.colcon_core.package_identification:_identify(src/my_robot) by extension 'colcon_pkg'
[0.169s] Level 1:colcon.colcon_core.package_identification:_identify(src/my_robot) by extensions ['colcon_meta']
[0.169s] Level 1:colcon.colcon_core.package_identification:_identify(src/my_robot) by extension 'colcon_meta'
[0.169s] Level 1:colcon.colcon_core.package_identification:_identify(src/my_robot) by extensions ['ros']
[0.169s] Level 1:colcon.colcon_core.package_identification:_identify(src/my_robot) by extension 'ros'
[0.169s] DEBUG:colcon.colcon_core.package_identification:Package 'src/my_robot' with type 'ros.ament_cmake' and name 'my_robot'
[0.169s] Level 1:colcon.colcon_core.package_discovery:discover_packages(recursive) using defaults
[0.169s] Level 1:colcon.colcon_core.package_discovery:discover_packages(ignore) discover
[0.169s] Level 1:colcon.colcon_core.package_discovery:discover_packages(ignore) using defaults
[0.169s] Level 1:colcon.colcon_core.package_discovery:discover_packages(path) discover
[0.170s] Level 1:colcon.colcon_core.package_discovery:discover_packages(path) using defaults
[0.182s] Level 1:colcon.colcon_core.package_discovery:discover_packages(prefix_path) check parameters
[0.182s] Level 1:colcon.colcon_core.package_discovery:discover_packages(prefix_path) discover
[0.184s] DEBUG:colcon.colcon_installed_package_information.package_discovery:Found 280 installed packages in /opt/ros/humble
[0.191s] Level 1:colcon.colcon_core.package_discovery:discover_packages(prefix_path) using defaults
[0.213s] Level 5:colcon.colcon_core.verb:set package 'substation_sim' build argument 'cmake_args' from command line to 'None'
[0.213s] Level 5:colcon.colcon_core.verb:set package 'substation_sim' build argument 'cmake_target' from command line to 'None'
[0.213s] Level 5:colcon.colcon_core.verb:set package 'substation_sim' build argument 'cmake_target_skip_unavailable' from command line to 'False'
[0.213s] Level 5:colcon.colcon_core.verb:set package 'substation_sim' build argument 'cmake_clean_cache' from command line to 'False'
[0.213s] Level 5:colcon.colcon_core.verb:set package 'substation_sim' build argument 'cmake_clean_first' from command line to 'False'
[0.213s] Level 5:colcon.colcon_core.verb:set package 'substation_sim' build argument 'cmake_force_configure' from command line to 'False'
[0.213s] Level 5:colcon.colcon_core.verb:set package 'substation_sim' build argument 'ament_cmake_args' from command line to 'None'
[0.213s] Level 5:colcon.colcon_core.verb:set package 'substation_sim' build argument 'catkin_cmake_args' from command line to 'None'
[0.213s] Level 5:colcon.colcon_core.verb:set package 'substation_sim' build argument 'catkin_skip_building_tests' from command line to 'False'
[0.213s] DEBUG:colcon.colcon_core.verb:Building package 'substation_sim' with the following arguments: {'ament_cmake_args': None, 'build_base': '/home/robot/ros2_ws/build/substation_sim', 'catkin_cmake_args': None, 'catkin_skip_building_tests': False, 'cmake_args': None, 'cmake_clean_cache': False, 'cmake_clean_first': False, 'cmake_force_configure': False, 'cmake_target': None, 'cmake_target_skip_unavailable': False, 'install_base': '/home/robot/ros2_ws/install/substation_sim', 'merge_install': False, 'path': '/home/robot/ros2_ws/project1/ros2_ws/src/substation_sim', 'symlink_install': False, 'test_result_base': None}
[0.213s] Level 5:colcon.colcon_core.verb:set package 'my_robot' build argument 'cmake_args' from command line to 'None'
[0.213s] Level 5:colcon.colcon_core.verb:set package 'my_robot' build argument 'cmake_target' from command line to 'None'
[0.213s] Level 5:colcon.colcon_core.verb:set package 'my_robot' build argument 'cmake_target_skip_unavailable' from command line to 'False'
[0.213s] Level 5:colcon.colcon_core.verb:set package 'my_robot' build argument 'cmake_clean_cache' from command line to 'False'
[0.213s] Level 5:colcon.colcon_core.verb:set package 'my_robot' build argument 'cmake_clean_first' from command line to 'False'
[0.213s] Level 5:colcon.colcon_core.verb:set package 'my_robot' build argument 'cmake_force_configure' from command line to 'False'
[0.213s] Level 5:colcon.colcon_core.verb:set package 'my_robot' build argument 'ament_cmake_args' from command line to 'None'
[0.213s] Level 5:colcon.colcon_core.verb:set package 'my_robot' build argument 'catkin_cmake_args' from command line to 'None'
[0.213s] Level 5:colcon.colcon_core.verb:set package 'my_robot' build argument 'catkin_skip_building_tests' from command line to 'False'
[0.213s] DEBUG:colcon.colcon_core.verb:Building package 'my_robot' with the following arguments: {'ament_cmake_args': None, 'build_base': '/home/robot/ros2_ws/build/my_robot', 'catkin_cmake_args': None, 'catkin_skip_building_tests': False, 'cmake_args': None, 'cmake_clean_cache': False, 'cmake_clean_first': False, 'cmake_force_configure': False, 'cmake_target': None, 'cmake_target_skip_unavailable': False, 'install_base': '/home/robot/ros2_ws/install/my_robot', 'merge_install': False, 'path': '/home/robot/ros2_ws/src/my_robot', 'symlink_install': False, 'test_result_base': None}
[0.214s] INFO:colcon.colcon_core.executor:Executing jobs using 'parallel' executor
[0.214s] DEBUG:colcon.colcon_parallel_executor.executor.parallel:run_until_complete
[0.215s] INFO:colcon.colcon_ros.task.ament_cmake.build:Building ROS package in '/home/robot/ros2_ws/project1/ros2_ws/src/substation_sim' with build type 'ament_cmake'
[0.215s] INFO:colcon.colcon_cmake.task.cmake.build:Building CMake package in '/home/robot/ros2_ws/project1/ros2_ws/src/substation_sim'
[0.216s] INFO:colcon.colcon_core.plugin_system:Skipping extension 'colcon_core.shell.bat': Not used on non-Windows systems
[0.216s] INFO:colcon.colcon_core.shell:Skip shell extension 'powershell' for command environment: Not usable outside of PowerShell
[0.216s] DEBUG:colcon.colcon_core.shell:Skip shell extension 'dsv' for command environment
[0.224s] DEBUG:colcon.colcon_core.event_handler.log_command:Invoking command in '/home/robot/ros2_ws/build/substation_sim': CMAKE_PREFIX_PATH=/opt/ros/humble /usr/bin/cmake --build /home/robot/ros2_ws/build/substation_sim -- -j20 -l20
[0.265s] DEBUG:colcon.colcon_core.event_handler.log_command:Invoked command in '/home/robot/ros2_ws/build/substation_sim' returned '0': CMAKE_PREFIX_PATH=/opt/ros/humble /usr/bin/cmake --build /home/robot/ros2_ws/build/substation_sim -- -j20 -l20
[0.283s] DEBUG:colcon.colcon_core.event_handler.log_command:Invoking command in '/home/robot/ros2_ws/build/substation_sim': CMAKE_PREFIX_PATH=/opt/ros/humble /usr/bin/cmake --install /home/robot/ros2_ws/build/substation_sim
[0.295s] Level 1:colcon.colcon_core.environment:create_environment_scripts_only(substation_sim)
[0.295s] DEBUG:colcon.colcon_core.event_handler.log_command:Invoked command in '/home/robot/ros2_ws/build/substation_sim' returned '0': CMAKE_PREFIX_PATH=/opt/ros/humble /usr/bin/cmake --install /home/robot/ros2_ws/build/substation_sim
[0.296s] Level 1:colcon.colcon_core.environment:checking '/home/robot/ros2_ws/install/substation_sim' for CMake module files
[0.297s] Level 1:colcon.colcon_core.environment:checking '/home/robot/ros2_ws/install/substation_sim' for CMake config files
[0.297s] Level 1:colcon.colcon_core.shell:create_environment_hook('substation_sim', 'cmake_prefix_path')
[0.297s] INFO:colcon.colcon_core.shell:Creating environment hook '/home/robot/ros2_ws/install/substation_sim/share/substation_sim/hook/cmake_prefix_path.ps1'
[0.298s] INFO:colcon.colcon_core.shell:Creating environment descriptor '/home/robot/ros2_ws/install/substation_sim/share/substation_sim/hook/cmake_prefix_path.dsv'
[0.299s] INFO:colcon.colcon_core.shell:Creating environment hook '/home/robot/ros2_ws/install/substation_sim/share/substation_sim/hook/cmake_prefix_path.sh'
[0.300s] Level 1:colcon.colcon_core.environment:checking '/home/robot/ros2_ws/install/substation_sim/bin'
[0.300s] Level 1:colcon.colcon_core.environment:checking '/home/robot/ros2_ws/install/substation_sim/lib/pkgconfig/substation_sim.pc'
[0.300s] Level 1:colcon.colcon_core.environment:checking '/home/robot/ros2_ws/install/substation_sim/lib/python3.10/site-packages'
[0.300s] Level 1:colcon.colcon_core.environment:checking '/home/robot/ros2_ws/install/substation_sim/bin'
[0.301s] INFO:colcon.colcon_core.shell:Creating package script '/home/robot/ros2_ws/install/substation_sim/share/substation_sim/package.ps1'
[0.302s] INFO:colcon.colcon_core.shell:Creating package descriptor '/home/robot/ros2_ws/install/substation_sim/share/substation_sim/package.dsv'
[0.302s] INFO:colcon.colcon_core.shell:Creating package script '/home/robot/ros2_ws/install/substation_sim/share/substation_sim/package.sh'
[0.303s] INFO:colcon.colcon_core.shell:Creating package script '/home/robot/ros2_ws/install/substation_sim/share/substation_sim/package.bash'
[0.304s] INFO:colcon.colcon_core.shell:Creating package script '/home/robot/ros2_ws/install/substation_sim/share/substation_sim/package.zsh'
[0.305s] Level 1:colcon.colcon_core.environment:create_file_with_runtime_dependencies(/home/robot/ros2_ws/install/substation_sim/share/colcon-core/packages/substation_sim)
[0.305s] Level 1:colcon.colcon_core.environment:create_environment_scripts_only(substation_sim)
[0.305s] Level 1:colcon.colcon_core.environment:checking '/home/robot/ros2_ws/install/substation_sim' for CMake module files
[0.306s] Level 1:colcon.colcon_core.environment:checking '/home/robot/ros2_ws/install/substation_sim' for CMake config files
[0.306s] Level 1:colcon.colcon_core.shell:create_environment_hook('substation_sim', 'cmake_prefix_path')
[0.306s] INFO:colcon.colcon_core.shell:Creating environment hook '/home/robot/ros2_ws/install/substation_sim/share/substation_sim/hook/cmake_prefix_path.ps1'
[0.307s] INFO:colcon.colcon_core.shell:Creating environment descriptor '/home/robot/ros2_ws/install/substation_sim/share/substation_sim/hook/cmake_prefix_path.dsv'
[0.307s] INFO:colcon.colcon_core.shell:Creating environment hook '/home/robot/ros2_ws/install/substation_sim/share/substation_sim/hook/cmake_prefix_path.sh'
[0.307s] Level 1:colcon.colcon_core.environment:checking '/home/robot/ros2_ws/install/substation_sim/bin'
[0.307s] Level 1:colcon.colcon_core.environment:checking '/home/robot/ros2_ws/install/substation_sim/lib/pkgconfig/substation_sim.pc'
[0.308s] Level 1:colcon.colcon_core.environment:checking '/home/robot/ros2_ws/install/substation_sim/lib/python3.10/site-packages'
[0.308s] Level 1:colcon.colcon_core.environment:checking '/home/robot/ros2_ws/install/substation_sim/bin'
[0.308s] INFO:colcon.colcon_core.shell:Creating package script '/home/robot/ros2_ws/install/substation_sim/share/substation_sim/package.ps1'
[0.308s] INFO:colcon.colcon_core.shell:Creating package descriptor '/home/robot/ros2_ws/install/substation_sim/share/substation_sim/package.dsv'
[0.309s] INFO:colcon.colcon_core.shell:Creating package script '/home/robot/ros2_ws/install/substation_sim/share/substation_sim/package.sh'
[0.309s] INFO:colcon.colcon_core.shell:Creating package script '/home/robot/ros2_ws/install/substation_sim/share/substation_sim/package.bash'
[0.309s] INFO:colcon.colcon_core.shell:Creating package script '/home/robot/ros2_ws/install/substation_sim/share/substation_sim/package.zsh'
[0.310s] Level 1:colcon.colcon_core.environment:create_file_with_runtime_dependencies(/home/robot/ros2_ws/install/substation_sim/share/colcon-core/packages/substation_sim)
[0.310s] INFO:colcon.colcon_ros.task.ament_cmake.build:Building ROS package in '/home/robot/ros2_ws/src/my_robot' with build type 'ament_cmake'
[0.310s] INFO:colcon.colcon_cmake.task.cmake.build:Building CMake package in '/home/robot/ros2_ws/src/my_robot'
[0.310s] INFO:colcon.colcon_core.shell:Skip shell extension 'powershell' for command environment: Not usable outside of PowerShell
[0.310s] DEBUG:colcon.colcon_core.shell:Skip shell extension 'dsv' for command environment
[0.320s] DEBUG:colcon.colcon_core.event_handler.log_command:Invoking command in '/home/robot/ros2_ws/build/my_robot': AMENT_PREFIX_PATH=/home/robot/ros2_ws/install/substation_sim:${AMENT_PREFIX_PATH} CMAKE_PREFIX_PATH=/home/robot/ros2_ws/install/substation_sim:/opt/ros/humble /usr/bin/cmake --build /home/robot/ros2_ws/build/my_robot -- -j20 -l20
[1.028s] DEBUG:colcon.colcon_core.event_handler.log_command:Invoked command in '/home/robot/ros2_ws/build/my_robot' returned '0': AMENT_PREFIX_PATH=/home/robot/ros2_ws/install/substation_sim:${AMENT_PREFIX_PATH} CMAKE_PREFIX_PATH=/home/robot/ros2_ws/install/substation_sim:/opt/ros/humble /usr/bin/cmake --build /home/robot/ros2_ws/build/my_robot -- -j20 -l20
[1.032s] DEBUG:colcon.colcon_core.event_handler.log_command:Invoking command in '/home/robot/ros2_ws/build/my_robot': AMENT_PREFIX_PATH=/home/robot/ros2_ws/install/substation_sim:${AMENT_PREFIX_PATH} CMAKE_PREFIX_PATH=/home/robot/ros2_ws/install/substation_sim:/opt/ros/humble /usr/bin/cmake --install /home/robot/ros2_ws/build/my_robot
[1.055s] Level 1:colcon.colcon_core.environment:create_environment_scripts_only(my_robot)
[1.056s] Level 1:colcon.colcon_core.environment:checking '/home/robot/ros2_ws/install/my_robot' for CMake module files
[1.056s] DEBUG:colcon.colcon_core.event_handler.log_command:Invoked command in '/home/robot/ros2_ws/build/my_robot' returned '0': AMENT_PREFIX_PATH=/home/robot/ros2_ws/install/substation_sim:${AMENT_PREFIX_PATH} CMAKE_PREFIX_PATH=/home/robot/ros2_ws/install/substation_sim:/opt/ros/humble /usr/bin/cmake --install /home/robot/ros2_ws/build/my_robot
[1.056s] Level 1:colcon.colcon_core.environment:checking '/home/robot/ros2_ws/install/my_robot' for CMake config files
[1.057s] Level 1:colcon.colcon_core.shell:create_environment_hook('my_robot', 'cmake_prefix_path')
[1.057s] INFO:colcon.colcon_core.shell:Creating environment hook '/home/robot/ros2_ws/install/my_robot/share/my_robot/hook/cmake_prefix_path.ps1'
[1.057s] INFO:colcon.colcon_core.shell:Creating environment descriptor '/home/robot/ros2_ws/install/my_robot/share/my_robot/hook/cmake_prefix_path.dsv'
[1.058s] INFO:colcon.colcon_core.shell:Creating environment hook '/home/robot/ros2_ws/install/my_robot/share/my_robot/hook/cmake_prefix_path.sh'
[1.058s] Level 1:colcon.colcon_core.environment:checking '/home/robot/ros2_ws/install/my_robot/lib'
[1.058s] Level 1:colcon.colcon_core.environment:checking '/home/robot/ros2_ws/install/my_robot/bin'
[1.058s] Level 1:colcon.colcon_core.environment:checking '/home/robot/ros2_ws/install/my_robot/lib/pkgconfig/my_robot.pc'
[1.059s] Level 1:colcon.colcon_core.environment:checking '/home/robot/ros2_ws/install/my_robot/lib/python3.10/site-packages'
[1.059s] Level 1:colcon.colcon_core.environment:checking '/home/robot/ros2_ws/install/my_robot/bin'
[1.059s] INFO:colcon.colcon_core.shell:Creating package script '/home/robot/ros2_ws/install/my_robot/share/my_robot/package.ps1'
[1.060s] INFO:colcon.colcon_core.shell:Creating package descriptor '/home/robot/ros2_ws/install/my_robot/share/my_robot/package.dsv'
[1.060s] INFO:colcon.colcon_core.shell:Creating package script '/home/robot/ros2_ws/install/my_robot/share/my_robot/package.sh'
[1.061s] INFO:colcon.colcon_core.shell:Creating package script '/home/robot/ros2_ws/install/my_robot/share/my_robot/package.bash'
[1.061s] INFO:colcon.colcon_core.shell:Creating package script '/home/robot/ros2_ws/install/my_robot/share/my_robot/package.zsh'
[1.062s] Level 1:colcon.colcon_core.environment:create_file_with_runtime_dependencies(/home/robot/ros2_ws/install/my_robot/share/colcon-core/packages/my_robot)
[1.062s] Level 1:colcon.colcon_core.environment:create_environment_scripts_only(my_robot)
[1.062s] Level 1:colcon.colcon_core.environment:checking '/home/robot/ros2_ws/install/my_robot' for CMake module files
[1.063s] Level 1:colcon.colcon_core.environment:checking '/home/robot/ros2_ws/install/my_robot' for CMake config files
[1.063s] Level 1:colcon.colcon_core.shell:create_environment_hook('my_robot', 'cmake_prefix_path')
[1.063s] INFO:colcon.colcon_core.shell:Creating environment hook '/home/robot/ros2_ws/install/my_robot/share/my_robot/hook/cmake_prefix_path.ps1'
[1.064s] INFO:colcon.colcon_core.shell:Creating environment descriptor '/home/robot/ros2_ws/install/my_robot/share/my_robot/hook/cmake_prefix_path.dsv'
[1.064s] INFO:colcon.colcon_core.shell:Creating environment hook '/home/robot/ros2_ws/install/my_robot/share/my_robot/hook/cmake_prefix_path.sh'
[1.064s] Level 1:colcon.colcon_core.environment:checking '/home/robot/ros2_ws/install/my_robot/lib'
[1.064s] Level 1:colcon.colcon_core.environment:checking '/home/robot/ros2_ws/install/my_robot/bin'
[1.064s] Level 1:colcon.colcon_core.environment:checking '/home/robot/ros2_ws/install/my_robot/lib/pkgconfig/my_robot.pc'
[1.065s] Level 1:colcon.colcon_core.environment:checking '/home/robot/ros2_ws/install/my_robot/lib/python3.10/site-packages'
[1.065s] Level 1:colcon.colcon_core.environment:checking '/home/robot/ros2_ws/install/my_robot/bin'
[1.065s] INFO:colcon.colcon_core.shell:Creating package script '/home/robot/ros2_ws/install/my_robot/share/my_robot/package.ps1'
[1.065s] INFO:colcon.colcon_core.shell:Creating package descriptor '/home/robot/ros2_ws/install/my_robot/share/my_robot/package.dsv'
[1.066s] INFO:colcon.colcon_core.shell:Creating package script '/home/robot/ros2_ws/install/my_robot/share/my_robot/package.sh'
[1.066s] INFO:colcon.colcon_core.shell:Creating package script '/home/robot/ros2_ws/install/my_robot/share/my_robot/package.bash'
[1.066s] INFO:colcon.colcon_core.shell:Creating package script '/home/robot/ros2_ws/install/my_robot/share/my_robot/package.zsh'
[1.067s] Level 1:colcon.colcon_core.environment:create_file_with_runtime_dependencies(/home/robot/ros2_ws/install/my_robot/share/colcon-core/packages/my_robot)
[1.067s] DEBUG:colcon.colcon_parallel_executor.executor.parallel:closing loop
[1.067s] DEBUG:colcon.colcon_parallel_executor.executor.parallel:loop closed
[1.067s] DEBUG:colcon.colcon_parallel_executor.executor.parallel:run_until_complete finished with '0'
[1.067s] DEBUG:colcon.colcon_core.event_reactor:joining thread
[1.072s] INFO:colcon.colcon_core.plugin_system:Skipping extension 'colcon_notification.desktop_notification.terminal_notifier': Not used on non-Darwin systems
[1.072s] INFO:colcon.colcon_core.plugin_system:Skipping extension 'colcon_notification.desktop_notification.win32': Not used on non-Windows systems
[1.072s] INFO:colcon.colcon_notification.desktop_notification:Sending desktop notification using 'notify2'
[1.083s] DEBUG:colcon.colcon_core.event_reactor:joined thread
[1.083s] INFO:colcon.colcon_core.shell:Creating prefix script '/home/robot/ros2_ws/install/local_setup.ps1'
[1.084s] INFO:colcon.colcon_core.shell:Creating prefix util module '/home/robot/ros2_ws/install/_local_setup_util_ps1.py'
[1.085s] INFO:colcon.colcon_core.shell:Creating prefix chain script '/home/robot/ros2_ws/install/setup.ps1'
[1.085s] INFO:colcon.colcon_core.shell:Creating prefix script '/home/robot/ros2_ws/install/local_setup.sh'
[1.086s] INFO:colcon.colcon_core.shell:Creating prefix util module '/home/robot/ros2_ws/install/_local_setup_util_sh.py'
[1.086s] INFO:colcon.colcon_core.shell:Creating prefix chain script '/home/robot/ros2_ws/install/setup.sh'
[1.087s] INFO:colcon.colcon_core.shell:Creating prefix script '/home/robot/ros2_ws/install/local_setup.bash'
[1.087s] INFO:colcon.colcon_core.shell:Creating prefix chain script '/home/robot/ros2_ws/install/setup.bash'
[1.087s] INFO:colcon.colcon_core.shell:Creating prefix script '/home/robot/ros2_ws/install/local_setup.zsh'
[1.088s] INFO:colcon.colcon_core.shell:Creating prefix chain script '/home/robot/ros2_ws/install/setup.zsh'
