[0.197s] DEBUG:colcon:Command line arguments: ['/usr/bin/colcon', 'build', '--packages-select', 'substation_sim', 'my_robot']
[0.197s] DEBUG:colcon:Parsed command line arguments: Namespace(log_base=None, log_level=None, verb_name='build', build_base='build', install_base='install', merge_install=False, symlink_install=False, test_result_base=None, continue_on_error=False, executor='parallel', parallel_workers=20, event_handlers=None, ignore_user_meta=False, metas=['./colcon.meta'], base_paths=['.'], packages_ignore=None, packages_ignore_regex=None, paths=None, packages_up_to=None, packages_up_to_regex=None, packages_above=None, packages_above_and_dependencies=None, packages_above_depth=None, packages_select_by_dep=None, packages_skip_by_dep=None, packages_skip_up_to=None, packages_select_build_failed=False, packages_skip_build_finished=False, packages_select_test_failures=False, packages_skip_test_passed=False, packages_select=['substation_sim', 'my_robot'], packages_skip=None, packages_select_regex=None, packages_skip_regex=None, packages_start=None, packages_end=None, allow_overriding=[], cmake_args=None, cmake_target=None, cmake_target_skip_unavailable=False, cmake_clean_cache=False, cmake_clean_first=False, cmake_force_configure=False, ament_cmake_args=None, catkin_cmake_args=None, catkin_skip_building_tests=False, verb_parser=<colcon_defaults.argument_parser.defaults.DefaultArgumentsDecorator object at 0x787fe6f1f6a0>, verb_extension=<colcon_core.verb.build.BuildVerb object at 0x787fe70cceb0>, main=<bound method BuildVerb.main of <colcon_core.verb.build.BuildVerb object at 0x787fe70cceb0>>)
[0.334s] Level 1:colcon.colcon_core.package_discovery:discover_packages(colcon_meta) check parameters
[0.334s] Level 1:colcon.colcon_core.package_discovery:discover_packages(recursive) check parameters
[0.334s] Level 1:colcon.colcon_core.package_discovery:discover_packages(ignore) check parameters
[0.334s] Level 1:colcon.colcon_core.package_discovery:discover_packages(path) check parameters
[0.334s] Level 1:colcon.colcon_core.package_discovery:discover_packages(colcon_meta) discover
[0.334s] Level 1:colcon.colcon_core.package_discovery:discover_packages(recursive) discover
[0.334s] INFO:colcon.colcon_core.package_discovery:Crawling recursively for packages in '/home/fsz/workspace/robotsoftware/AUG/ros2_ws'
[0.334s] Level 1:colcon.colcon_core.package_identification:_identify(.) by extensions ['ignore', 'ignore_ament_install']
[0.334s] Level 1:colcon.colcon_core.package_identification:_identify(.) by extension 'ignore'
[0.334s] Level 1:colcon.colcon_core.package_identification:_identify(.) by extension 'ignore_ament_install'
[0.334s] Level 1:colcon.colcon_core.package_identification:_identify(.) by extensions ['colcon_pkg']
[0.334s] Level 1:colcon.colcon_core.package_identification:_identify(.) by extension 'colcon_pkg'
[0.334s] Level 1:colcon.colcon_core.package_identification:_identify(.) by extensions ['colcon_meta']
[0.334s] Level 1:colcon.colcon_core.package_identification:_identify(.) by extension 'colcon_meta'
[0.334s] Level 1:colcon.colcon_core.package_identification:_identify(.) by extensions ['ros']
[0.334s] Level 1:colcon.colcon_core.package_identification:_identify(.) by extension 'ros'
[0.342s] Level 1:colcon.colcon_core.package_identification:_identify(.) by extensions ['cmake', 'python']
[0.342s] Level 1:colcon.colcon_core.package_identification:_identify(.) by extension 'cmake'
[0.342s] Level 1:colcon.colcon_core.package_identification:_identify(.) by extension 'python'
[0.342s] Level 1:colcon.colcon_core.package_identification:_identify(.) by extensions ['python_setup_py']
[0.342s] Level 1:colcon.colcon_core.package_identification:_identify(.) by extension 'python_setup_py'
[0.343s] Level 1:colcon.colcon_core.package_identification:_identify(build) by extensions ['ignore', 'ignore_ament_install']
[0.343s] Level 1:colcon.colcon_core.package_identification:_identify(build) by extension 'ignore'
[0.343s] Level 1:colcon.colcon_core.package_identification:_identify(build) ignored
[0.343s] Level 1:colcon.colcon_core.package_identification:_identify(install) by extensions ['ignore', 'ignore_ament_install']
[0.343s] Level 1:colcon.colcon_core.package_identification:_identify(install) by extension 'ignore'
[0.343s] Level 1:colcon.colcon_core.package_identification:_identify(install) ignored
[0.343s] Level 1:colcon.colcon_core.package_identification:_identify(log) by extensions ['ignore', 'ignore_ament_install']
[0.343s] Level 1:colcon.colcon_core.package_identification:_identify(log) by extension 'ignore'
[0.343s] Level 1:colcon.colcon_core.package_identification:_identify(log) ignored
[0.343s] Level 1:colcon.colcon_core.package_identification:_identify(src) by extensions ['ignore', 'ignore_ament_install']
[0.343s] Level 1:colcon.colcon_core.package_identification:_identify(src) by extension 'ignore'
[0.343s] Level 1:colcon.colcon_core.package_identification:_identify(src) by extension 'ignore_ament_install'
[0.343s] Level 1:colcon.colcon_core.package_identification:_identify(src) by extensions ['colcon_pkg']
[0.343s] Level 1:colcon.colcon_core.package_identification:_identify(src) by extension 'colcon_pkg'
[0.343s] Level 1:colcon.colcon_core.package_identification:_identify(src) by extensions ['colcon_meta']
[0.343s] Level 1:colcon.colcon_core.package_identification:_identify(src) by extension 'colcon_meta'
[0.343s] Level 1:colcon.colcon_core.package_identification:_identify(src) by extensions ['ros']
[0.343s] Level 1:colcon.colcon_core.package_identification:_identify(src) by extension 'ros'
[0.343s] Level 1:colcon.colcon_core.package_identification:_identify(src) by extensions ['cmake', 'python']
[0.343s] Level 1:colcon.colcon_core.package_identification:_identify(src) by extension 'cmake'
[0.343s] Level 1:colcon.colcon_core.package_identification:_identify(src) by extension 'python'
[0.343s] Level 1:colcon.colcon_core.package_identification:_identify(src) by extensions ['python_setup_py']
[0.343s] Level 1:colcon.colcon_core.package_identification:_identify(src) by extension 'python_setup_py'
[0.343s] Level 1:colcon.colcon_core.package_identification:_identify(src/my_robot) by extensions ['ignore', 'ignore_ament_install']
[0.343s] Level 1:colcon.colcon_core.package_identification:_identify(src/my_robot) by extension 'ignore'
[0.343s] Level 1:colcon.colcon_core.package_identification:_identify(src/my_robot) by extension 'ignore_ament_install'
[0.343s] Level 1:colcon.colcon_core.package_identification:_identify(src/my_robot) by extensions ['colcon_pkg']
[0.344s] Level 1:colcon.colcon_core.package_identification:_identify(src/my_robot) by extension 'colcon_pkg'
[0.344s] Level 1:colcon.colcon_core.package_identification:_identify(src/my_robot) by extensions ['colcon_meta']
[0.344s] Level 1:colcon.colcon_core.package_identification:_identify(src/my_robot) by extension 'colcon_meta'
[0.344s] Level 1:colcon.colcon_core.package_identification:_identify(src/my_robot) by extensions ['ros']
[0.344s] Level 1:colcon.colcon_core.package_identification:_identify(src/my_robot) by extension 'ros'
[0.345s] DEBUG:colcon.colcon_core.package_identification:Package 'src/my_robot' with type 'ros.ament_cmake' and name 'my_robot'
[0.346s] Level 1:colcon.colcon_core.package_identification:_identify(src/substation_sim) by extensions ['ignore', 'ignore_ament_install']
[0.346s] Level 1:colcon.colcon_core.package_identification:_identify(src/substation_sim) by extension 'ignore'
[0.346s] Level 1:colcon.colcon_core.package_identification:_identify(src/substation_sim) by extension 'ignore_ament_install'
[0.346s] Level 1:colcon.colcon_core.package_identification:_identify(src/substation_sim) by extensions ['colcon_pkg']
[0.346s] Level 1:colcon.colcon_core.package_identification:_identify(src/substation_sim) by extension 'colcon_pkg'
[0.346s] Level 1:colcon.colcon_core.package_identification:_identify(src/substation_sim) by extensions ['colcon_meta']
[0.346s] Level 1:colcon.colcon_core.package_identification:_identify(src/substation_sim) by extension 'colcon_meta'
[0.346s] Level 1:colcon.colcon_core.package_identification:_identify(src/substation_sim) by extensions ['ros']
[0.346s] Level 1:colcon.colcon_core.package_identification:_identify(src/substation_sim) by extension 'ros'
[0.346s] DEBUG:colcon.colcon_core.package_identification:Package 'src/substation_sim' with type 'ros.ament_cmake' and name 'substation_sim'
[0.346s] Level 1:colcon.colcon_core.package_discovery:discover_packages(recursive) using defaults
[0.346s] Level 1:colcon.colcon_core.package_discovery:discover_packages(ignore) discover
[0.346s] Level 1:colcon.colcon_core.package_discovery:discover_packages(ignore) using defaults
[0.346s] Level 1:colcon.colcon_core.package_discovery:discover_packages(path) discover
[0.346s] Level 1:colcon.colcon_core.package_discovery:discover_packages(path) using defaults
[0.360s] Level 1:colcon.colcon_core.package_discovery:discover_packages(prefix_path) check parameters
[0.361s] Level 1:colcon.colcon_core.package_discovery:discover_packages(prefix_path) discover
[0.362s] DEBUG:colcon.colcon_installed_package_information.package_discovery:Found 272 installed packages in /opt/ros/humble
[0.363s] Level 1:colcon.colcon_core.package_discovery:discover_packages(prefix_path) using defaults
[0.390s] Level 5:colcon.colcon_core.verb:set package 'substation_sim' build argument 'cmake_args' from command line to 'None'
[0.390s] Level 5:colcon.colcon_core.verb:set package 'substation_sim' build argument 'cmake_target' from command line to 'None'
[0.391s] Level 5:colcon.colcon_core.verb:set package 'substation_sim' build argument 'cmake_target_skip_unavailable' from command line to 'False'
[0.391s] Level 5:colcon.colcon_core.verb:set package 'substation_sim' build argument 'cmake_clean_cache' from command line to 'False'
[0.391s] Level 5:colcon.colcon_core.verb:set package 'substation_sim' build argument 'cmake_clean_first' from command line to 'False'
[0.391s] Level 5:colcon.colcon_core.verb:set package 'substation_sim' build argument 'cmake_force_configure' from command line to 'False'
[0.391s] Level 5:colcon.colcon_core.verb:set package 'substation_sim' build argument 'ament_cmake_args' from command line to 'None'
[0.391s] Level 5:colcon.colcon_core.verb:set package 'substation_sim' build argument 'catkin_cmake_args' from command line to 'None'
[0.391s] Level 5:colcon.colcon_core.verb:set package 'substation_sim' build argument 'catkin_skip_building_tests' from command line to 'False'
[0.391s] DEBUG:colcon.colcon_core.verb:Building package 'substation_sim' with the following arguments: {'ament_cmake_args': None, 'build_base': '/home/fsz/workspace/robotsoftware/AUG/ros2_ws/build/substation_sim', 'catkin_cmake_args': None, 'catkin_skip_building_tests': False, 'cmake_args': None, 'cmake_clean_cache': False, 'cmake_clean_first': False, 'cmake_force_configure': False, 'cmake_target': None, 'cmake_target_skip_unavailable': False, 'install_base': '/home/fsz/workspace/robotsoftware/AUG/ros2_ws/install/substation_sim', 'merge_install': False, 'path': '/home/fsz/workspace/robotsoftware/AUG/ros2_ws/src/substation_sim', 'symlink_install': False, 'test_result_base': None}
[0.391s] Level 5:colcon.colcon_core.verb:set package 'my_robot' build argument 'cmake_args' from command line to 'None'
[0.391s] Level 5:colcon.colcon_core.verb:set package 'my_robot' build argument 'cmake_target' from command line to 'None'
[0.391s] Level 5:colcon.colcon_core.verb:set package 'my_robot' build argument 'cmake_target_skip_unavailable' from command line to 'False'
[0.391s] Level 5:colcon.colcon_core.verb:set package 'my_robot' build argument 'cmake_clean_cache' from command line to 'False'
[0.391s] Level 5:colcon.colcon_core.verb:set package 'my_robot' build argument 'cmake_clean_first' from command line to 'False'
[0.391s] Level 5:colcon.colcon_core.verb:set package 'my_robot' build argument 'cmake_force_configure' from command line to 'False'
[0.391s] Level 5:colcon.colcon_core.verb:set package 'my_robot' build argument 'ament_cmake_args' from command line to 'None'
[0.391s] Level 5:colcon.colcon_core.verb:set package 'my_robot' build argument 'catkin_cmake_args' from command line to 'None'
[0.391s] Level 5:colcon.colcon_core.verb:set package 'my_robot' build argument 'catkin_skip_building_tests' from command line to 'False'
[0.391s] DEBUG:colcon.colcon_core.verb:Building package 'my_robot' with the following arguments: {'ament_cmake_args': None, 'build_base': '/home/fsz/workspace/robotsoftware/AUG/ros2_ws/build/my_robot', 'catkin_cmake_args': None, 'catkin_skip_building_tests': False, 'cmake_args': None, 'cmake_clean_cache': False, 'cmake_clean_first': False, 'cmake_force_configure': False, 'cmake_target': None, 'cmake_target_skip_unavailable': False, 'install_base': '/home/fsz/workspace/robotsoftware/AUG/ros2_ws/install/my_robot', 'merge_install': False, 'path': '/home/fsz/workspace/robotsoftware/AUG/ros2_ws/src/my_robot', 'symlink_install': False, 'test_result_base': None}
[0.391s] INFO:colcon.colcon_core.executor:Executing jobs using 'parallel' executor
[0.392s] DEBUG:colcon.colcon_parallel_executor.executor.parallel:run_until_complete
[0.392s] INFO:colcon.colcon_ros.task.ament_cmake.build:Building ROS package in '/home/fsz/workspace/robotsoftware/AUG/ros2_ws/src/substation_sim' with build type 'ament_cmake'
[0.392s] INFO:colcon.colcon_cmake.task.cmake.build:Building CMake package in '/home/fsz/workspace/robotsoftware/AUG/ros2_ws/src/substation_sim'
[0.395s] INFO:colcon.colcon_core.plugin_system:Skipping extension 'colcon_core.shell.bat': Not used on non-Windows systems
[0.395s] INFO:colcon.colcon_core.shell:Skip shell extension 'powershell' for command environment: Not usable outside of PowerShell
[0.395s] DEBUG:colcon.colcon_core.shell:Skip shell extension 'dsv' for command environment
[0.402s] DEBUG:colcon.colcon_core.event_handler.log_command:Invoking command in '/home/fsz/workspace/robotsoftware/AUG/ros2_ws/build/substation_sim': CMAKE_PREFIX_PATH=/opt/ros/humble PS1=${debian_chroot:+($debian_chroot)}\u@\h:\w\$ __trae_PS1=\n(TraeAI-2) \w [$?] $ /usr/bin/cmake /home/fsz/workspace/robotsoftware/AUG/ros2_ws/src/substation_sim -DCMAKE_INSTALL_PREFIX=/home/fsz/workspace/robotsoftware/AUG/ros2_ws/install/substation_sim
[1.432s] DEBUG:colcon.colcon_core.event_handler.log_command:Invoked command in '/home/fsz/workspace/robotsoftware/AUG/ros2_ws/build/substation_sim' returned '0': CMAKE_PREFIX_PATH=/opt/ros/humble PS1=${debian_chroot:+($debian_chroot)}\u@\h:\w\$ __trae_PS1=\n(TraeAI-2) \w [$?] $ /usr/bin/cmake /home/fsz/workspace/robotsoftware/AUG/ros2_ws/src/substation_sim -DCMAKE_INSTALL_PREFIX=/home/fsz/workspace/robotsoftware/AUG/ros2_ws/install/substation_sim
[1.434s] DEBUG:colcon.colcon_core.event_handler.log_command:Invoking command in '/home/fsz/workspace/robotsoftware/AUG/ros2_ws/build/substation_sim': CMAKE_PREFIX_PATH=/opt/ros/humble PS1=${debian_chroot:+($debian_chroot)}\u@\h:\w\$ __trae_PS1=\n(TraeAI-2) \w [$?] $ /usr/bin/cmake --build /home/fsz/workspace/robotsoftware/AUG/ros2_ws/build/substation_sim -- -j20 -l20
[1.488s] DEBUG:colcon.colcon_core.event_handler.log_command:Invoked command in '/home/fsz/workspace/robotsoftware/AUG/ros2_ws/build/substation_sim' returned '0': CMAKE_PREFIX_PATH=/opt/ros/humble PS1=${debian_chroot:+($debian_chroot)}\u@\h:\w\$ __trae_PS1=\n(TraeAI-2) \w [$?] $ /usr/bin/cmake --build /home/fsz/workspace/robotsoftware/AUG/ros2_ws/build/substation_sim -- -j20 -l20
[1.509s] DEBUG:colcon.colcon_core.event_handler.log_command:Invoking command in '/home/fsz/workspace/robotsoftware/AUG/ros2_ws/build/substation_sim': CMAKE_PREFIX_PATH=/opt/ros/humble PS1=${debian_chroot:+($debian_chroot)}\u@\h:\w\$ __trae_PS1=\n(TraeAI-2) \w [$?] $ /usr/bin/cmake --install /home/fsz/workspace/robotsoftware/AUG/ros2_ws/build/substation_sim
[1.538s] Level 1:colcon.colcon_core.environment:create_environment_scripts_only(substation_sim)
[1.538s] DEBUG:colcon.colcon_core.event_handler.log_command:Invoked command in '/home/fsz/workspace/robotsoftware/AUG/ros2_ws/build/substation_sim' returned '0': CMAKE_PREFIX_PATH=/opt/ros/humble PS1=${debian_chroot:+($debian_chroot)}\u@\h:\w\$ __trae_PS1=\n(TraeAI-2) \w [$?] $ /usr/bin/cmake --install /home/fsz/workspace/robotsoftware/AUG/ros2_ws/build/substation_sim
[1.544s] Level 1:colcon.colcon_core.environment:checking '/home/fsz/workspace/robotsoftware/AUG/ros2_ws/install/substation_sim' for CMake module files
[1.545s] Level 1:colcon.colcon_core.environment:checking '/home/fsz/workspace/robotsoftware/AUG/ros2_ws/install/substation_sim' for CMake config files
[1.545s] Level 1:colcon.colcon_core.shell:create_environment_hook('substation_sim', 'cmake_prefix_path')
[1.546s] INFO:colcon.colcon_core.shell:Creating environment hook '/home/fsz/workspace/robotsoftware/AUG/ros2_ws/install/substation_sim/share/substation_sim/hook/cmake_prefix_path.ps1'
[1.546s] INFO:colcon.colcon_core.shell:Creating environment descriptor '/home/fsz/workspace/robotsoftware/AUG/ros2_ws/install/substation_sim/share/substation_sim/hook/cmake_prefix_path.dsv'
[1.547s] INFO:colcon.colcon_core.shell:Creating environment hook '/home/fsz/workspace/robotsoftware/AUG/ros2_ws/install/substation_sim/share/substation_sim/hook/cmake_prefix_path.sh'
[1.548s] Level 1:colcon.colcon_core.environment:checking '/home/fsz/workspace/robotsoftware/AUG/ros2_ws/install/substation_sim/bin'
[1.548s] Level 1:colcon.colcon_core.environment:checking '/home/fsz/workspace/robotsoftware/AUG/ros2_ws/install/substation_sim/lib/pkgconfig/substation_sim.pc'
[1.548s] Level 1:colcon.colcon_core.environment:checking '/home/fsz/workspace/robotsoftware/AUG/ros2_ws/install/substation_sim/lib/python3.10/site-packages'
[1.549s] Level 1:colcon.colcon_core.environment:checking '/home/fsz/workspace/robotsoftware/AUG/ros2_ws/install/substation_sim/bin'
[1.549s] INFO:colcon.colcon_core.shell:Creating package script '/home/fsz/workspace/robotsoftware/AUG/ros2_ws/install/substation_sim/share/substation_sim/package.ps1'
[1.550s] INFO:colcon.colcon_core.shell:Creating package descriptor '/home/fsz/workspace/robotsoftware/AUG/ros2_ws/install/substation_sim/share/substation_sim/package.dsv'
[1.550s] INFO:colcon.colcon_core.shell:Creating package script '/home/fsz/workspace/robotsoftware/AUG/ros2_ws/install/substation_sim/share/substation_sim/package.sh'
[1.551s] INFO:colcon.colcon_core.shell:Creating package script '/home/fsz/workspace/robotsoftware/AUG/ros2_ws/install/substation_sim/share/substation_sim/package.bash'
[1.552s] INFO:colcon.colcon_core.shell:Creating package script '/home/fsz/workspace/robotsoftware/AUG/ros2_ws/install/substation_sim/share/substation_sim/package.zsh'
[1.552s] Level 1:colcon.colcon_core.environment:create_file_with_runtime_dependencies(/home/fsz/workspace/robotsoftware/AUG/ros2_ws/install/substation_sim/share/colcon-core/packages/substation_sim)
[1.553s] Level 1:colcon.colcon_core.environment:create_environment_scripts_only(substation_sim)
[1.553s] Level 1:colcon.colcon_core.environment:checking '/home/fsz/workspace/robotsoftware/AUG/ros2_ws/install/substation_sim' for CMake module files
[1.553s] Level 1:colcon.colcon_core.environment:checking '/home/fsz/workspace/robotsoftware/AUG/ros2_ws/install/substation_sim' for CMake config files
[1.554s] Level 1:colcon.colcon_core.shell:create_environment_hook('substation_sim', 'cmake_prefix_path')
[1.554s] INFO:colcon.colcon_core.shell:Creating environment hook '/home/fsz/workspace/robotsoftware/AUG/ros2_ws/install/substation_sim/share/substation_sim/hook/cmake_prefix_path.ps1'
[1.554s] INFO:colcon.colcon_core.shell:Creating environment descriptor '/home/fsz/workspace/robotsoftware/AUG/ros2_ws/install/substation_sim/share/substation_sim/hook/cmake_prefix_path.dsv'
[1.555s] INFO:colcon.colcon_core.shell:Creating environment hook '/home/fsz/workspace/robotsoftware/AUG/ros2_ws/install/substation_sim/share/substation_sim/hook/cmake_prefix_path.sh'
[1.555s] Level 1:colcon.colcon_core.environment:checking '/home/fsz/workspace/robotsoftware/AUG/ros2_ws/install/substation_sim/bin'
[1.555s] Level 1:colcon.colcon_core.environment:checking '/home/fsz/workspace/robotsoftware/AUG/ros2_ws/install/substation_sim/lib/pkgconfig/substation_sim.pc'
[1.556s] Level 1:colcon.colcon_core.environment:checking '/home/fsz/workspace/robotsoftware/AUG/ros2_ws/install/substation_sim/lib/python3.10/site-packages'
[1.556s] Level 1:colcon.colcon_core.environment:checking '/home/fsz/workspace/robotsoftware/AUG/ros2_ws/install/substation_sim/bin'
[1.556s] INFO:colcon.colcon_core.shell:Creating package script '/home/fsz/workspace/robotsoftware/AUG/ros2_ws/install/substation_sim/share/substation_sim/package.ps1'
[1.557s] INFO:colcon.colcon_core.shell:Creating package descriptor '/home/fsz/workspace/robotsoftware/AUG/ros2_ws/install/substation_sim/share/substation_sim/package.dsv'
[1.558s] INFO:colcon.colcon_core.shell:Creating package script '/home/fsz/workspace/robotsoftware/AUG/ros2_ws/install/substation_sim/share/substation_sim/package.sh'
[1.558s] INFO:colcon.colcon_core.shell:Creating package script '/home/fsz/workspace/robotsoftware/AUG/ros2_ws/install/substation_sim/share/substation_sim/package.bash'
[1.559s] INFO:colcon.colcon_core.shell:Creating package script '/home/fsz/workspace/robotsoftware/AUG/ros2_ws/install/substation_sim/share/substation_sim/package.zsh'
[1.559s] Level 1:colcon.colcon_core.environment:create_file_with_runtime_dependencies(/home/fsz/workspace/robotsoftware/AUG/ros2_ws/install/substation_sim/share/colcon-core/packages/substation_sim)
[1.560s] INFO:colcon.colcon_ros.task.ament_cmake.build:Building ROS package in '/home/fsz/workspace/robotsoftware/AUG/ros2_ws/src/my_robot' with build type 'ament_cmake'
[1.560s] INFO:colcon.colcon_cmake.task.cmake.build:Building CMake package in '/home/fsz/workspace/robotsoftware/AUG/ros2_ws/src/my_robot'
[1.560s] INFO:colcon.colcon_core.shell:Skip shell extension 'powershell' for command environment: Not usable outside of PowerShell
[1.560s] DEBUG:colcon.colcon_core.shell:Skip shell extension 'dsv' for command environment
[1.578s] DEBUG:colcon.colcon_core.event_handler.log_command:Invoking command in '/home/fsz/workspace/robotsoftware/AUG/ros2_ws/build/my_robot': AMENT_PREFIX_PATH=/home/fsz/workspace/robotsoftware/AUG/ros2_ws/install/substation_sim:${AMENT_PREFIX_PATH} CMAKE_PREFIX_PATH=/home/fsz/workspace/robotsoftware/AUG/ros2_ws/install/substation_sim:/opt/ros/humble PS1=${debian_chroot:+($debian_chroot)}\u@\h:\w\$ __trae_PS1=\n(TraeAI-2) \w [$?] $ /usr/bin/cmake --build /home/fsz/workspace/robotsoftware/AUG/ros2_ws/build/my_robot -- -j20 -l20
[1.606s] DEBUG:colcon.colcon_core.event_handler.log_command:Invoked command in '/home/fsz/workspace/robotsoftware/AUG/ros2_ws/build/my_robot' returned '2': AMENT_PREFIX_PATH=/home/fsz/workspace/robotsoftware/AUG/ros2_ws/install/substation_sim:${AMENT_PREFIX_PATH} CMAKE_PREFIX_PATH=/home/fsz/workspace/robotsoftware/AUG/ros2_ws/install/substation_sim:/opt/ros/humble PS1=${debian_chroot:+($debian_chroot)}\u@\h:\w\$ __trae_PS1=\n(TraeAI-2) \w [$?] $ /usr/bin/cmake --build /home/fsz/workspace/robotsoftware/AUG/ros2_ws/build/my_robot -- -j20 -l20
[1.607s] Level 1:colcon.colcon_core.environment:create_environment_scripts_only(my_robot)
[1.607s] Level 1:colcon.colcon_core.environment:checking '/home/fsz/workspace/robotsoftware/AUG/ros2_ws/install/my_robot' for CMake module files
[1.614s] Level 1:colcon.colcon_core.environment:checking '/home/fsz/workspace/robotsoftware/AUG/ros2_ws/install/my_robot' for CMake config files
[1.621s] Level 1:colcon.colcon_core.shell:create_environment_hook('my_robot', 'cmake_prefix_path')
[1.622s] INFO:colcon.colcon_core.shell:Creating environment hook '/home/fsz/workspace/robotsoftware/AUG/ros2_ws/install/my_robot/share/my_robot/hook/cmake_prefix_path.ps1'
[1.624s] INFO:colcon.colcon_core.shell:Creating environment descriptor '/home/fsz/workspace/robotsoftware/AUG/ros2_ws/install/my_robot/share/my_robot/hook/cmake_prefix_path.dsv'
[1.625s] INFO:colcon.colcon_core.shell:Creating environment hook '/home/fsz/workspace/robotsoftware/AUG/ros2_ws/install/my_robot/share/my_robot/hook/cmake_prefix_path.sh'
[1.627s] Level 1:colcon.colcon_core.environment:checking '/home/fsz/workspace/robotsoftware/AUG/ros2_ws/install/my_robot/lib'
[1.628s] Level 1:colcon.colcon_core.environment:checking '/home/fsz/workspace/robotsoftware/AUG/ros2_ws/install/my_robot/bin'
[1.628s] Level 1:colcon.colcon_core.environment:checking '/home/fsz/workspace/robotsoftware/AUG/ros2_ws/install/my_robot/lib/pkgconfig/my_robot.pc'
[1.629s] Level 1:colcon.colcon_core.environment:checking '/home/fsz/workspace/robotsoftware/AUG/ros2_ws/install/my_robot/lib/python3.10/site-packages'
[1.630s] Level 1:colcon.colcon_core.environment:checking '/home/fsz/workspace/robotsoftware/AUG/ros2_ws/install/my_robot/bin'
[1.631s] INFO:colcon.colcon_core.shell:Creating package script '/home/fsz/workspace/robotsoftware/AUG/ros2_ws/install/my_robot/share/my_robot/package.ps1'
[1.632s] INFO:colcon.colcon_core.shell:Creating package descriptor '/home/fsz/workspace/robotsoftware/AUG/ros2_ws/install/my_robot/share/my_robot/package.dsv'
[1.633s] INFO:colcon.colcon_core.shell:Creating package script '/home/fsz/workspace/robotsoftware/AUG/ros2_ws/install/my_robot/share/my_robot/package.sh'
[1.634s] INFO:colcon.colcon_core.shell:Creating package script '/home/fsz/workspace/robotsoftware/AUG/ros2_ws/install/my_robot/share/my_robot/package.bash'
[1.635s] INFO:colcon.colcon_core.shell:Creating package script '/home/fsz/workspace/robotsoftware/AUG/ros2_ws/install/my_robot/share/my_robot/package.zsh'
[1.636s] Level 1:colcon.colcon_core.environment:create_file_with_runtime_dependencies(/home/fsz/workspace/robotsoftware/AUG/ros2_ws/install/my_robot/share/colcon-core/packages/my_robot)
[1.647s] DEBUG:colcon.colcon_parallel_executor.executor.parallel:closing loop
[1.647s] DEBUG:colcon.colcon_parallel_executor.executor.parallel:loop closed
[1.647s] DEBUG:colcon.colcon_parallel_executor.executor.parallel:run_until_complete finished with '2'
[1.647s] DEBUG:colcon.colcon_core.event_reactor:joining thread
[1.659s] INFO:colcon.colcon_core.plugin_system:Skipping extension 'colcon_notification.desktop_notification.terminal_notifier': Not used on non-Darwin systems
[1.659s] INFO:colcon.colcon_core.plugin_system:Skipping extension 'colcon_notification.desktop_notification.win32': Not used on non-Windows systems
[1.660s] INFO:colcon.colcon_notification.desktop_notification:Sending desktop notification using 'notify2'
[1.676s] DEBUG:colcon.colcon_core.event_reactor:joined thread
[1.676s] INFO:colcon.colcon_core.shell:Creating prefix script '/home/fsz/workspace/robotsoftware/AUG/ros2_ws/install/local_setup.ps1'
[1.677s] INFO:colcon.colcon_core.shell:Creating prefix util module '/home/fsz/workspace/robotsoftware/AUG/ros2_ws/install/_local_setup_util_ps1.py'
[1.678s] INFO:colcon.colcon_core.shell:Creating prefix chain script '/home/fsz/workspace/robotsoftware/AUG/ros2_ws/install/setup.ps1'
[1.679s] INFO:colcon.colcon_core.shell:Creating prefix script '/home/fsz/workspace/robotsoftware/AUG/ros2_ws/install/local_setup.sh'
[1.679s] INFO:colcon.colcon_core.shell:Creating prefix util module '/home/fsz/workspace/robotsoftware/AUG/ros2_ws/install/_local_setup_util_sh.py'
[1.679s] INFO:colcon.colcon_core.shell:Creating prefix chain script '/home/fsz/workspace/robotsoftware/AUG/ros2_ws/install/setup.sh'
[1.680s] INFO:colcon.colcon_core.shell:Creating prefix script '/home/fsz/workspace/robotsoftware/AUG/ros2_ws/install/local_setup.bash'
[1.680s] INFO:colcon.colcon_core.shell:Creating prefix chain script '/home/fsz/workspace/robotsoftware/AUG/ros2_ws/install/setup.bash'
[1.681s] INFO:colcon.colcon_core.shell:Creating prefix script '/home/fsz/workspace/robotsoftware/AUG/ros2_ws/install/local_setup.zsh'
[1.681s] INFO:colcon.colcon_core.shell:Creating prefix chain script '/home/fsz/workspace/robotsoftware/AUG/ros2_ws/install/setup.zsh'
