[0.062s] DEBUG:colcon:Command line arguments: ['/usr/bin/colcon', 'build', '--packages-select', 'my_robot', 'substation_sim']
[0.062s] DEBUG:colcon:Parsed command line arguments: Namespace(log_base=None, log_level=None, verb_name='build', build_base='build', install_base='install', merge_install=False, symlink_install=False, test_result_base=None, continue_on_error=False, executor='parallel', parallel_workers=20, event_handlers=None, ignore_user_meta=False, metas=['./colcon.meta'], base_paths=['.'], packages_ignore=None, packages_ignore_regex=None, paths=None, packages_up_to=None, packages_up_to_regex=None, packages_above=None, packages_above_and_dependencies=None, packages_above_depth=None, packages_select_by_dep=None, packages_skip_by_dep=None, packages_skip_up_to=None, packages_select_build_failed=False, packages_skip_build_finished=False, packages_select_test_failures=False, packages_skip_test_passed=False, packages_select=['my_robot', 'substation_sim'], packages_skip=None, packages_select_regex=None, packages_skip_regex=None, packages_start=None, packages_end=None, allow_overriding=[], cmake_args=None, cmake_target=None, cmake_target_skip_unavailable=False, cmake_clean_cache=False, cmake_clean_first=False, cmake_force_configure=False, ament_cmake_args=None, catkin_cmake_args=None, catkin_skip_building_tests=False, verb_parser=<colcon_defaults.argument_parser.defaults.DefaultArgumentsDecorator object at 0x7629ca11b6a0>, verb_extension=<colcon_core.verb.build.BuildVerb object at 0x7629ca2c8eb0>, main=<bound method BuildVerb.main of <colcon_core.verb.build.BuildVerb object at 0x7629ca2c8eb0>>)
[0.150s] Level 1:colcon.colcon_core.package_discovery:discover_packages(colcon_meta) check parameters
[0.150s] Level 1:colcon.colcon_core.package_discovery:discover_packages(recursive) check parameters
[0.150s] Level 1:colcon.colcon_core.package_discovery:discover_packages(ignore) check parameters
[0.150s] Level 1:colcon.colcon_core.package_discovery:discover_packages(path) check parameters
[0.150s] Level 1:colcon.colcon_core.package_discovery:discover_packages(colcon_meta) discover
[0.150s] Level 1:colcon.colcon_core.package_discovery:discover_packages(recursive) discover
[0.150s] INFO:colcon.colcon_core.package_discovery:Crawling recursively for packages in '/home/fsz/workspace/robotsoftware/AUG/ros2_ws'
[0.150s] Level 1:colcon.colcon_core.package_identification:_identify(.) by extensions ['ignore', 'ignore_ament_install']
[0.150s] Level 1:colcon.colcon_core.package_identification:_identify(.) by extension 'ignore'
[0.150s] Level 1:colcon.colcon_core.package_identification:_identify(.) by extension 'ignore_ament_install'
[0.150s] Level 1:colcon.colcon_core.package_identification:_identify(.) by extensions ['colcon_pkg']
[0.150s] Level 1:colcon.colcon_core.package_identification:_identify(.) by extension 'colcon_pkg'
[0.150s] Level 1:colcon.colcon_core.package_identification:_identify(.) by extensions ['colcon_meta']
[0.150s] Level 1:colcon.colcon_core.package_identification:_identify(.) by extension 'colcon_meta'
[0.150s] Level 1:colcon.colcon_core.package_identification:_identify(.) by extensions ['ros']
[0.150s] Level 1:colcon.colcon_core.package_identification:_identify(.) by extension 'ros'
[0.158s] Level 1:colcon.colcon_core.package_identification:_identify(.) by extensions ['cmake', 'python']
[0.158s] Level 1:colcon.colcon_core.package_identification:_identify(.) by extension 'cmake'
[0.158s] Level 1:colcon.colcon_core.package_identification:_identify(.) by extension 'python'
[0.158s] Level 1:colcon.colcon_core.package_identification:_identify(.) by extensions ['python_setup_py']
[0.158s] Level 1:colcon.colcon_core.package_identification:_identify(.) by extension 'python_setup_py'
[0.158s] Level 1:colcon.colcon_core.package_identification:_identify(build) by extensions ['ignore', 'ignore_ament_install']
[0.158s] Level 1:colcon.colcon_core.package_identification:_identify(build) by extension 'ignore'
[0.158s] Level 1:colcon.colcon_core.package_identification:_identify(build) ignored
[0.158s] Level 1:colcon.colcon_core.package_identification:_identify(install) by extensions ['ignore', 'ignore_ament_install']
[0.158s] Level 1:colcon.colcon_core.package_identification:_identify(install) by extension 'ignore'
[0.158s] Level 1:colcon.colcon_core.package_identification:_identify(install) ignored
[0.158s] Level 1:colcon.colcon_core.package_identification:_identify(log) by extensions ['ignore', 'ignore_ament_install']
[0.158s] Level 1:colcon.colcon_core.package_identification:_identify(log) by extension 'ignore'
[0.158s] Level 1:colcon.colcon_core.package_identification:_identify(log) ignored
[0.158s] Level 1:colcon.colcon_core.package_identification:_identify(src) by extensions ['ignore', 'ignore_ament_install']
[0.158s] Level 1:colcon.colcon_core.package_identification:_identify(src) by extension 'ignore'
[0.158s] Level 1:colcon.colcon_core.package_identification:_identify(src) by extension 'ignore_ament_install'
[0.158s] Level 1:colcon.colcon_core.package_identification:_identify(src) by extensions ['colcon_pkg']
[0.158s] Level 1:colcon.colcon_core.package_identification:_identify(src) by extension 'colcon_pkg'
[0.158s] Level 1:colcon.colcon_core.package_identification:_identify(src) by extensions ['colcon_meta']
[0.158s] Level 1:colcon.colcon_core.package_identification:_identify(src) by extension 'colcon_meta'
[0.159s] Level 1:colcon.colcon_core.package_identification:_identify(src) by extensions ['ros']
[0.159s] Level 1:colcon.colcon_core.package_identification:_identify(src) by extension 'ros'
[0.159s] Level 1:colcon.colcon_core.package_identification:_identify(src) by extensions ['cmake', 'python']
[0.159s] Level 1:colcon.colcon_core.package_identification:_identify(src) by extension 'cmake'
[0.159s] Level 1:colcon.colcon_core.package_identification:_identify(src) by extension 'python'
[0.159s] Level 1:colcon.colcon_core.package_identification:_identify(src) by extensions ['python_setup_py']
[0.159s] Level 1:colcon.colcon_core.package_identification:_identify(src) by extension 'python_setup_py'
[0.159s] Level 1:colcon.colcon_core.package_identification:_identify(src/my_robot) by extensions ['ignore', 'ignore_ament_install']
[0.159s] Level 1:colcon.colcon_core.package_identification:_identify(src/my_robot) by extension 'ignore'
[0.159s] Level 1:colcon.colcon_core.package_identification:_identify(src/my_robot) by extension 'ignore_ament_install'
[0.159s] Level 1:colcon.colcon_core.package_identification:_identify(src/my_robot) by extensions ['colcon_pkg']
[0.159s] Level 1:colcon.colcon_core.package_identification:_identify(src/my_robot) by extension 'colcon_pkg'
[0.159s] Level 1:colcon.colcon_core.package_identification:_identify(src/my_robot) by extensions ['colcon_meta']
[0.159s] Level 1:colcon.colcon_core.package_identification:_identify(src/my_robot) by extension 'colcon_meta'
[0.159s] Level 1:colcon.colcon_core.package_identification:_identify(src/my_robot) by extensions ['ros']
[0.159s] Level 1:colcon.colcon_core.package_identification:_identify(src/my_robot) by extension 'ros'
[0.160s] DEBUG:colcon.colcon_core.package_identification:Package 'src/my_robot' with type 'ros.ament_cmake' and name 'my_robot'
[0.160s] Level 1:colcon.colcon_core.package_identification:_identify(src/substation_sim) by extensions ['ignore', 'ignore_ament_install']
[0.161s] Level 1:colcon.colcon_core.package_identification:_identify(src/substation_sim) by extension 'ignore'
[0.161s] Level 1:colcon.colcon_core.package_identification:_identify(src/substation_sim) by extension 'ignore_ament_install'
[0.161s] Level 1:colcon.colcon_core.package_identification:_identify(src/substation_sim) by extensions ['colcon_pkg']
[0.161s] Level 1:colcon.colcon_core.package_identification:_identify(src/substation_sim) by extension 'colcon_pkg'
[0.161s] Level 1:colcon.colcon_core.package_identification:_identify(src/substation_sim) by extensions ['colcon_meta']
[0.161s] Level 1:colcon.colcon_core.package_identification:_identify(src/substation_sim) by extension 'colcon_meta'
[0.161s] Level 1:colcon.colcon_core.package_identification:_identify(src/substation_sim) by extensions ['ros']
[0.161s] Level 1:colcon.colcon_core.package_identification:_identify(src/substation_sim) by extension 'ros'
[0.161s] DEBUG:colcon.colcon_core.package_identification:Package 'src/substation_sim' with type 'ros.ament_cmake' and name 'substation_sim'
[0.161s] Level 1:colcon.colcon_core.package_discovery:discover_packages(recursive) using defaults
[0.161s] Level 1:colcon.colcon_core.package_discovery:discover_packages(ignore) discover
[0.161s] Level 1:colcon.colcon_core.package_discovery:discover_packages(ignore) using defaults
[0.161s] Level 1:colcon.colcon_core.package_discovery:discover_packages(path) discover
[0.161s] Level 1:colcon.colcon_core.package_discovery:discover_packages(path) using defaults
[0.174s] Level 1:colcon.colcon_core.package_discovery:discover_packages(prefix_path) check parameters
[0.174s] Level 1:colcon.colcon_core.package_discovery:discover_packages(prefix_path) discover
[0.175s] DEBUG:colcon.colcon_installed_package_information.package_discovery:Found 272 installed packages in /opt/ros/humble
[0.177s] Level 1:colcon.colcon_core.package_discovery:discover_packages(prefix_path) using defaults
[0.203s] Level 5:colcon.colcon_core.verb:set package 'substation_sim' build argument 'cmake_args' from command line to 'None'
[0.203s] Level 5:colcon.colcon_core.verb:set package 'substation_sim' build argument 'cmake_target' from command line to 'None'
[0.203s] Level 5:colcon.colcon_core.verb:set package 'substation_sim' build argument 'cmake_target_skip_unavailable' from command line to 'False'
[0.203s] Level 5:colcon.colcon_core.verb:set package 'substation_sim' build argument 'cmake_clean_cache' from command line to 'False'
[0.203s] Level 5:colcon.colcon_core.verb:set package 'substation_sim' build argument 'cmake_clean_first' from command line to 'False'
[0.203s] Level 5:colcon.colcon_core.verb:set package 'substation_sim' build argument 'cmake_force_configure' from command line to 'False'
[0.203s] Level 5:colcon.colcon_core.verb:set package 'substation_sim' build argument 'ament_cmake_args' from command line to 'None'
[0.203s] Level 5:colcon.colcon_core.verb:set package 'substation_sim' build argument 'catkin_cmake_args' from command line to 'None'
[0.203s] Level 5:colcon.colcon_core.verb:set package 'substation_sim' build argument 'catkin_skip_building_tests' from command line to 'False'
[0.203s] DEBUG:colcon.colcon_core.verb:Building package 'substation_sim' with the following arguments: {'ament_cmake_args': None, 'build_base': '/home/fsz/workspace/robotsoftware/AUG/ros2_ws/build/substation_sim', 'catkin_cmake_args': None, 'catkin_skip_building_tests': False, 'cmake_args': None, 'cmake_clean_cache': False, 'cmake_clean_first': False, 'cmake_force_configure': False, 'cmake_target': None, 'cmake_target_skip_unavailable': False, 'install_base': '/home/fsz/workspace/robotsoftware/AUG/ros2_ws/install/substation_sim', 'merge_install': False, 'path': '/home/fsz/workspace/robotsoftware/AUG/ros2_ws/src/substation_sim', 'symlink_install': False, 'test_result_base': None}
[0.203s] Level 5:colcon.colcon_core.verb:set package 'my_robot' build argument 'cmake_args' from command line to 'None'
[0.203s] Level 5:colcon.colcon_core.verb:set package 'my_robot' build argument 'cmake_target' from command line to 'None'
[0.203s] Level 5:colcon.colcon_core.verb:set package 'my_robot' build argument 'cmake_target_skip_unavailable' from command line to 'False'
[0.203s] Level 5:colcon.colcon_core.verb:set package 'my_robot' build argument 'cmake_clean_cache' from command line to 'False'
[0.203s] Level 5:colcon.colcon_core.verb:set package 'my_robot' build argument 'cmake_clean_first' from command line to 'False'
[0.203s] Level 5:colcon.colcon_core.verb:set package 'my_robot' build argument 'cmake_force_configure' from command line to 'False'
[0.203s] Level 5:colcon.colcon_core.verb:set package 'my_robot' build argument 'ament_cmake_args' from command line to 'None'
[0.203s] Level 5:colcon.colcon_core.verb:set package 'my_robot' build argument 'catkin_cmake_args' from command line to 'None'
[0.203s] Level 5:colcon.colcon_core.verb:set package 'my_robot' build argument 'catkin_skip_building_tests' from command line to 'False'
[0.203s] DEBUG:colcon.colcon_core.verb:Building package 'my_robot' with the following arguments: {'ament_cmake_args': None, 'build_base': '/home/fsz/workspace/robotsoftware/AUG/ros2_ws/build/my_robot', 'catkin_cmake_args': None, 'catkin_skip_building_tests': False, 'cmake_args': None, 'cmake_clean_cache': False, 'cmake_clean_first': False, 'cmake_force_configure': False, 'cmake_target': None, 'cmake_target_skip_unavailable': False, 'install_base': '/home/fsz/workspace/robotsoftware/AUG/ros2_ws/install/my_robot', 'merge_install': False, 'path': '/home/fsz/workspace/robotsoftware/AUG/ros2_ws/src/my_robot', 'symlink_install': False, 'test_result_base': None}
[0.203s] INFO:colcon.colcon_core.executor:Executing jobs using 'parallel' executor
[0.204s] DEBUG:colcon.colcon_parallel_executor.executor.parallel:run_until_complete
[0.204s] INFO:colcon.colcon_ros.task.ament_cmake.build:Building ROS package in '/home/fsz/workspace/robotsoftware/AUG/ros2_ws/src/substation_sim' with build type 'ament_cmake'
[0.204s] INFO:colcon.colcon_cmake.task.cmake.build:Building CMake package in '/home/fsz/workspace/robotsoftware/AUG/ros2_ws/src/substation_sim'
[0.206s] INFO:colcon.colcon_core.plugin_system:Skipping extension 'colcon_core.shell.bat': Not used on non-Windows systems
[0.206s] INFO:colcon.colcon_core.shell:Skip shell extension 'powershell' for command environment: Not usable outside of PowerShell
[0.206s] DEBUG:colcon.colcon_core.shell:Skip shell extension 'dsv' for command environment
[0.213s] DEBUG:colcon.colcon_core.event_handler.log_command:Invoking command in '/home/fsz/workspace/robotsoftware/AUG/ros2_ws/build/substation_sim': CMAKE_PREFIX_PATH=/opt/ros/humble PS1=${debian_chroot:+($debian_chroot)}\u@\h:\w\$ __trae_PS1=\n(TraeAI-2) \w [$?] $ /usr/bin/cmake --build /home/fsz/workspace/robotsoftware/AUG/ros2_ws/build/substation_sim -- -j20 -l20
[0.249s] DEBUG:colcon.colcon_core.event_handler.log_command:Invoked command in '/home/fsz/workspace/robotsoftware/AUG/ros2_ws/build/substation_sim' returned '0': CMAKE_PREFIX_PATH=/opt/ros/humble PS1=${debian_chroot:+($debian_chroot)}\u@\h:\w\$ __trae_PS1=\n(TraeAI-2) \w [$?] $ /usr/bin/cmake --build /home/fsz/workspace/robotsoftware/AUG/ros2_ws/build/substation_sim -- -j20 -l20
[0.270s] DEBUG:colcon.colcon_core.event_handler.log_command:Invoking command in '/home/fsz/workspace/robotsoftware/AUG/ros2_ws/build/substation_sim': CMAKE_PREFIX_PATH=/opt/ros/humble PS1=${debian_chroot:+($debian_chroot)}\u@\h:\w\$ __trae_PS1=\n(TraeAI-2) \w [$?] $ /usr/bin/cmake --install /home/fsz/workspace/robotsoftware/AUG/ros2_ws/build/substation_sim
[0.296s] Level 1:colcon.colcon_core.environment:create_environment_scripts_only(substation_sim)
[0.298s] DEBUG:colcon.colcon_core.event_handler.log_command:Invoked command in '/home/fsz/workspace/robotsoftware/AUG/ros2_ws/build/substation_sim' returned '0': CMAKE_PREFIX_PATH=/opt/ros/humble PS1=${debian_chroot:+($debian_chroot)}\u@\h:\w\$ __trae_PS1=\n(TraeAI-2) \w [$?] $ /usr/bin/cmake --install /home/fsz/workspace/robotsoftware/AUG/ros2_ws/build/substation_sim
[0.300s] Level 1:colcon.colcon_core.environment:checking '/home/fsz/workspace/robotsoftware/AUG/ros2_ws/install/substation_sim' for CMake module files
[0.301s] Level 1:colcon.colcon_core.environment:checking '/home/fsz/workspace/robotsoftware/AUG/ros2_ws/install/substation_sim' for CMake config files
[0.301s] Level 1:colcon.colcon_core.shell:create_environment_hook('substation_sim', 'cmake_prefix_path')
[0.301s] INFO:colcon.colcon_core.shell:Creating environment hook '/home/fsz/workspace/robotsoftware/AUG/ros2_ws/install/substation_sim/share/substation_sim/hook/cmake_prefix_path.ps1'
[0.301s] INFO:colcon.colcon_core.shell:Creating environment descriptor '/home/fsz/workspace/robotsoftware/AUG/ros2_ws/install/substation_sim/share/substation_sim/hook/cmake_prefix_path.dsv'
[0.302s] INFO:colcon.colcon_core.shell:Creating environment hook '/home/fsz/workspace/robotsoftware/AUG/ros2_ws/install/substation_sim/share/substation_sim/hook/cmake_prefix_path.sh'
[0.302s] Level 1:colcon.colcon_core.environment:checking '/home/fsz/workspace/robotsoftware/AUG/ros2_ws/install/substation_sim/bin'
[0.303s] Level 1:colcon.colcon_core.environment:checking '/home/fsz/workspace/robotsoftware/AUG/ros2_ws/install/substation_sim/lib/pkgconfig/substation_sim.pc'
[0.303s] Level 1:colcon.colcon_core.environment:checking '/home/fsz/workspace/robotsoftware/AUG/ros2_ws/install/substation_sim/lib/python3.10/site-packages'
[0.303s] Level 1:colcon.colcon_core.environment:checking '/home/fsz/workspace/robotsoftware/AUG/ros2_ws/install/substation_sim/bin'
[0.303s] INFO:colcon.colcon_core.shell:Creating package script '/home/fsz/workspace/robotsoftware/AUG/ros2_ws/install/substation_sim/share/substation_sim/package.ps1'
[0.304s] INFO:colcon.colcon_core.shell:Creating package descriptor '/home/fsz/workspace/robotsoftware/AUG/ros2_ws/install/substation_sim/share/substation_sim/package.dsv'
[0.304s] INFO:colcon.colcon_core.shell:Creating package script '/home/fsz/workspace/robotsoftware/AUG/ros2_ws/install/substation_sim/share/substation_sim/package.sh'
[0.305s] INFO:colcon.colcon_core.shell:Creating package script '/home/fsz/workspace/robotsoftware/AUG/ros2_ws/install/substation_sim/share/substation_sim/package.bash'
[0.305s] INFO:colcon.colcon_core.shell:Creating package script '/home/fsz/workspace/robotsoftware/AUG/ros2_ws/install/substation_sim/share/substation_sim/package.zsh'
[0.305s] Level 1:colcon.colcon_core.environment:create_file_with_runtime_dependencies(/home/fsz/workspace/robotsoftware/AUG/ros2_ws/install/substation_sim/share/colcon-core/packages/substation_sim)
[0.306s] Level 1:colcon.colcon_core.environment:create_environment_scripts_only(substation_sim)
[0.306s] Level 1:colcon.colcon_core.environment:checking '/home/fsz/workspace/robotsoftware/AUG/ros2_ws/install/substation_sim' for CMake module files
[0.306s] Level 1:colcon.colcon_core.environment:checking '/home/fsz/workspace/robotsoftware/AUG/ros2_ws/install/substation_sim' for CMake config files
[0.306s] Level 1:colcon.colcon_core.shell:create_environment_hook('substation_sim', 'cmake_prefix_path')
[0.307s] INFO:colcon.colcon_core.shell:Creating environment hook '/home/fsz/workspace/robotsoftware/AUG/ros2_ws/install/substation_sim/share/substation_sim/hook/cmake_prefix_path.ps1'
[0.307s] INFO:colcon.colcon_core.shell:Creating environment descriptor '/home/fsz/workspace/robotsoftware/AUG/ros2_ws/install/substation_sim/share/substation_sim/hook/cmake_prefix_path.dsv'
[0.307s] INFO:colcon.colcon_core.shell:Creating environment hook '/home/fsz/workspace/robotsoftware/AUG/ros2_ws/install/substation_sim/share/substation_sim/hook/cmake_prefix_path.sh'
[0.307s] Level 1:colcon.colcon_core.environment:checking '/home/fsz/workspace/robotsoftware/AUG/ros2_ws/install/substation_sim/bin'
[0.307s] Level 1:colcon.colcon_core.environment:checking '/home/fsz/workspace/robotsoftware/AUG/ros2_ws/install/substation_sim/lib/pkgconfig/substation_sim.pc'
[0.307s] Level 1:colcon.colcon_core.environment:checking '/home/fsz/workspace/robotsoftware/AUG/ros2_ws/install/substation_sim/lib/python3.10/site-packages'
[0.308s] Level 1:colcon.colcon_core.environment:checking '/home/fsz/workspace/robotsoftware/AUG/ros2_ws/install/substation_sim/bin'
[0.308s] INFO:colcon.colcon_core.shell:Creating package script '/home/fsz/workspace/robotsoftware/AUG/ros2_ws/install/substation_sim/share/substation_sim/package.ps1'
[0.308s] INFO:colcon.colcon_core.shell:Creating package descriptor '/home/fsz/workspace/robotsoftware/AUG/ros2_ws/install/substation_sim/share/substation_sim/package.dsv'
[0.308s] INFO:colcon.colcon_core.shell:Creating package script '/home/fsz/workspace/robotsoftware/AUG/ros2_ws/install/substation_sim/share/substation_sim/package.sh'
[0.309s] INFO:colcon.colcon_core.shell:Creating package script '/home/fsz/workspace/robotsoftware/AUG/ros2_ws/install/substation_sim/share/substation_sim/package.bash'
[0.309s] INFO:colcon.colcon_core.shell:Creating package script '/home/fsz/workspace/robotsoftware/AUG/ros2_ws/install/substation_sim/share/substation_sim/package.zsh'
[0.309s] Level 1:colcon.colcon_core.environment:create_file_with_runtime_dependencies(/home/fsz/workspace/robotsoftware/AUG/ros2_ws/install/substation_sim/share/colcon-core/packages/substation_sim)
[0.309s] INFO:colcon.colcon_ros.task.ament_cmake.build:Building ROS package in '/home/fsz/workspace/robotsoftware/AUG/ros2_ws/src/my_robot' with build type 'ament_cmake'
[0.309s] INFO:colcon.colcon_cmake.task.cmake.build:Building CMake package in '/home/fsz/workspace/robotsoftware/AUG/ros2_ws/src/my_robot'
[0.309s] INFO:colcon.colcon_core.shell:Skip shell extension 'powershell' for command environment: Not usable outside of PowerShell
[0.309s] DEBUG:colcon.colcon_core.shell:Skip shell extension 'dsv' for command environment
[0.317s] DEBUG:colcon.colcon_core.event_handler.log_command:Invoking command in '/home/fsz/workspace/robotsoftware/AUG/ros2_ws/build/my_robot': AMENT_PREFIX_PATH=/home/fsz/workspace/robotsoftware/AUG/ros2_ws/install/substation_sim:${AMENT_PREFIX_PATH} CMAKE_PREFIX_PATH=/home/fsz/workspace/robotsoftware/AUG/ros2_ws/install/substation_sim:/opt/ros/humble PS1=${debian_chroot:+($debian_chroot)}\u@\h:\w\$ __trae_PS1=\n(TraeAI-2) \w [$?] $ /usr/bin/cmake --build /home/fsz/workspace/robotsoftware/AUG/ros2_ws/build/my_robot -- -j20 -l20
[0.506s] DEBUG:colcon.colcon_core.event_handler.log_command:Invoked command in '/home/fsz/workspace/robotsoftware/AUG/ros2_ws/build/my_robot' returned '0': AMENT_PREFIX_PATH=/home/fsz/workspace/robotsoftware/AUG/ros2_ws/install/substation_sim:${AMENT_PREFIX_PATH} CMAKE_PREFIX_PATH=/home/fsz/workspace/robotsoftware/AUG/ros2_ws/install/substation_sim:/opt/ros/humble PS1=${debian_chroot:+($debian_chroot)}\u@\h:\w\$ __trae_PS1=\n(TraeAI-2) \w [$?] $ /usr/bin/cmake --build /home/fsz/workspace/robotsoftware/AUG/ros2_ws/build/my_robot -- -j20 -l20
[0.507s] DEBUG:colcon.colcon_core.event_handler.log_command:Invoking command in '/home/fsz/workspace/robotsoftware/AUG/ros2_ws/build/my_robot': AMENT_PREFIX_PATH=/home/fsz/workspace/robotsoftware/AUG/ros2_ws/install/substation_sim:${AMENT_PREFIX_PATH} CMAKE_PREFIX_PATH=/home/fsz/workspace/robotsoftware/AUG/ros2_ws/install/substation_sim:/opt/ros/humble PS1=${debian_chroot:+($debian_chroot)}\u@\h:\w\$ __trae_PS1=\n(TraeAI-2) \w [$?] $ /usr/bin/cmake --install /home/fsz/workspace/robotsoftware/AUG/ros2_ws/build/my_robot
[0.519s] Level 1:colcon.colcon_core.environment:create_environment_scripts_only(my_robot)
[0.520s] DEBUG:colcon.colcon_core.event_handler.log_command:Invoked command in '/home/fsz/workspace/robotsoftware/AUG/ros2_ws/build/my_robot' returned '0': AMENT_PREFIX_PATH=/home/fsz/workspace/robotsoftware/AUG/ros2_ws/install/substation_sim:${AMENT_PREFIX_PATH} CMAKE_PREFIX_PATH=/home/fsz/workspace/robotsoftware/AUG/ros2_ws/install/substation_sim:/opt/ros/humble PS1=${debian_chroot:+($debian_chroot)}\u@\h:\w\$ __trae_PS1=\n(TraeAI-2) \w [$?] $ /usr/bin/cmake --install /home/fsz/workspace/robotsoftware/AUG/ros2_ws/build/my_robot
[0.520s] Level 1:colcon.colcon_core.environment:checking '/home/fsz/workspace/robotsoftware/AUG/ros2_ws/install/my_robot' for CMake module files
[0.521s] Level 1:colcon.colcon_core.environment:checking '/home/fsz/workspace/robotsoftware/AUG/ros2_ws/install/my_robot' for CMake config files
[0.521s] Level 1:colcon.colcon_core.shell:create_environment_hook('my_robot', 'cmake_prefix_path')
[0.521s] INFO:colcon.colcon_core.shell:Creating environment hook '/home/fsz/workspace/robotsoftware/AUG/ros2_ws/install/my_robot/share/my_robot/hook/cmake_prefix_path.ps1'
[0.522s] INFO:colcon.colcon_core.shell:Creating environment descriptor '/home/fsz/workspace/robotsoftware/AUG/ros2_ws/install/my_robot/share/my_robot/hook/cmake_prefix_path.dsv'
[0.522s] INFO:colcon.colcon_core.shell:Creating environment hook '/home/fsz/workspace/robotsoftware/AUG/ros2_ws/install/my_robot/share/my_robot/hook/cmake_prefix_path.sh'
[0.523s] Level 1:colcon.colcon_core.environment:checking '/home/fsz/workspace/robotsoftware/AUG/ros2_ws/install/my_robot/lib'
[0.523s] Level 1:colcon.colcon_core.environment:checking '/home/fsz/workspace/robotsoftware/AUG/ros2_ws/install/my_robot/bin'
[0.523s] Level 1:colcon.colcon_core.environment:checking '/home/fsz/workspace/robotsoftware/AUG/ros2_ws/install/my_robot/lib/pkgconfig/my_robot.pc'
[0.524s] Level 1:colcon.colcon_core.environment:checking '/home/fsz/workspace/robotsoftware/AUG/ros2_ws/install/my_robot/lib/python3.10/site-packages'
[0.524s] Level 1:colcon.colcon_core.environment:checking '/home/fsz/workspace/robotsoftware/AUG/ros2_ws/install/my_robot/bin'
[0.524s] INFO:colcon.colcon_core.shell:Creating package script '/home/fsz/workspace/robotsoftware/AUG/ros2_ws/install/my_robot/share/my_robot/package.ps1'
[0.526s] INFO:colcon.colcon_core.shell:Creating package descriptor '/home/fsz/workspace/robotsoftware/AUG/ros2_ws/install/my_robot/share/my_robot/package.dsv'
[0.526s] INFO:colcon.colcon_core.shell:Creating package script '/home/fsz/workspace/robotsoftware/AUG/ros2_ws/install/my_robot/share/my_robot/package.sh'
[0.527s] INFO:colcon.colcon_core.shell:Creating package script '/home/fsz/workspace/robotsoftware/AUG/ros2_ws/install/my_robot/share/my_robot/package.bash'
[0.527s] INFO:colcon.colcon_core.shell:Creating package script '/home/fsz/workspace/robotsoftware/AUG/ros2_ws/install/my_robot/share/my_robot/package.zsh'
[0.527s] Level 1:colcon.colcon_core.environment:create_file_with_runtime_dependencies(/home/fsz/workspace/robotsoftware/AUG/ros2_ws/install/my_robot/share/colcon-core/packages/my_robot)
[0.528s] Level 1:colcon.colcon_core.environment:create_environment_scripts_only(my_robot)
[0.528s] Level 1:colcon.colcon_core.environment:checking '/home/fsz/workspace/robotsoftware/AUG/ros2_ws/install/my_robot' for CMake module files
[0.528s] Level 1:colcon.colcon_core.environment:checking '/home/fsz/workspace/robotsoftware/AUG/ros2_ws/install/my_robot' for CMake config files
[0.529s] Level 1:colcon.colcon_core.shell:create_environment_hook('my_robot', 'cmake_prefix_path')
[0.529s] INFO:colcon.colcon_core.shell:Creating environment hook '/home/fsz/workspace/robotsoftware/AUG/ros2_ws/install/my_robot/share/my_robot/hook/cmake_prefix_path.ps1'
[0.529s] INFO:colcon.colcon_core.shell:Creating environment descriptor '/home/fsz/workspace/robotsoftware/AUG/ros2_ws/install/my_robot/share/my_robot/hook/cmake_prefix_path.dsv'
[0.530s] INFO:colcon.colcon_core.shell:Creating environment hook '/home/fsz/workspace/robotsoftware/AUG/ros2_ws/install/my_robot/share/my_robot/hook/cmake_prefix_path.sh'
[0.530s] Level 1:colcon.colcon_core.environment:checking '/home/fsz/workspace/robotsoftware/AUG/ros2_ws/install/my_robot/lib'
[0.530s] Level 1:colcon.colcon_core.environment:checking '/home/fsz/workspace/robotsoftware/AUG/ros2_ws/install/my_robot/bin'
[0.530s] Level 1:colcon.colcon_core.environment:checking '/home/fsz/workspace/robotsoftware/AUG/ros2_ws/install/my_robot/lib/pkgconfig/my_robot.pc'
[0.531s] Level 1:colcon.colcon_core.environment:checking '/home/fsz/workspace/robotsoftware/AUG/ros2_ws/install/my_robot/lib/python3.10/site-packages'
[0.531s] Level 1:colcon.colcon_core.environment:checking '/home/fsz/workspace/robotsoftware/AUG/ros2_ws/install/my_robot/bin'
[0.531s] INFO:colcon.colcon_core.shell:Creating package script '/home/fsz/workspace/robotsoftware/AUG/ros2_ws/install/my_robot/share/my_robot/package.ps1'
[0.532s] INFO:colcon.colcon_core.shell:Creating package descriptor '/home/fsz/workspace/robotsoftware/AUG/ros2_ws/install/my_robot/share/my_robot/package.dsv'
[0.533s] INFO:colcon.colcon_core.shell:Creating package script '/home/fsz/workspace/robotsoftware/AUG/ros2_ws/install/my_robot/share/my_robot/package.sh'
[0.533s] INFO:colcon.colcon_core.shell:Creating package script '/home/fsz/workspace/robotsoftware/AUG/ros2_ws/install/my_robot/share/my_robot/package.bash'
[0.533s] INFO:colcon.colcon_core.shell:Creating package script '/home/fsz/workspace/robotsoftware/AUG/ros2_ws/install/my_robot/share/my_robot/package.zsh'
[0.534s] Level 1:colcon.colcon_core.environment:create_file_with_runtime_dependencies(/home/fsz/workspace/robotsoftware/AUG/ros2_ws/install/my_robot/share/colcon-core/packages/my_robot)
[0.534s] DEBUG:colcon.colcon_parallel_executor.executor.parallel:closing loop
[0.534s] DEBUG:colcon.colcon_parallel_executor.executor.parallel:loop closed
[0.535s] DEBUG:colcon.colcon_parallel_executor.executor.parallel:run_until_complete finished with '0'
[0.535s] DEBUG:colcon.colcon_core.event_reactor:joining thread
[0.546s] INFO:colcon.colcon_core.plugin_system:Skipping extension 'colcon_notification.desktop_notification.terminal_notifier': Not used on non-Darwin systems
[0.546s] INFO:colcon.colcon_core.plugin_system:Skipping extension 'colcon_notification.desktop_notification.win32': Not used on non-Windows systems
[0.546s] INFO:colcon.colcon_notification.desktop_notification:Sending desktop notification using 'notify2'
[0.559s] DEBUG:colcon.colcon_core.event_reactor:joined thread
[0.560s] INFO:colcon.colcon_core.shell:Creating prefix script '/home/fsz/workspace/robotsoftware/AUG/ros2_ws/install/local_setup.ps1'
[0.561s] INFO:colcon.colcon_core.shell:Creating prefix util module '/home/fsz/workspace/robotsoftware/AUG/ros2_ws/install/_local_setup_util_ps1.py'
[0.562s] INFO:colcon.colcon_core.shell:Creating prefix chain script '/home/fsz/workspace/robotsoftware/AUG/ros2_ws/install/setup.ps1'
[0.563s] INFO:colcon.colcon_core.shell:Creating prefix script '/home/fsz/workspace/robotsoftware/AUG/ros2_ws/install/local_setup.sh'
[0.564s] INFO:colcon.colcon_core.shell:Creating prefix util module '/home/fsz/workspace/robotsoftware/AUG/ros2_ws/install/_local_setup_util_sh.py'
[0.564s] INFO:colcon.colcon_core.shell:Creating prefix chain script '/home/fsz/workspace/robotsoftware/AUG/ros2_ws/install/setup.sh'
[0.565s] INFO:colcon.colcon_core.shell:Creating prefix script '/home/fsz/workspace/robotsoftware/AUG/ros2_ws/install/local_setup.bash'
[0.566s] INFO:colcon.colcon_core.shell:Creating prefix chain script '/home/fsz/workspace/robotsoftware/AUG/ros2_ws/install/setup.bash'
[0.566s] INFO:colcon.colcon_core.shell:Creating prefix script '/home/fsz/workspace/robotsoftware/AUG/ros2_ws/install/local_setup.zsh'
[0.567s] INFO:colcon.colcon_core.shell:Creating prefix chain script '/home/fsz/workspace/robotsoftware/AUG/ros2_ws/install/setup.zsh'
