[0.005s] Invoking command in '/home/fsz/workspace/robotsoftware/AUG/ros2_ws/build/my_robot': AMENT_PREFIX_PATH=/home/fsz/workspace/robotsoftware/AUG/ros2_ws/install/substation_sim:${AMENT_PREFIX_PATH} CMAKE_PREFIX_PATH=/home/fsz/workspace/robotsoftware/AUG/ros2_ws/install/substation_sim:/opt/ros/humble PS1=${debian_chroot:+($debian_chroot)}\u@\h:\w\$ __trae_PS1=\n(TraeAI-2) \w [$?] $ /usr/bin/cmake /home/fsz/workspace/robotsoftware/AUG/ros2_ws/src/my_robot -DCMAKE_INSTALL_PREFIX=/home/fsz/workspace/robotsoftware/AUG/ros2_ws/install/my_robot
[0.076s] -- The C compiler identification is GNU 11.4.0
[0.134s] -- The CXX compiler identification is GNU 11.4.0
[0.138s] -- Detecting C compiler ABI info
[0.193s] -- Detecting C compiler ABI info - done
[0.200s] -- Check for working C compiler: /usr/bin/cc - skipped
[0.200s] -- Detecting C compile features
[0.201s] -- Detecting C compile features - done
[0.204s] -- Detecting CXX compiler ABI info
[0.299s] -- Detecting CXX compiler ABI info - done
[0.305s] -- Check for working CXX compiler: /usr/bin/c++ - skipped
[0.305s] -- Detecting CXX compile features
[0.306s] -- Detecting CXX compile features - done
[0.307s] -- Found ament_cmake: 1.3.13 (/opt/ros/humble/share/ament_cmake/cmake)
[0.427s] -- Found Python3: /usr/bin/python3 (found version "3.10.12") found components: Interpreter 
[0.504s] -- Found ament_lint_auto: 0.12.15 (/opt/ros/humble/share/ament_lint_auto/cmake)
[0.619s] -- Added test 'flake8' to check Python code syntax and style conventions
[0.622s] -- Added test 'lint_cmake' to check CMake code style
[0.624s] -- Added test 'pep257' to check Python code against some of the docstring style conventions in PEP 257
[0.630s] -- Added test 'xmllint' to check XML markup files
[0.633s] -- Configuring done
[0.636s] -- Generating done
[0.638s] -- Build files have been written to: /home/fsz/workspace/robotsoftware/AUG/ros2_ws/build/my_robot
[0.642s] Invoked command in '/home/fsz/workspace/robotsoftware/AUG/ros2_ws/build/my_robot' returned '0': AMENT_PREFIX_PATH=/home/fsz/workspace/robotsoftware/AUG/ros2_ws/install/substation_sim:${AMENT_PREFIX_PATH} CMAKE_PREFIX_PATH=/home/fsz/workspace/robotsoftware/AUG/ros2_ws/install/substation_sim:/opt/ros/humble PS1=${debian_chroot:+($debian_chroot)}\u@\h:\w\$ __trae_PS1=\n(TraeAI-2) \w [$?] $ /usr/bin/cmake /home/fsz/workspace/robotsoftware/AUG/ros2_ws/src/my_robot -DCMAKE_INSTALL_PREFIX=/home/fsz/workspace/robotsoftware/AUG/ros2_ws/install/my_robot
[0.643s] Invoking command in '/home/fsz/workspace/robotsoftware/AUG/ros2_ws/build/my_robot': AMENT_PREFIX_PATH=/home/fsz/workspace/robotsoftware/AUG/ros2_ws/install/substation_sim:${AMENT_PREFIX_PATH} CMAKE_PREFIX_PATH=/home/fsz/workspace/robotsoftware/AUG/ros2_ws/install/substation_sim:/opt/ros/humble PS1=${debian_chroot:+($debian_chroot)}\u@\h:\w\$ __trae_PS1=\n(TraeAI-2) \w [$?] $ /usr/bin/cmake --build /home/fsz/workspace/robotsoftware/AUG/ros2_ws/build/my_robot -- -j20 -l20
[0.719s] Invoked command in '/home/fsz/workspace/robotsoftware/AUG/ros2_ws/build/my_robot' returned '0': AMENT_PREFIX_PATH=/home/fsz/workspace/robotsoftware/AUG/ros2_ws/install/substation_sim:${AMENT_PREFIX_PATH} CMAKE_PREFIX_PATH=/home/fsz/workspace/robotsoftware/AUG/ros2_ws/install/substation_sim:/opt/ros/humble PS1=${debian_chroot:+($debian_chroot)}\u@\h:\w\$ __trae_PS1=\n(TraeAI-2) \w [$?] $ /usr/bin/cmake --build /home/fsz/workspace/robotsoftware/AUG/ros2_ws/build/my_robot -- -j20 -l20
[0.721s] Invoking command in '/home/fsz/workspace/robotsoftware/AUG/ros2_ws/build/my_robot': AMENT_PREFIX_PATH=/home/fsz/workspace/robotsoftware/AUG/ros2_ws/install/substation_sim:${AMENT_PREFIX_PATH} CMAKE_PREFIX_PATH=/home/fsz/workspace/robotsoftware/AUG/ros2_ws/install/substation_sim:/opt/ros/humble PS1=${debian_chroot:+($debian_chroot)}\u@\h:\w\$ __trae_PS1=\n(TraeAI-2) \w [$?] $ /usr/bin/cmake --install /home/fsz/workspace/robotsoftware/AUG/ros2_ws/build/my_robot
[0.741s] -- Install configuration: ""
[0.741s] -- Installing: /home/fsz/workspace/robotsoftware/AUG/ros2_ws/install/my_robot/share/my_robot/launch
[0.742s] -- Installing: /home/fsz/workspace/robotsoftware/AUG/ros2_ws/install/my_robot/share/my_robot/launch/substation_combo.launch.py
[0.742s] -- Installing: /home/fsz/workspace/robotsoftware/AUG/ros2_ws/install/my_robot/share/my_robot/launch/teleop_smooth.launch.py
[0.742s] -- Installing: /home/fsz/workspace/robotsoftware/AUG/ros2_ws/install/my_robot/share/my_robot/launch/sim.launch.py
[0.742s] -- Installing: /home/fsz/workspace/robotsoftware/AUG/ros2_ws/install/my_robot/share/my_robot/launch/sim_rviz.launch.py
[0.742s] -- Installing: /home/fsz/workspace/robotsoftware/AUG/ros2_ws/install/my_robot/share/my_robot/urdf
[0.742s] -- Installing: /home/fsz/workspace/robotsoftware/AUG/ros2_ws/install/my_robot/share/my_robot/urdf/nano.181427.save
[0.742s] -- Installing: /home/fsz/workspace/robotsoftware/AUG/ros2_ws/install/my_robot/share/my_robot/urdf/diffbot.urdf.xacro
[0.742s] [31mCMake Error at cmake_install.cmake:46 (file):
[0.743s]   file INSTALL cannot find
[0.743s]   "/home/fsz/workspace/robotsoftware/AUG/ros2_ws/src/my_robot/worlds": No
[0.743s]   such file or directory.
[0.743s] 
[0.743s] [0m
[0.745s] Invoked command in '/home/fsz/workspace/robotsoftware/AUG/ros2_ws/build/my_robot' returned '1': AMENT_PREFIX_PATH=/home/fsz/workspace/robotsoftware/AUG/ros2_ws/install/substation_sim:${AMENT_PREFIX_PATH} CMAKE_PREFIX_PATH=/home/fsz/workspace/robotsoftware/AUG/ros2_ws/install/substation_sim:/opt/ros/humble PS1=${debian_chroot:+($debian_chroot)}\u@\h:\w\$ __trae_PS1=\n(TraeAI-2) \w [$?] $ /usr/bin/cmake --install /home/fsz/workspace/robotsoftware/AUG/ros2_ws/build/my_robot
