[0.009s] Invoking command in '/home/fsz/workspace/robotsoftware/AUG/ros2_ws/build/substation_sim': CMAKE_PREFIX_PATH=/opt/ros/humble PS1=${debian_chroot:+($debian_chroot)}\u@\h:\w\$ __trae_PS1=\n(TraeAI-2) \w [$?] $ /usr/bin/cmake /home/fsz/workspace/robotsoftware/AUG/ros2_ws/src/substation_sim -DCMAKE_INSTALL_PREFIX=/home/fsz/workspace/robotsoftware/AUG/ros2_ws/install/substation_sim
[0.115s] -- The C compiler identification is GNU 11.4.0
[0.372s] -- The CXX compiler identification is GNU 11.4.0
[0.386s] -- Detecting C compiler ABI info
[0.513s] -- Detecting C compiler ABI info - done
[0.525s] -- Check for working C compiler: /usr/bin/cc - skipped
[0.526s] -- Detecting C compile features
[0.531s] -- Detecting C compile features - done
[0.540s] -- Detecting CXX compiler ABI info
[0.665s] -- Detecting CXX compiler ABI info - done
[0.671s] -- Check for working CXX compiler: /usr/bin/c++ - skipped
[0.671s] -- Detecting CXX compile features
[0.672s] -- Detecting CXX compile features - done
[0.677s] -- Found ament_cmake: 1.3.13 (/opt/ros/humble/share/ament_cmake/cmake)
[0.840s] -- Found Python3: /usr/bin/python3 (found version "3.10.12") found components: Interpreter 
[1.034s] -- Configuring done
[1.035s] -- Generating done
[1.036s] -- Build files have been written to: /home/fsz/workspace/robotsoftware/AUG/ros2_ws/build/substation_sim
[1.039s] Invoked command in '/home/fsz/workspace/robotsoftware/AUG/ros2_ws/build/substation_sim' returned '0': CMAKE_PREFIX_PATH=/opt/ros/humble PS1=${debian_chroot:+($debian_chroot)}\u@\h:\w\$ __trae_PS1=\n(TraeAI-2) \w [$?] $ /usr/bin/cmake /home/fsz/workspace/robotsoftware/AUG/ros2_ws/src/substation_sim -DCMAKE_INSTALL_PREFIX=/home/fsz/workspace/robotsoftware/AUG/ros2_ws/install/substation_sim
[1.041s] Invoking command in '/home/fsz/workspace/robotsoftware/AUG/ros2_ws/build/substation_sim': CMAKE_PREFIX_PATH=/opt/ros/humble PS1=${debian_chroot:+($debian_chroot)}\u@\h:\w\$ __trae_PS1=\n(TraeAI-2) \w [$?] $ /usr/bin/cmake --build /home/fsz/workspace/robotsoftware/AUG/ros2_ws/build/substation_sim -- -j20 -l20
[1.096s] Invoked command in '/home/fsz/workspace/robotsoftware/AUG/ros2_ws/build/substation_sim' returned '0': CMAKE_PREFIX_PATH=/opt/ros/humble PS1=${debian_chroot:+($debian_chroot)}\u@\h:\w\$ __trae_PS1=\n(TraeAI-2) \w [$?] $ /usr/bin/cmake --build /home/fsz/workspace/robotsoftware/AUG/ros2_ws/build/substation_sim -- -j20 -l20
[1.116s] Invoking command in '/home/fsz/workspace/robotsoftware/AUG/ros2_ws/build/substation_sim': CMAKE_PREFIX_PATH=/opt/ros/humble PS1=${debian_chroot:+($debian_chroot)}\u@\h:\w\$ __trae_PS1=\n(TraeAI-2) \w [$?] $ /usr/bin/cmake --install /home/fsz/workspace/robotsoftware/AUG/ros2_ws/build/substation_sim
[1.126s] -- Install configuration: ""
[1.126s] -- Installing: /home/fsz/workspace/robotsoftware/AUG/ros2_ws/install/substation_sim/share/substation_sim/launch
[1.127s] -- Installing: /home/fsz/workspace/robotsoftware/AUG/ros2_ws/install/substation_sim/share/substation_sim/launch/slam.launch.py
[1.127s] -- Installing: /home/fsz/workspace/robotsoftware/AUG/ros2_ws/install/substation_sim/share/substation_sim/launch/slam_mapping.launch.py
[1.127s] -- Installing: /home/fsz/workspace/robotsoftware/AUG/ros2_ws/install/substation_sim/share/substation_sim/launch/multi_spawn.launch.py
[1.128s] -- Installing: /home/fsz/workspace/robotsoftware/AUG/ros2_ws/install/substation_sim/share/substation_sim/launch/road_collision_test.launch.py
[1.128s] -- Installing: /home/fsz/workspace/robotsoftware/AUG/ros2_ws/install/substation_sim/share/substation_sim/launch/simulation.launch.py
[1.128s] -- Installing: /home/fsz/workspace/robotsoftware/AUG/ros2_ws/install/substation_sim/share/substation_sim/launch/__pycache__
[1.129s] -- Installing: /home/fsz/workspace/robotsoftware/AUG/ros2_ws/install/substation_sim/share/substation_sim/launch/__pycache__/simulation.launch.cpython-310.pyc
[1.129s] -- Installing: /home/fsz/workspace/robotsoftware/AUG/ros2_ws/install/substation_sim/share/substation_sim/launch/__pycache__/road_collision_test.launch.cpython-310.pyc
[1.129s] -- Installing: /home/fsz/workspace/robotsoftware/AUG/ros2_ws/install/substation_sim/share/substation_sim/worlds
[1.129s] -- Installing: /home/fsz/workspace/robotsoftware/AUG/ros2_ws/install/substation_sim/share/substation_sim/worlds/substation.world
[1.130s] -- Installing: /home/fsz/workspace/robotsoftware/AUG/ros2_ws/install/substation_sim/share/substation_sim/worlds/road_collision_test.world
[1.130s] -- Installing: /home/fsz/workspace/robotsoftware/AUG/ros2_ws/install/substation_sim/share/substation_sim/urdf
[1.131s] -- Installing: /home/fsz/workspace/robotsoftware/AUG/ros2_ws/install/substation_sim/share/substation_sim/urdf/robot.urdf.xacro
[1.131s] -- Installing: /home/fsz/workspace/robotsoftware/AUG/ros2_ws/install/substation_sim/share/substation_sim/models
[1.132s] -- Installing: /home/fsz/workspace/robotsoftware/AUG/ros2_ws/install/substation_sim/share/substation_sim/models/insulator_row
[1.133s] -- Installing: /home/fsz/workspace/robotsoftware/AUG/ros2_ws/install/substation_sim/share/substation_sim/models/insulator_row/model.config
[1.133s] -- Installing: /home/fsz/workspace/robotsoftware/AUG/ros2_ws/install/substation_sim/share/substation_sim/models/insulator_row/model.sdf
[1.133s] -- Installing: /home/fsz/workspace/robotsoftware/AUG/ros2_ws/install/substation_sim/share/substation_sim/models/main_building
[1.134s] -- Installing: /home/fsz/workspace/robotsoftware/AUG/ros2_ws/install/substation_sim/share/substation_sim/models/main_building/model.config
[1.134s] -- Installing: /home/fsz/workspace/robotsoftware/AUG/ros2_ws/install/substation_sim/share/substation_sim/models/main_building/model.sdf
[1.134s] -- Installing: /home/fsz/workspace/robotsoftware/AUG/ros2_ws/install/substation_sim/share/substation_sim/models/transformer
[1.135s] -- Installing: /home/fsz/workspace/robotsoftware/AUG/ros2_ws/install/substation_sim/share/substation_sim/models/transformer/model.config
[1.135s] -- Installing: /home/fsz/workspace/robotsoftware/AUG/ros2_ws/install/substation_sim/share/substation_sim/models/transformer/model.sdf
[1.136s] -- Installing: /home/fsz/workspace/robotsoftware/AUG/ros2_ws/install/substation_sim/share/substation_sim/models/power_tower
[1.136s] -- Installing: /home/fsz/workspace/robotsoftware/AUG/ros2_ws/install/substation_sim/share/substation_sim/models/power_tower/model.config
[1.136s] -- Installing: /home/fsz/workspace/robotsoftware/AUG/ros2_ws/install/substation_sim/share/substation_sim/models/power_tower/model.sdf
[1.136s] -- Installing: /home/fsz/workspace/robotsoftware/AUG/ros2_ws/install/substation_sim/share/substation_sim/maps
[1.137s] -- Installing: /home/fsz/workspace/robotsoftware/AUG/ros2_ws/install/substation_sim/share/substation_sim/maps/.gitkeep
[1.138s] -- Installing: /home/fsz/workspace/robotsoftware/AUG/ros2_ws/install/substation_sim/share/substation_sim/rviz
[1.138s] -- Installing: /home/fsz/workspace/robotsoftware/AUG/ros2_ws/install/substation_sim/share/substation_sim/rviz/slam_mapping.rviz
[1.138s] -- Installing: /home/fsz/workspace/robotsoftware/AUG/ros2_ws/install/substation_sim/share/substation_sim/scripts
[1.140s] -- Installing: /home/fsz/workspace/robotsoftware/AUG/ros2_ws/install/substation_sim/share/substation_sim/scripts/inspection_node.py
[1.140s] -- Installing: /home/fsz/workspace/robotsoftware/AUG/ros2_ws/install/substation_sim/share/substation_sim/config
[1.140s] -- Installing: /home/fsz/workspace/robotsoftware/AUG/ros2_ws/install/substation_sim/share/substation_sim/config/nav2_params.yaml
[1.140s] -- Installing: /home/fsz/workspace/robotsoftware/AUG/ros2_ws/install/substation_sim/share/substation_sim/config/cartographer_substation.lua
[1.140s] -- Installing: /home/fsz/workspace/robotsoftware/AUG/ros2_ws/install/substation_sim/share/ament_index/resource_index/package_run_dependencies/substation_sim
[1.140s] -- Installing: /home/fsz/workspace/robotsoftware/AUG/ros2_ws/install/substation_sim/share/ament_index/resource_index/parent_prefix_path/substation_sim
[1.141s] -- Installing: /home/fsz/workspace/robotsoftware/AUG/ros2_ws/install/substation_sim/share/substation_sim/environment/ament_prefix_path.sh
[1.141s] -- Installing: /home/fsz/workspace/robotsoftware/AUG/ros2_ws/install/substation_sim/share/substation_sim/environment/ament_prefix_path.dsv
[1.141s] -- Installing: /home/fsz/workspace/robotsoftware/AUG/ros2_ws/install/substation_sim/share/substation_sim/environment/path.sh
[1.141s] -- Installing: /home/fsz/workspace/robotsoftware/AUG/ros2_ws/install/substation_sim/share/substation_sim/environment/path.dsv
[1.141s] -- Installing: /home/fsz/workspace/robotsoftware/AUG/ros2_ws/install/substation_sim/share/substation_sim/local_setup.bash
[1.141s] -- Installing: /home/fsz/workspace/robotsoftware/AUG/ros2_ws/install/substation_sim/share/substation_sim/local_setup.sh
[1.142s] -- Installing: /home/fsz/workspace/robotsoftware/AUG/ros2_ws/install/substation_sim/share/substation_sim/local_setup.zsh
[1.142s] -- Installing: /home/fsz/workspace/robotsoftware/AUG/ros2_ws/install/substation_sim/share/substation_sim/local_setup.dsv
[1.142s] -- Installing: /home/fsz/workspace/robotsoftware/AUG/ros2_ws/install/substation_sim/share/substation_sim/package.dsv
[1.142s] -- Installing: /home/fsz/workspace/robotsoftware/AUG/ros2_ws/install/substation_sim/share/ament_index/resource_index/packages/substation_sim
[1.142s] -- Installing: /home/fsz/workspace/robotsoftware/AUG/ros2_ws/install/substation_sim/share/substation_sim/cmake/substation_simConfig.cmake
[1.142s] -- Installing: /home/fsz/workspace/robotsoftware/AUG/ros2_ws/install/substation_sim/share/substation_sim/cmake/substation_simConfig-version.cmake
[1.142s] -- Installing: /home/fsz/workspace/robotsoftware/AUG/ros2_ws/install/substation_sim/share/substation_sim/package.xml
[1.145s] Invoked command in '/home/fsz/workspace/robotsoftware/AUG/ros2_ws/build/substation_sim' returned '0': CMAKE_PREFIX_PATH=/opt/ros/humble PS1=${debian_chroot:+($debian_chroot)}\u@\h:\w\$ __trae_PS1=\n(TraeAI-2) \w [$?] $ /usr/bin/cmake --install /home/fsz/workspace/robotsoftware/AUG/ros2_ws/build/substation_sim
