[0.009s] Invoking command in '/home/robot/ros2_ws/build/my_robot': CMAKE_PREFIX_PATH=${CMAKE_PREFIX_PATH}:/opt/ros/humble /usr/bin/cmake --build /home/robot/ros2_ws/build/my_robot -- -j20 -l20
[0.049s] Invoked command in '/home/robot/ros2_ws/build/my_robot' returned '0': CMAKE_PREFIX_PATH=${CMAKE_PREFIX_PATH}:/opt/ros/humble /usr/bin/cmake --build /home/robot/ros2_ws/build/my_robot -- -j20 -l20
[0.061s] Invoking command in '/home/robot/ros2_ws/build/my_robot': CMAKE_PREFIX_PATH=${CMAKE_PREFIX_PATH}:/opt/ros/humble /usr/bin/cmake --install /home/robot/ros2_ws/build/my_robot
[0.069s] -- Install configuration: ""
[0.069s] -- Execute custom install script
[0.070s] -- Up-to-date symlink: /home/robot/ros2_ws/install/my_robot/share/my_robot/launch/sim.launch.py
[0.070s] -- Up-to-date symlink: /home/robot/ros2_ws/install/my_robot/share/my_robot/urdf/diffbot.urdf.xacro
[0.070s] -- Up-to-date symlink: /home/robot/ros2_ws/install/my_robot/share/my_robot/urdf/nano.181427.save
[0.070s] -- Up-to-date symlink: /home/robot/ros2_ws/install/my_robot/share/ament_index/resource_index/package_run_dependencies/my_robot
[0.070s] -- Up-to-date symlink: /home/robot/ros2_ws/install/my_robot/share/ament_index/resource_index/parent_prefix_path/my_robot
[0.070s] -- Up-to-date symlink: /home/robot/ros2_ws/install/my_robot/share/my_robot/environment/ament_prefix_path.sh
[0.071s] -- Up-to-date symlink: /home/robot/ros2_ws/install/my_robot/share/my_robot/environment/ament_prefix_path.dsv
[0.071s] -- Up-to-date symlink: /home/robot/ros2_ws/install/my_robot/share/my_robot/environment/path.sh
[0.071s] -- Up-to-date symlink: /home/robot/ros2_ws/install/my_robot/share/my_robot/environment/path.dsv
[0.071s] -- Up-to-date symlink: /home/robot/ros2_ws/install/my_robot/share/my_robot/local_setup.bash
[0.071s] -- Up-to-date symlink: /home/robot/ros2_ws/install/my_robot/share/my_robot/local_setup.sh
[0.071s] -- Up-to-date symlink: /home/robot/ros2_ws/install/my_robot/share/my_robot/local_setup.zsh
[0.071s] -- Up-to-date symlink: /home/robot/ros2_ws/install/my_robot/share/my_robot/local_setup.dsv
[0.072s] -- Symlinking: /home/robot/ros2_ws/install/my_robot/share/my_robot/package.dsv
[0.081s] -- Up-to-date symlink: /home/robot/ros2_ws/install/my_robot/share/ament_index/resource_index/packages/my_robot
[0.081s] -- Up-to-date symlink: /home/robot/ros2_ws/install/my_robot/share/my_robot/cmake/my_robotConfig.cmake
[0.081s] -- Up-to-date symlink: /home/robot/ros2_ws/install/my_robot/share/my_robot/cmake/my_robotConfig-version.cmake
[0.082s] -- Up-to-date symlink: /home/robot/ros2_ws/install/my_robot/share/my_robot/package.xml
[0.084s] Invoked command in '/home/robot/ros2_ws/build/my_robot' returned '0': CMAKE_PREFIX_PATH=${CMAKE_PREFIX_PATH}:/opt/ros/humble /usr/bin/cmake --install /home/robot/ros2_ws/build/my_robot
