[0.008s] Invoking command in '/home/fsz/workspace/robotsoftware/AUG/ros2_ws/build/my_robot': AMENT_PREFIX_PATH=/home/fsz/workspace/robotsoftware/AUG/ros2_ws/install/substation_sim:${AMENT_PREFIX_PATH} CMAKE_PREFIX_PATH=/home/fsz/workspace/robotsoftware/AUG/ros2_ws/install/substation_sim:/opt/ros/humble /usr/bin/cmake --build /home/fsz/workspace/robotsoftware/AUG/ros2_ws/build/my_robot -- -j20 -l20
[0.054s] Invoked command in '/home/fsz/workspace/robotsoftware/AUG/ros2_ws/build/my_robot' returned '0': AMENT_PREFIX_PATH=/home/fsz/workspace/robotsoftware/AUG/ros2_ws/install/substation_sim:${AMENT_PREFIX_PATH} CMAKE_PREFIX_PATH=/home/fsz/workspace/robotsoftware/AUG/ros2_ws/install/substation_sim:/opt/ros/humble /usr/bin/cmake --build /home/fsz/workspace/robotsoftware/AUG/ros2_ws/build/my_robot -- -j20 -l20
[0.056s] Invoking command in '/home/fsz/workspace/robotsoftware/AUG/ros2_ws/build/my_robot': AMENT_PREFIX_PATH=/home/fsz/workspace/robotsoftware/AUG/ros2_ws/install/substation_sim:${AMENT_PREFIX_PATH} CMAKE_PREFIX_PATH=/home/fsz/workspace/robotsoftware/AUG/ros2_ws/install/substation_sim:/opt/ros/humble /usr/bin/cmake --install /home/fsz/workspace/robotsoftware/AUG/ros2_ws/build/my_robot
[0.066s] -- Install configuration: ""
[0.066s] -- Up-to-date: /home/fsz/workspace/robotsoftware/AUG/ros2_ws/install/my_robot/share/my_robot/launch
[0.066s] -- Up-to-date: /home/fsz/workspace/robotsoftware/AUG/ros2_ws/install/my_robot/share/my_robot/launch/substation_combo.launch.py
[0.066s] -- Up-to-date: /home/fsz/workspace/robotsoftware/AUG/ros2_ws/install/my_robot/share/my_robot/launch/teleop_smooth.launch.py
[0.066s] -- Up-to-date: /home/fsz/workspace/robotsoftware/AUG/ros2_ws/install/my_robot/share/my_robot/launch/sim.launch.py
[0.066s] -- Up-to-date: /home/fsz/workspace/robotsoftware/AUG/ros2_ws/install/my_robot/share/my_robot/launch/sim_rviz.launch.py
[0.066s] -- Up-to-date: /home/fsz/workspace/robotsoftware/AUG/ros2_ws/install/my_robot/share/my_robot/urdf
[0.066s] -- Up-to-date: /home/fsz/workspace/robotsoftware/AUG/ros2_ws/install/my_robot/share/my_robot/urdf/nano.181427.save
[0.066s] -- Up-to-date: /home/fsz/workspace/robotsoftware/AUG/ros2_ws/install/my_robot/share/my_robot/urdf/diffbot.urdf.xacro
[0.066s] -- Up-to-date: /home/fsz/workspace/robotsoftware/AUG/ros2_ws/install/my_robot/share/my_robot/rviz
[0.067s] -- Up-to-date: /home/fsz/workspace/robotsoftware/AUG/ros2_ws/install/my_robot/share/my_robot/rviz/diffbot.rviz
[0.067s] -- Up-to-date: /home/fsz/workspace/robotsoftware/AUG/ros2_ws/install/my_robot/lib/my_robot/cmd_vel_repeater.py
[0.067s] -- Up-to-date: /home/fsz/workspace/robotsoftware/AUG/ros2_ws/install/my_robot/share/ament_index/resource_index/package_run_dependencies/my_robot
[0.067s] -- Up-to-date: /home/fsz/workspace/robotsoftware/AUG/ros2_ws/install/my_robot/share/ament_index/resource_index/parent_prefix_path/my_robot
[0.067s] -- Up-to-date: /home/fsz/workspace/robotsoftware/AUG/ros2_ws/install/my_robot/share/my_robot/environment/ament_prefix_path.sh
[0.067s] -- Up-to-date: /home/fsz/workspace/robotsoftware/AUG/ros2_ws/install/my_robot/share/my_robot/environment/ament_prefix_path.dsv
[0.067s] -- Up-to-date: /home/fsz/workspace/robotsoftware/AUG/ros2_ws/install/my_robot/share/my_robot/environment/path.sh
[0.067s] -- Up-to-date: /home/fsz/workspace/robotsoftware/AUG/ros2_ws/install/my_robot/share/my_robot/environment/path.dsv
[0.067s] -- Up-to-date: /home/fsz/workspace/robotsoftware/AUG/ros2_ws/install/my_robot/share/my_robot/local_setup.bash
[0.067s] -- Up-to-date: /home/fsz/workspace/robotsoftware/AUG/ros2_ws/install/my_robot/share/my_robot/local_setup.sh
[0.067s] -- Up-to-date: /home/fsz/workspace/robotsoftware/AUG/ros2_ws/install/my_robot/share/my_robot/local_setup.zsh
[0.067s] -- Up-to-date: /home/fsz/workspace/robotsoftware/AUG/ros2_ws/install/my_robot/share/my_robot/local_setup.dsv
[0.067s] -- Installing: /home/fsz/workspace/robotsoftware/AUG/ros2_ws/install/my_robot/share/my_robot/package.dsv
[0.067s] -- Up-to-date: /home/fsz/workspace/robotsoftware/AUG/ros2_ws/install/my_robot/share/ament_index/resource_index/packages/my_robot
[0.067s] -- Up-to-date: /home/fsz/workspace/robotsoftware/AUG/ros2_ws/install/my_robot/share/my_robot/cmake/my_robotConfig.cmake
[0.067s] -- Up-to-date: /home/fsz/workspace/robotsoftware/AUG/ros2_ws/install/my_robot/share/my_robot/cmake/my_robotConfig-version.cmake
[0.067s] -- Up-to-date: /home/fsz/workspace/robotsoftware/AUG/ros2_ws/install/my_robot/share/my_robot/package.xml
[0.069s] Invoked command in '/home/fsz/workspace/robotsoftware/AUG/ros2_ws/build/my_robot' returned '0': AMENT_PREFIX_PATH=/home/fsz/workspace/robotsoftware/AUG/ros2_ws/install/substation_sim:${AMENT_PREFIX_PATH} CMAKE_PREFIX_PATH=/home/fsz/workspace/robotsoftware/AUG/ros2_ws/install/substation_sim:/opt/ros/humble /usr/bin/cmake --install /home/fsz/workspace/robotsoftware/AUG/ros2_ws/build/my_robot
