[0.006s] Invoking command in '/home/fsz/workspace/robotsoftware/AUG/ros2_ws/build/my_robot': AMENT_PREFIX_PATH=/home/fsz/workspace/robotsoftware/AUG/ros2_ws/install/substation_sim:${AMENT_PREFIX_PATH} CMAKE_PREFIX_PATH=/home/fsz/workspace/robotsoftware/AUG/ros2_ws/install/substation_sim:/opt/ros/humble PS1=${debian_chroot:+($debian_chroot)}\u@\h:\w\$ __trae_PS1=\n(TraeAI-2) \w [$?] $ /usr/bin/cmake --build /home/fsz/workspace/robotsoftware/AUG/ros2_ws/build/my_robot -- -j20 -l20
[0.031s] -- Found ament_cmake: 1.3.13 (/opt/ros/humble/share/ament_cmake/cmake)
[0.126s] -- Found ament_lint_auto: 0.12.15 (/opt/ros/humble/share/ament_lint_auto/cmake)
[0.176s] -- Added test 'flake8' to check Python code syntax and style conventions
[0.176s] -- Added test 'lint_cmake' to check CMake code style
[0.176s] -- Added test 'pep257' to check Python code against some of the docstring style conventions in PEP 257
[0.176s] -- Added test 'xmllint' to check XML markup files
[0.177s] -- Configuring done
[0.179s] -- Generating done
[0.180s] -- Build files have been written to: /home/fsz/workspace/robotsoftware/AUG/ros2_ws/build/my_robot
[0.196s] Invoked command in '/home/fsz/workspace/robotsoftware/AUG/ros2_ws/build/my_robot' returned '0': AMENT_PREFIX_PATH=/home/fsz/workspace/robotsoftware/AUG/ros2_ws/install/substation_sim:${AMENT_PREFIX_PATH} CMAKE_PREFIX_PATH=/home/fsz/workspace/robotsoftware/AUG/ros2_ws/install/substation_sim:/opt/ros/humble PS1=${debian_chroot:+($debian_chroot)}\u@\h:\w\$ __trae_PS1=\n(TraeAI-2) \w [$?] $ /usr/bin/cmake --build /home/fsz/workspace/robotsoftware/AUG/ros2_ws/build/my_robot -- -j20 -l20
[0.197s] Invoking command in '/home/fsz/workspace/robotsoftware/AUG/ros2_ws/build/my_robot': AMENT_PREFIX_PATH=/home/fsz/workspace/robotsoftware/AUG/ros2_ws/install/substation_sim:${AMENT_PREFIX_PATH} CMAKE_PREFIX_PATH=/home/fsz/workspace/robotsoftware/AUG/ros2_ws/install/substation_sim:/opt/ros/humble PS1=${debian_chroot:+($debian_chroot)}\u@\h:\w\$ __trae_PS1=\n(TraeAI-2) \w [$?] $ /usr/bin/cmake --install /home/fsz/workspace/robotsoftware/AUG/ros2_ws/build/my_robot
[0.205s] -- Install configuration: ""
[0.205s] -- Up-to-date: /home/fsz/workspace/robotsoftware/AUG/ros2_ws/install/my_robot/share/my_robot/launch
[0.205s] -- Up-to-date: /home/fsz/workspace/robotsoftware/AUG/ros2_ws/install/my_robot/share/my_robot/launch/substation_combo.launch.py
[0.205s] -- Up-to-date: /home/fsz/workspace/robotsoftware/AUG/ros2_ws/install/my_robot/share/my_robot/launch/teleop_smooth.launch.py
[0.205s] -- Up-to-date: /home/fsz/workspace/robotsoftware/AUG/ros2_ws/install/my_robot/share/my_robot/launch/sim.launch.py
[0.205s] -- Up-to-date: /home/fsz/workspace/robotsoftware/AUG/ros2_ws/install/my_robot/share/my_robot/launch/sim_rviz.launch.py
[0.206s] -- Up-to-date: /home/fsz/workspace/robotsoftware/AUG/ros2_ws/install/my_robot/share/my_robot/urdf
[0.206s] -- Up-to-date: /home/fsz/workspace/robotsoftware/AUG/ros2_ws/install/my_robot/share/my_robot/urdf/nano.181427.save
[0.206s] -- Up-to-date: /home/fsz/workspace/robotsoftware/AUG/ros2_ws/install/my_robot/share/my_robot/urdf/diffbot.urdf.xacro
[0.206s] -- Installing: /home/fsz/workspace/robotsoftware/AUG/ros2_ws/install/my_robot/share/my_robot/rviz
[0.206s] -- Installing: /home/fsz/workspace/robotsoftware/AUG/ros2_ws/install/my_robot/share/my_robot/rviz/diffbot.rviz
[0.206s] -- Installing: /home/fsz/workspace/robotsoftware/AUG/ros2_ws/install/my_robot/lib/my_robot/cmd_vel_repeater.py
[0.206s] -- Installing: /home/fsz/workspace/robotsoftware/AUG/ros2_ws/install/my_robot/share/ament_index/resource_index/package_run_dependencies/my_robot
[0.206s] -- Installing: /home/fsz/workspace/robotsoftware/AUG/ros2_ws/install/my_robot/share/ament_index/resource_index/parent_prefix_path/my_robot
[0.206s] -- Installing: /home/fsz/workspace/robotsoftware/AUG/ros2_ws/install/my_robot/share/my_robot/environment/ament_prefix_path.sh
[0.206s] -- Installing: /home/fsz/workspace/robotsoftware/AUG/ros2_ws/install/my_robot/share/my_robot/environment/ament_prefix_path.dsv
[0.206s] -- Installing: /home/fsz/workspace/robotsoftware/AUG/ros2_ws/install/my_robot/share/my_robot/environment/path.sh
[0.207s] -- Installing: /home/fsz/workspace/robotsoftware/AUG/ros2_ws/install/my_robot/share/my_robot/environment/path.dsv
[0.207s] -- Installing: /home/fsz/workspace/robotsoftware/AUG/ros2_ws/install/my_robot/share/my_robot/local_setup.bash
[0.207s] -- Installing: /home/fsz/workspace/robotsoftware/AUG/ros2_ws/install/my_robot/share/my_robot/local_setup.sh
[0.207s] -- Installing: /home/fsz/workspace/robotsoftware/AUG/ros2_ws/install/my_robot/share/my_robot/local_setup.zsh
[0.207s] -- Installing: /home/fsz/workspace/robotsoftware/AUG/ros2_ws/install/my_robot/share/my_robot/local_setup.dsv
[0.207s] -- Installing: /home/fsz/workspace/robotsoftware/AUG/ros2_ws/install/my_robot/share/my_robot/package.dsv
[0.207s] -- Installing: /home/fsz/workspace/robotsoftware/AUG/ros2_ws/install/my_robot/share/ament_index/resource_index/packages/my_robot
[0.207s] -- Installing: /home/fsz/workspace/robotsoftware/AUG/ros2_ws/install/my_robot/share/my_robot/cmake/my_robotConfig.cmake
[0.207s] -- Installing: /home/fsz/workspace/robotsoftware/AUG/ros2_ws/install/my_robot/share/my_robot/cmake/my_robotConfig-version.cmake
[0.207s] -- Installing: /home/fsz/workspace/robotsoftware/AUG/ros2_ws/install/my_robot/share/my_robot/package.xml
[0.209s] Invoked command in '/home/fsz/workspace/robotsoftware/AUG/ros2_ws/build/my_robot' returned '0': AMENT_PREFIX_PATH=/home/fsz/workspace/robotsoftware/AUG/ros2_ws/install/substation_sim:${AMENT_PREFIX_PATH} CMAKE_PREFIX_PATH=/home/fsz/workspace/robotsoftware/AUG/ros2_ws/install/substation_sim:/opt/ros/humble PS1=${debian_chroot:+($debian_chroot)}\u@\h:\w\$ __trae_PS1=\n(TraeAI-2) \w [$?] $ /usr/bin/cmake --install /home/fsz/workspace/robotsoftware/AUG/ros2_ws/build/my_robot
