-- Install configuration: ""
-- Up-to-date: /home/robot/ros2_ws/install/substation_sim/share/substation_sim/launch
-- Up-to-date: /home/robot/ros2_ws/install/substation_sim/share/substation_sim/launch/road_collision_test.launch.py
-- Up-to-date: /home/robot/ros2_ws/install/substation_sim/share/substation_sim/launch/slam.launch.py
-- Up-to-date: /home/robot/ros2_ws/install/substation_sim/share/substation_sim/launch/multi_spawn.launch.py
-- Up-to-date: /home/robot/ros2_ws/install/substation_sim/share/substation_sim/launch/simulation.launch.py
-- Up-to-date: /home/robot/ros2_ws/install/substation_sim/share/substation_sim/launch/__pycache__
-- Up-to-date: /home/robot/ros2_ws/install/substation_sim/share/substation_sim/launch/__pycache__/road_collision_test.launch.cpython-310.pyc
-- Up-to-date: /home/robot/ros2_ws/install/substation_sim/share/substation_sim/launch/__pycache__/simulation.launch.cpython-310.pyc
-- Up-to-date: /home/robot/ros2_ws/install/substation_sim/share/substation_sim/worlds
-- Installing: /home/robot/ros2_ws/install/substation_sim/share/substation_sim/worlds/substation.world
-- Up-to-date: /home/robot/ros2_ws/install/substation_sim/share/substation_sim/worlds/road_collision_test.world
-- Up-to-date: /home/robot/ros2_ws/install/substation_sim/share/substation_sim/urdf
-- Up-to-date: /home/robot/ros2_ws/install/substation_sim/share/substation_sim/urdf/robot.urdf.xacro
-- Up-to-date: /home/robot/ros2_ws/install/substation_sim/share/substation_sim/models
-- Up-to-date: /home/robot/ros2_ws/install/substation_sim/share/substation_sim/models/transformer
-- Up-to-date: /home/robot/ros2_ws/install/substation_sim/share/substation_sim/models/transformer/model.config
-- Up-to-date: /home/robot/ros2_ws/install/substation_sim/share/substation_sim/models/transformer/model.sdf
-- Up-to-date: /home/robot/ros2_ws/install/substation_sim/share/substation_sim/models/power_tower
-- Up-to-date: /home/robot/ros2_ws/install/substation_sim/share/substation_sim/models/power_tower/model.config
-- Up-to-date: /home/robot/ros2_ws/install/substation_sim/share/substation_sim/models/power_tower/model.sdf
-- Up-to-date: /home/robot/ros2_ws/install/substation_sim/share/substation_sim/models/main_building
-- Up-to-date: /home/robot/ros2_ws/install/substation_sim/share/substation_sim/models/main_building/model.config
-- Up-to-date: /home/robot/ros2_ws/install/substation_sim/share/substation_sim/models/main_building/model.sdf
-- Up-to-date: /home/robot/ros2_ws/install/substation_sim/share/substation_sim/models/insulator_row
-- Up-to-date: /home/robot/ros2_ws/install/substation_sim/share/substation_sim/models/insulator_row/model.config
-- Up-to-date: /home/robot/ros2_ws/install/substation_sim/share/substation_sim/models/insulator_row/model.sdf
-- Up-to-date: /home/robot/ros2_ws/install/substation_sim/share/substation_sim/maps
-- Up-to-date: /home/robot/ros2_ws/install/substation_sim/share/substation_sim/rviz
-- Up-to-date: /home/robot/ros2_ws/install/substation_sim/share/substation_sim/scripts
-- Up-to-date: /home/robot/ros2_ws/install/substation_sim/share/substation_sim/scripts/inspection_node.py
-- Up-to-date: /home/robot/ros2_ws/install/substation_sim/share/substation_sim/config
-- Up-to-date: /home/robot/ros2_ws/install/substation_sim/share/substation_sim/config/nav2_params.yaml
-- Up-to-date: /home/robot/ros2_ws/install/substation_sim/share/ament_index/resource_index/package_run_dependencies/substation_sim
-- Up-to-date: /home/robot/ros2_ws/install/substation_sim/share/ament_index/resource_index/parent_prefix_path/substation_sim
-- Up-to-date: /home/robot/ros2_ws/install/substation_sim/share/substation_sim/environment/ament_prefix_path.sh
-- Up-to-date: /home/robot/ros2_ws/install/substation_sim/share/substation_sim/environment/ament_prefix_path.dsv
-- Up-to-date: /home/robot/ros2_ws/install/substation_sim/share/substation_sim/environment/path.sh
-- Up-to-date: /home/robot/ros2_ws/install/substation_sim/share/substation_sim/environment/path.dsv
-- Up-to-date: /home/robot/ros2_ws/install/substation_sim/share/substation_sim/local_setup.bash
-- Up-to-date: /home/robot/ros2_ws/install/substation_sim/share/substation_sim/local_setup.sh
-- Up-to-date: /home/robot/ros2_ws/install/substation_sim/share/substation_sim/local_setup.zsh
-- Up-to-date: /home/robot/ros2_ws/install/substation_sim/share/substation_sim/local_setup.dsv
-- Up-to-date: /home/robot/ros2_ws/install/substation_sim/share/substation_sim/package.dsv
-- Up-to-date: /home/robot/ros2_ws/install/substation_sim/share/ament_index/resource_index/packages/substation_sim
-- Up-to-date: /home/robot/ros2_ws/install/substation_sim/share/substation_sim/cmake/substation_simConfig.cmake
-- Up-to-date: /home/robot/ros2_ws/install/substation_sim/share/substation_sim/cmake/substation_simConfig-version.cmake
-- Up-to-date: /home/robot/ros2_ws/install/substation_sim/share/substation_sim/package.xml
