[0.007s] Invoking command in '/home/fsz/workspace/robotsoftware/AUG/ros2_ws/build/substation_sim': CMAKE_PREFIX_PATH=/opt/ros/humble /usr/bin/cmake --build /home/fsz/workspace/robotsoftware/AUG/ros2_ws/build/substation_sim -- -j20 -l20
[0.037s] Invoked command in '/home/fsz/workspace/robotsoftware/AUG/ros2_ws/build/substation_sim' returned '0': CMAKE_PREFIX_PATH=/opt/ros/humble /usr/bin/cmake --build /home/fsz/workspace/robotsoftware/AUG/ros2_ws/build/substation_sim -- -j20 -l20
[0.048s] Invoking command in '/home/fsz/workspace/robotsoftware/AUG/ros2_ws/build/substation_sim': CMAKE_PREFIX_PATH=/opt/ros/humble /usr/bin/cmake --install /home/fsz/workspace/robotsoftware/AUG/ros2_ws/build/substation_sim
[0.057s] -- Install configuration: ""
[0.057s] -- Up-to-date: /home/fsz/workspace/robotsoftware/AUG/ros2_ws/install/substation_sim/share/substation_sim/launch
[0.057s] -- Up-to-date: /home/fsz/workspace/robotsoftware/AUG/ros2_ws/install/substation_sim/share/substation_sim/launch/slam.launch.py
[0.057s] -- Up-to-date: /home/fsz/workspace/robotsoftware/AUG/ros2_ws/install/substation_sim/share/substation_sim/launch/slam_mapping.launch.py
[0.057s] -- Up-to-date: /home/fsz/workspace/robotsoftware/AUG/ros2_ws/install/substation_sim/share/substation_sim/launch/multi_spawn.launch.py
[0.057s] -- Up-to-date: /home/fsz/workspace/robotsoftware/AUG/ros2_ws/install/substation_sim/share/substation_sim/launch/road_collision_test.launch.py
[0.057s] -- Up-to-date: /home/fsz/workspace/robotsoftware/AUG/ros2_ws/install/substation_sim/share/substation_sim/launch/simulation.launch.py
[0.057s] -- Up-to-date: /home/fsz/workspace/robotsoftware/AUG/ros2_ws/install/substation_sim/share/substation_sim/launch/__pycache__
[0.058s] -- Up-to-date: /home/fsz/workspace/robotsoftware/AUG/ros2_ws/install/substation_sim/share/substation_sim/launch/__pycache__/simulation.launch.cpython-310.pyc
[0.058s] -- Up-to-date: /home/fsz/workspace/robotsoftware/AUG/ros2_ws/install/substation_sim/share/substation_sim/launch/__pycache__/road_collision_test.launch.cpython-310.pyc
[0.058s] -- Up-to-date: /home/fsz/workspace/robotsoftware/AUG/ros2_ws/install/substation_sim/share/substation_sim/worlds
[0.058s] -- Up-to-date: /home/fsz/workspace/robotsoftware/AUG/ros2_ws/install/substation_sim/share/substation_sim/worlds/substation.world
[0.058s] -- Up-to-date: /home/fsz/workspace/robotsoftware/AUG/ros2_ws/install/substation_sim/share/substation_sim/worlds/road_collision_test.world
[0.058s] -- Up-to-date: /home/fsz/workspace/robotsoftware/AUG/ros2_ws/install/substation_sim/share/substation_sim/urdf
[0.058s] -- Up-to-date: /home/fsz/workspace/robotsoftware/AUG/ros2_ws/install/substation_sim/share/substation_sim/urdf/robot.urdf.xacro
[0.058s] -- Up-to-date: /home/fsz/workspace/robotsoftware/AUG/ros2_ws/install/substation_sim/share/substation_sim/models
[0.058s] -- Up-to-date: /home/fsz/workspace/robotsoftware/AUG/ros2_ws/install/substation_sim/share/substation_sim/models/insulator_row
[0.058s] -- Up-to-date: /home/fsz/workspace/robotsoftware/AUG/ros2_ws/install/substation_sim/share/substation_sim/models/insulator_row/model.config
[0.058s] -- Up-to-date: /home/fsz/workspace/robotsoftware/AUG/ros2_ws/install/substation_sim/share/substation_sim/models/insulator_row/model.sdf
[0.059s] -- Up-to-date: /home/fsz/workspace/robotsoftware/AUG/ros2_ws/install/substation_sim/share/substation_sim/models/main_building
[0.059s] -- Up-to-date: /home/fsz/workspace/robotsoftware/AUG/ros2_ws/install/substation_sim/share/substation_sim/models/main_building/model.config
[0.059s] -- Up-to-date: /home/fsz/workspace/robotsoftware/AUG/ros2_ws/install/substation_sim/share/substation_sim/models/main_building/model.sdf
[0.059s] -- Up-to-date: /home/fsz/workspace/robotsoftware/AUG/ros2_ws/install/substation_sim/share/substation_sim/models/transformer
[0.059s] -- Up-to-date: /home/fsz/workspace/robotsoftware/AUG/ros2_ws/install/substation_sim/share/substation_sim/models/transformer/model.config
[0.059s] -- Up-to-date: /home/fsz/workspace/robotsoftware/AUG/ros2_ws/install/substation_sim/share/substation_sim/models/transformer/model.sdf
[0.059s] -- Up-to-date: /home/fsz/workspace/robotsoftware/AUG/ros2_ws/install/substation_sim/share/substation_sim/models/power_tower
[0.059s] -- Up-to-date: /home/fsz/workspace/robotsoftware/AUG/ros2_ws/install/substation_sim/share/substation_sim/models/power_tower/model.config
[0.059s] -- Up-to-date: /home/fsz/workspace/robotsoftware/AUG/ros2_ws/install/substation_sim/share/substation_sim/models/power_tower/model.sdf
[0.059s] -- Up-to-date: /home/fsz/workspace/robotsoftware/AUG/ros2_ws/install/substation_sim/share/substation_sim/maps
[0.059s] -- Up-to-date: /home/fsz/workspace/robotsoftware/AUG/ros2_ws/install/substation_sim/share/substation_sim/maps/.gitkeep
[0.059s] -- Up-to-date: /home/fsz/workspace/robotsoftware/AUG/ros2_ws/install/substation_sim/share/substation_sim/rviz
[0.059s] -- Up-to-date: /home/fsz/workspace/robotsoftware/AUG/ros2_ws/install/substation_sim/share/substation_sim/rviz/slam_mapping.rviz
[0.059s] -- Up-to-date: /home/fsz/workspace/robotsoftware/AUG/ros2_ws/install/substation_sim/share/substation_sim/scripts
[0.059s] -- Up-to-date: /home/fsz/workspace/robotsoftware/AUG/ros2_ws/install/substation_sim/share/substation_sim/scripts/inspection_node.py
[0.059s] -- Up-to-date: /home/fsz/workspace/robotsoftware/AUG/ros2_ws/install/substation_sim/share/substation_sim/config
[0.060s] -- Up-to-date: /home/fsz/workspace/robotsoftware/AUG/ros2_ws/install/substation_sim/share/substation_sim/config/nav2_params.yaml
[0.060s] -- Up-to-date: /home/fsz/workspace/robotsoftware/AUG/ros2_ws/install/substation_sim/share/substation_sim/config/cartographer_substation.lua
[0.060s] -- Up-to-date: /home/fsz/workspace/robotsoftware/AUG/ros2_ws/install/substation_sim/share/ament_index/resource_index/package_run_dependencies/substation_sim
[0.060s] -- Up-to-date: /home/fsz/workspace/robotsoftware/AUG/ros2_ws/install/substation_sim/share/ament_index/resource_index/parent_prefix_path/substation_sim
[0.060s] -- Up-to-date: /home/fsz/workspace/robotsoftware/AUG/ros2_ws/install/substation_sim/share/substation_sim/environment/ament_prefix_path.sh
[0.060s] -- Up-to-date: /home/fsz/workspace/robotsoftware/AUG/ros2_ws/install/substation_sim/share/substation_sim/environment/ament_prefix_path.dsv
[0.060s] -- Up-to-date: /home/fsz/workspace/robotsoftware/AUG/ros2_ws/install/substation_sim/share/substation_sim/environment/path.sh
[0.060s] -- Up-to-date: /home/fsz/workspace/robotsoftware/AUG/ros2_ws/install/substation_sim/share/substation_sim/environment/path.dsv
[0.060s] -- Up-to-date: /home/fsz/workspace/robotsoftware/AUG/ros2_ws/install/substation_sim/share/substation_sim/local_setup.bash
[0.060s] -- Up-to-date: /home/fsz/workspace/robotsoftware/AUG/ros2_ws/install/substation_sim/share/substation_sim/local_setup.sh
[0.060s] -- Up-to-date: /home/fsz/workspace/robotsoftware/AUG/ros2_ws/install/substation_sim/share/substation_sim/local_setup.zsh
[0.060s] -- Up-to-date: /home/fsz/workspace/robotsoftware/AUG/ros2_ws/install/substation_sim/share/substation_sim/local_setup.dsv
[0.060s] -- Installing: /home/fsz/workspace/robotsoftware/AUG/ros2_ws/install/substation_sim/share/substation_sim/package.dsv
[0.060s] -- Up-to-date: /home/fsz/workspace/robotsoftware/AUG/ros2_ws/install/substation_sim/share/ament_index/resource_index/packages/substation_sim
[0.060s] -- Up-to-date: /home/fsz/workspace/robotsoftware/AUG/ros2_ws/install/substation_sim/share/substation_sim/cmake/substation_simConfig.cmake
[0.060s] -- Up-to-date: /home/fsz/workspace/robotsoftware/AUG/ros2_ws/install/substation_sim/share/substation_sim/cmake/substation_simConfig-version.cmake
[0.060s] -- Up-to-date: /home/fsz/workspace/robotsoftware/AUG/ros2_ws/install/substation_sim/share/substation_sim/package.xml
[0.061s] Invoked command in '/home/fsz/workspace/robotsoftware/AUG/ros2_ws/build/substation_sim' returned '0': CMAKE_PREFIX_PATH=/opt/ros/humble /usr/bin/cmake --install /home/fsz/workspace/robotsoftware/AUG/ros2_ws/build/substation_sim
