-- Install configuration: ""
-- Up-to-date: /home/fsz/workspace/robotsoftware/AUG/ros2_ws/install/my_robot/share/my_robot/launch
-- Up-to-date: /home/fsz/workspace/robotsoftware/AUG/ros2_ws/install/my_robot/share/my_robot/launch/substation_combo.launch.py
-- Up-to-date: /home/fsz/workspace/robotsoftware/AUG/ros2_ws/install/my_robot/share/my_robot/launch/teleop_smooth.launch.py
-- Up-to-date: /home/fsz/workspace/robotsoftware/AUG/ros2_ws/install/my_robot/share/my_robot/launch/sim.launch.py
-- Up-to-date: /home/fsz/workspace/robotsoftware/AUG/ros2_ws/install/my_robot/share/my_robot/launch/sim_rviz.launch.py
-- Up-to-date: /home/fsz/workspace/robotsoftware/AUG/ros2_ws/install/my_robot/share/my_robot/urdf
-- Up-to-date: /home/fsz/workspace/robotsoftware/AUG/ros2_ws/install/my_robot/share/my_robot/urdf/nano.181427.save
-- Up-to-date: /home/fsz/workspace/robotsoftware/AUG/ros2_ws/install/my_robot/share/my_robot/urdf/diffbot.urdf.xacro
-- Up-to-date: /home/fsz/workspace/robotsoftware/AUG/ros2_ws/install/my_robot/share/my_robot/rviz
-- Up-to-date: /home/fsz/workspace/robotsoftware/AUG/ros2_ws/install/my_robot/share/my_robot/rviz/diffbot.rviz
-- Up-to-date: /home/fsz/workspace/robotsoftware/AUG/ros2_ws/install/my_robot/lib/my_robot/cmd_vel_repeater.py
-- Up-to-date: /home/fsz/workspace/robotsoftware/AUG/ros2_ws/install/my_robot/share/ament_index/resource_index/package_run_dependencies/my_robot
-- Up-to-date: /home/fsz/workspace/robotsoftware/AUG/ros2_ws/install/my_robot/share/ament_index/resource_index/parent_prefix_path/my_robot
-- Up-to-date: /home/fsz/workspace/robotsoftware/AUG/ros2_ws/install/my_robot/share/my_robot/environment/ament_prefix_path.sh
-- Up-to-date: /home/fsz/workspace/robotsoftware/AUG/ros2_ws/install/my_robot/share/my_robot/environment/ament_prefix_path.dsv
-- Up-to-date: /home/fsz/workspace/robotsoftware/AUG/ros2_ws/install/my_robot/share/my_robot/environment/path.sh
-- Up-to-date: /home/fsz/workspace/robotsoftware/AUG/ros2_ws/install/my_robot/share/my_robot/environment/path.dsv
-- Up-to-date: /home/fsz/workspace/robotsoftware/AUG/ros2_ws/install/my_robot/share/my_robot/local_setup.bash
-- Up-to-date: /home/fsz/workspace/robotsoftware/AUG/ros2_ws/install/my_robot/share/my_robot/local_setup.sh
-- Up-to-date: /home/fsz/workspace/robotsoftware/AUG/ros2_ws/install/my_robot/share/my_robot/local_setup.zsh
-- Up-to-date: /home/fsz/workspace/robotsoftware/AUG/ros2_ws/install/my_robot/share/my_robot/local_setup.dsv
-- Up-to-date: /home/fsz/workspace/robotsoftware/AUG/ros2_ws/install/my_robot/share/my_robot/package.dsv
-- Up-to-date: /home/fsz/workspace/robotsoftware/AUG/ros2_ws/install/my_robot/share/ament_index/resource_index/packages/my_robot
-- Up-to-date: /home/fsz/workspace/robotsoftware/AUG/ros2_ws/install/my_robot/share/my_robot/cmake/my_robotConfig.cmake
-- Up-to-date: /home/fsz/workspace/robotsoftware/AUG/ros2_ws/install/my_robot/share/my_robot/cmake/my_robotConfig-version.cmake
-- Up-to-date: /home/fsz/workspace/robotsoftware/AUG/ros2_ws/install/my_robot/share/my_robot/package.xml
